================================================================
== Design Size Report
================================================================

* Total Instructions per Compilation Phase
+---------------+-----------------------------+--------------+----------------------------------------------------------------------------------------+
| Phase         | Step                        | Instructions | Description                                                                            |
+---------------+-----------------------------+--------------+----------------------------------------------------------------------------------------+
| Compile/Link  |                             |  5,018       | After all functions are compiled and linked into a single design                       |
|               |                             |              |                                                                                        |
| Unroll/Inline |                             |              | After user unroll and inline pragmas are applied                                       |
|               | (1) unroll                  | 28,389       | user unroll pragmas are applied                                                        |
|               | (2) simplification          | 12,899       | simplification of applied user unroll pragmas                                          |
|               | (3) inline                  | 12,899       | user inline pragmas are applied                                                        |
|               | (4) simplification          | 12,899       | simplification of applied user inline pragmas                                          |
|               |                             |              |                                                                                        |
| Array/Struct  |                             |              | After user array partition and struct aggregate/disaggregate pragmas are applied       |
|               | (1) array partition         | 13,654       | user array partition pragmas are applied                                               |
|               | (2) simplification          | 13,062       | simplification of applied user array partition & struct aggregate/disaggregate pragmas |
|               | (3) aggregate/disaggregate  | 13,066       | user struct aggregate/disaggregate pragmas are applied                                 |
|               | (4) array reshape           | 13,302       | apply array reshape pragmas                                                            |
|               | (5) access patterns         |  9,208       | array access pattern optmizations                                                      |
|               |                             |              |                                                                                        |
| Performance   |                             |              | After transformations are applied to meet performance pragma targets                   |
|               | (1) loop simplification     |  9,207       | loop and instruction simplification                                                    |
|               | (2) parallelization         |  9,207       | loops are unrolled or pipelined to meet performance targets                            |
|               | (3) array partition         |  9,207       | arrays are partitioned to meet performance targets                                     |
|               | (4) simplification          |  9,207       | simplification of design after performance transformations                             |
|               |                             |              |                                                                                        |
| HW Transforms |                             |              | After hardware transfomations                                                          |
|               | (1) lowering                |  9,178       | initial conversion to HW specific instructions                                         |
|               | (2) optimizations           |  9,215       | high level synthesis optimizations                                                     |
+---------------+-----------------------------+--------------+----------------------------------------------------------------------------------------+

* Instructions per Function for each Compilation Phase
+--------------------+-------------------+-----------------+---------------+--------------+-------------+---------------+
| Function           | Location          | Compile/Link    | Unroll/Inline | Array/Struct | Performance | HW Transforms |
+--------------------+-------------------+-----------------+---------------+--------------+-------------+---------------+
| + pfb_multichannel | pfb_top.cpp:3     | 5,018           | 12,899        | 9,208        | 9,207       | 9,215         |
|    compute_pfb     | pfb_compute.cpp:3 | 4,088 (2 calls) |               |              |             |               |
|    read_inputs     | pfb_io.cpp:3      |  147            |               |              |             |               |
|    write_outputs   | pfb_io.cpp:23     |  734            |               |              |             |               |
+--------------------+-------------------+-----------------+---------------+--------------+-------------+---------------+

* Design Size Message Settings
+---------------------------------------------+--------+------------------------------------------------------------------+
| Message Setting                             | Value  | Description                                                      |
+---------------------------------------------+--------+------------------------------------------------------------------+
| config_compile -design_size_maximum_warning | 100000 | Show a warning when total design instructions exceeds this value |
+---------------------------------------------+--------+------------------------------------------------------------------+


