In file included from /home/brett/Documents/FX_Correlator/hls/hls_pfb/pfb_compute.cpp:1:
In file included from ./pfb.h:8:
/tools/Xilinx/Vitis_HLS/2023.2/common/technology/autopilot/hls_fft.h:97:77: warning: unused parameter 'data_type' [-Wunused-parameter]
      inline __attribute__((always_inline)) void checkBitWidth(ip_fft::type data_type = ip_fft::fixed_point)
                                                                            ^
/tools/Xilinx/Vitis_HLS/2023.2/common/technology/autopilot/hls_fft.h:121:66: warning: unused parameter 'cp_len_enable' [-Wunused-parameter]
      inline __attribute__((always_inline)) void checkCpLen(bool cp_len_enable)
                                                                 ^
/tools/Xilinx/Vitis_HLS/2023.2/common/technology/autopilot/hls_fft.h:134:68: warning: unused parameter 'scaling_opt' [-Wunused-parameter]
      inline __attribute__((always_inline)) void checkSch(unsigned scaling_opt)
                                                                   ^
/tools/Xilinx/Vitis_HLS/2023.2/common/technology/autopilot/hls_fft.h:311:71: warning: unused parameter 'scaling_opt' [-Wunused-parameter]
      inline __attribute__((always_inline)) void checkBlkExp(unsigned scaling_opt)
                                                                      ^
/tools/Xilinx/Vitis_HLS/2023.2/common/technology/autopilot/hls_fft.h:324:66: warning: unused parameter 'has_ovflo' [-Wunused-parameter]
      inline __attribute__((always_inline)) void checkOvflo(bool has_ovflo)
                                                                 ^
/tools/Xilinx/Vitis_HLS/2023.2/common/technology/autopilot/hls_fft.h:409:9: warning: HLS pragma dump _XLX_SEP_ PragmaIsValid=1_XLX_SEP_ PragmaType=stream_XLX_SEP_ PragmaContext=_XLX_SEP_ PragmaFunction=fft_core_XLX_SEP_ PragmaOptions=variable=xn_XLX_SEP_ [-Wdump-hls-pragmas]
#pragma HLS stream variable=xn
        ^
/tools/Xilinx/Vitis_HLS/2023.2/common/technology/autopilot/hls_fft.h:410:9: warning: HLS pragma dump _XLX_SEP_ PragmaIsValid=1_XLX_SEP_ PragmaType=stream_XLX_SEP_ PragmaContext=_XLX_SEP_ PragmaFunction=fft_core_XLX_SEP_ PragmaOptions=variable=xk_XLX_SEP_ [-Wdump-hls-pragmas]
#pragma HLS stream variable=xk
        ^
/tools/Xilinx/Vitis_HLS/2023.2/common/technology/autopilot/hls_fft.h:411:9: warning: HLS pragma dump _XLX_SEP_ PragmaIsValid=1_XLX_SEP_ PragmaType=inline_XLX_SEP_ PragmaContext=_XLX_SEP_ PragmaFunction=fft_core_XLX_SEP_ PragmaOptions=_XLX_SEP_ [-Wdump-hls-pragmas]
#pragma HLS inline
        ^
/tools/Xilinx/Vitis_HLS/2023.2/common/technology/autopilot/hls_fft.h:450:9: warning: HLS pragma dump _XLX_SEP_ PragmaIsValid=1_XLX_SEP_ PragmaType=unroll_XLX_SEP_ PragmaContext=_XLX_SEP_ PragmaFunction=fft_core_XLX_SEP_ PragmaOptions=_XLX_SEP_ [-Wdump-hls-pragmas]
#pragma HLS unroll
        ^
/tools/Xilinx/Vitis_HLS/2023.2/common/technology/autopilot/hls_fft.h:795:9: warning: HLS pragma dump _XLX_SEP_ PragmaIsValid=1_XLX_SEP_ PragmaType=inline_XLX_SEP_ PragmaContext=_XLX_SEP_ PragmaFunction=fft_core_XLX_SEP_ PragmaOptions=_XLX_SEP_ [-Wdump-hls-pragmas]
#pragma HLS inline
        ^
In file included from /home/brett/Documents/FX_Correlator/hls/hls_pfb/pfb_compute.cpp:1:
In file included from ./pfb.h:8:
In file included from /tools/Xilinx/Vitis_HLS/2023.2/common/technology/autopilot/hls_fft.h:866:
/tools/Xilinx/Vitis_HLS/2023.2/common/technology/autopilot/etc/hls_fft_x_complex.h:54:9: warning: HLS pragma dump _XLX_SEP_ PragmaIsValid=1_XLX_SEP_ PragmaType=inline_XLX_SEP_ PragmaContext=_XLX_SEP_ PragmaFunction=fft_core_XLX_SEP_ PragmaOptions=_XLX_SEP_ [-Wdump-hls-pragmas]
#pragma HLS inline
        ^
/tools/Xilinx/Vitis_HLS/2023.2/common/technology/autopilot/etc/hls_fft_x_complex.h:93:9: warning: HLS pragma dump _XLX_SEP_ PragmaIsValid=1_XLX_SEP_ PragmaType=unroll_XLX_SEP_ PragmaContext=_XLX_SEP_ PragmaFunction=fft_core_XLX_SEP_ PragmaOptions=_XLX_SEP_ [-Wdump-hls-pragmas]
#pragma HLS unroll
        ^
/tools/Xilinx/Vitis_HLS/2023.2/common/technology/autopilot/etc/hls_fft_x_complex.h:439:9: warning: HLS pragma dump _XLX_SEP_ PragmaIsValid=1_XLX_SEP_ PragmaType=inline_XLX_SEP_ PragmaContext=_XLX_SEP_ PragmaFunction=fft_core_XLX_SEP_ PragmaOptions=_XLX_SEP_ [-Wdump-hls-pragmas]
#pragma HLS inline
        ^
/tools/Xilinx/Vitis_HLS/2023.2/common/technology/autopilot/etc/hls_fft_x_complex.h:515:9: warning: HLS pragma dump _XLX_SEP_ PragmaIsValid=1_XLX_SEP_ PragmaType=inline_XLX_SEP_ PragmaContext=_XLX_SEP_ PragmaFunction=fft_syn_XLX_SEP_ PragmaOptions=off_XLX_SEP_ [-Wdump-hls-pragmas]
#pragma HLS inline off
        ^
/tools/Xilinx/Vitis_HLS/2023.2/common/technology/autopilot/etc/hls_fft_x_complex.h:517:9: warning: HLS pragma dump _XLX_SEP_ PragmaIsValid=1_XLX_SEP_ PragmaType=aggregate_XLX_SEP_ PragmaContext=_XLX_SEP_ PragmaFunction=fft_syn_XLX_SEP_ PragmaOptions=variable=xn_XLX_SEP_ [-Wdump-hls-pragmas]
#pragma HLS aggregate variable=xn
        ^
/tools/Xilinx/Vitis_HLS/2023.2/common/technology/autopilot/etc/hls_fft_x_complex.h:518:9: warning: HLS pragma dump _XLX_SEP_ PragmaIsValid=1_XLX_SEP_ PragmaType=aggregate_XLX_SEP_ PragmaContext=_XLX_SEP_ PragmaFunction=fft_syn_XLX_SEP_ PragmaOptions=variable=xk_XLX_SEP_ [-Wdump-hls-pragmas]
#pragma HLS aggregate variable=xk
        ^
/tools/Xilinx/Vitis_HLS/2023.2/common/technology/autopilot/etc/hls_fft_x_complex.h:520:9: warning: HLS pragma dump _XLX_SEP_ PragmaIsValid=1_XLX_SEP_ PragmaType=stream_XLX_SEP_ PragmaContext=_XLX_SEP_ PragmaFunction=fft_syn_XLX_SEP_ PragmaOptions=variable=xn_XLX_SEP_ [-Wdump-hls-pragmas]
#pragma HLS stream variable=xn
        ^
/tools/Xilinx/Vitis_HLS/2023.2/common/technology/autopilot/etc/hls_fft_x_complex.h:521:9: warning: HLS pragma dump _XLX_SEP_ PragmaIsValid=1_XLX_SEP_ PragmaType=stream_XLX_SEP_ PragmaContext=_XLX_SEP_ PragmaFunction=fft_syn_XLX_SEP_ PragmaOptions=variable=xk_XLX_SEP_ [-Wdump-hls-pragmas]
#pragma HLS stream variable=xk
        ^
/tools/Xilinx/Vitis_HLS/2023.2/common/technology/autopilot/etc/hls_fft_x_complex.h:580:9: warning: HLS pragma dump _XLX_SEP_ PragmaIsValid=1_XLX_SEP_ PragmaType=inline_XLX_SEP_ PragmaContext=_XLX_SEP_ PragmaFunction=fft_syn_XLX_SEP_ PragmaOptions=off_XLX_SEP_ [-Wdump-hls-pragmas]
#pragma HLS inline off
        ^
/tools/Xilinx/Vitis_HLS/2023.2/common/technology/autopilot/etc/hls_fft_x_complex.h:582:9: warning: HLS pragma dump _XLX_SEP_ PragmaIsValid=1_XLX_SEP_ PragmaType=aggregate_XLX_SEP_ PragmaContext=_XLX_SEP_ PragmaFunction=fft_syn_XLX_SEP_ PragmaOptions=variable=xn_XLX_SEP_ [-Wdump-hls-pragmas]
#pragma HLS aggregate variable=xn
        ^
/tools/Xilinx/Vitis_HLS/2023.2/common/technology/autopilot/etc/hls_fft_x_complex.h:583:9: warning: HLS pragma dump _XLX_SEP_ PragmaIsValid=1_XLX_SEP_ PragmaType=aggregate_XLX_SEP_ PragmaContext=_XLX_SEP_ PragmaFunction=fft_syn_XLX_SEP_ PragmaOptions=variable=xk_XLX_SEP_ [-Wdump-hls-pragmas]
#pragma HLS aggregate variable=xk
        ^
/tools/Xilinx/Vitis_HLS/2023.2/common/technology/autopilot/etc/hls_fft_x_complex.h:585:9: warning: HLS pragma dump _XLX_SEP_ PragmaIsValid=1_XLX_SEP_ PragmaType=stream_XLX_SEP_ PragmaContext=_XLX_SEP_ PragmaFunction=fft_syn_XLX_SEP_ PragmaOptions=variable=xn_XLX_SEP_ [-Wdump-hls-pragmas]
#pragma HLS stream variable=xn
        ^
/tools/Xilinx/Vitis_HLS/2023.2/common/technology/autopilot/etc/hls_fft_x_complex.h:586:9: warning: HLS pragma dump _XLX_SEP_ PragmaIsValid=1_XLX_SEP_ PragmaType=stream_XLX_SEP_ PragmaContext=_XLX_SEP_ PragmaFunction=fft_syn_XLX_SEP_ PragmaOptions=variable=xk_XLX_SEP_ [-Wdump-hls-pragmas]
#pragma HLS stream variable=xk
        ^
/tools/Xilinx/Vitis_HLS/2023.2/common/technology/autopilot/etc/hls_fft_x_complex.h:703:9: warning: HLS pragma dump _XLX_SEP_ PragmaIsValid=1_XLX_SEP_ PragmaType=dataflow_XLX_SEP_ PragmaContext=_XLX_SEP_ PragmaFunction=fft_XLX_SEP_ PragmaOptions=disable_start_propagation_XLX_SEP_ [-Wdump-hls-pragmas]
#pragma HLS dataflow disable_start_propagation
        ^
/tools/Xilinx/Vitis_HLS/2023.2/common/technology/autopilot/etc/hls_fft_x_complex.h:704:9: warning: HLS pragma dump _XLX_SEP_ PragmaIsValid=1_XLX_SEP_ PragmaType=interface_XLX_SEP_ PragmaContext=_XLX_SEP_ PragmaFunction=fft_XLX_SEP_ PragmaOptions=ap_ctrl_none port=return_XLX_SEP_ [-Wdump-hls-pragmas]
#pragma HLS interface ap_ctrl_none port=return
        ^
/tools/Xilinx/Vitis_HLS/2023.2/common/technology/autopilot/etc/hls_fft_x_complex.h:735:9: warning: HLS pragma dump _XLX_SEP_ PragmaIsValid=1_XLX_SEP_ PragmaType=inline_XLX_SEP_ PragmaContext=_XLX_SEP_ PragmaFunction=fft_XLX_SEP_ PragmaOptions=_XLX_SEP_ [-Wdump-hls-pragmas]
#pragma HLS inline
        ^
/tools/Xilinx/Vitis_HLS/2023.2/common/technology/autopilot/etc/hls_fft_x_complex.h:737:9: warning: HLS pragma dump _XLX_SEP_ PragmaIsValid=1_XLX_SEP_ PragmaType=stream_XLX_SEP_ PragmaContext=_XLX_SEP_ PragmaFunction=fft_XLX_SEP_ PragmaOptions=variable=xn_XLX_SEP_ [-Wdump-hls-pragmas]
#pragma HLS stream variable=xn
        ^
/tools/Xilinx/Vitis_HLS/2023.2/common/technology/autopilot/etc/hls_fft_x_complex.h:738:9: warning: HLS pragma dump _XLX_SEP_ PragmaIsValid=1_XLX_SEP_ PragmaType=stream_XLX_SEP_ PragmaContext=_XLX_SEP_ PragmaFunction=fft_XLX_SEP_ PragmaOptions=variable=xk_XLX_SEP_ [-Wdump-hls-pragmas]
#pragma HLS stream variable=xk
        ^
/tools/Xilinx/Vitis_HLS/2023.2/common/technology/autopilot/etc/hls_fft_x_complex.h:761:9: warning: HLS pragma dump _XLX_SEP_ PragmaIsValid=1_XLX_SEP_ PragmaType=inline_XLX_SEP_ PragmaContext=_XLX_SEP_ PragmaFunction=fft_XLX_SEP_ PragmaOptions=off_XLX_SEP_ [-Wdump-hls-pragmas]
#pragma HLS inline off
        ^
/tools/Xilinx/Vitis_HLS/2023.2/common/technology/autopilot/etc/hls_fft_x_complex.h:763:9: warning: HLS pragma dump _XLX_SEP_ PragmaIsValid=1_XLX_SEP_ PragmaType=stream_XLX_SEP_ PragmaContext=_XLX_SEP_ PragmaFunction=fft_XLX_SEP_ PragmaOptions=variable=xn_XLX_SEP_ [-Wdump-hls-pragmas]
#pragma HLS stream variable=xn
        ^
/tools/Xilinx/Vitis_HLS/2023.2/common/technology/autopilot/etc/hls_fft_x_complex.h:764:9: warning: HLS pragma dump _XLX_SEP_ PragmaIsValid=1_XLX_SEP_ PragmaType=stream_XLX_SEP_ PragmaContext=_XLX_SEP_ PragmaFunction=fft_XLX_SEP_ PragmaOptions=variable=xk_XLX_SEP_ [-Wdump-hls-pragmas]
#pragma HLS stream variable=xk
        ^
/tools/Xilinx/Vitis_HLS/2023.2/common/technology/autopilot/etc/hls_fft_x_complex.h:767:9: warning: HLS pragma dump _XLX_SEP_ PragmaIsValid=1_XLX_SEP_ PragmaType=array_reshape_XLX_SEP_ PragmaContext=_XLX_SEP_ PragmaFunction=fft_XLX_SEP_ PragmaOptions=dim=1 variable=xn_XLX_SEP_ [-Wdump-hls-pragmas]
#pragma HLS array_reshape dim=1 variable=xn
        ^
/tools/Xilinx/Vitis_HLS/2023.2/common/technology/autopilot/etc/hls_fft_x_complex.h:768:9: warning: HLS pragma dump _XLX_SEP_ PragmaIsValid=1_XLX_SEP_ PragmaType=array_reshape_XLX_SEP_ PragmaContext=_XLX_SEP_ PragmaFunction=fft_XLX_SEP_ PragmaOptions=dim=1 variable=xk_XLX_SEP_ [-Wdump-hls-pragmas]
#pragma HLS array_reshape dim=1 variable=xk
        ^
/tools/Xilinx/Vitis_HLS/2023.2/common/technology/autopilot/etc/hls_fft_x_complex.h:827:9: warning: HLS pragma dump _XLX_SEP_ PragmaIsValid=1_XLX_SEP_ PragmaType=inline_XLX_SEP_ PragmaContext=_XLX_SEP_ PragmaFunction=fft_syn_XLX_SEP_ PragmaOptions=off_XLX_SEP_ [-Wdump-hls-pragmas]
#pragma HLS inline off
        ^
/tools/Xilinx/Vitis_HLS/2023.2/common/technology/autopilot/etc/hls_fft_x_complex.h:829:9: warning: HLS pragma dump _XLX_SEP_ PragmaIsValid=1_XLX_SEP_ PragmaType=aggregate_XLX_SEP_ PragmaContext=_XLX_SEP_ PragmaFunction=fft_syn_XLX_SEP_ PragmaOptions=variable=xn_XLX_SEP_ [-Wdump-hls-pragmas]
#pragma HLS aggregate variable=xn
        ^
/tools/Xilinx/Vitis_HLS/2023.2/common/technology/autopilot/etc/hls_fft_x_complex.h:830:9: warning: HLS pragma dump _XLX_SEP_ PragmaIsValid=1_XLX_SEP_ PragmaType=aggregate_XLX_SEP_ PragmaContext=_XLX_SEP_ PragmaFunction=fft_syn_XLX_SEP_ PragmaOptions=variable=xk_XLX_SEP_ [-Wdump-hls-pragmas]
#pragma HLS aggregate variable=xk
        ^
/tools/Xilinx/Vitis_HLS/2023.2/common/technology/autopilot/etc/hls_fft_x_complex.h:832:9: warning: HLS pragma dump _XLX_SEP_ PragmaIsValid=1_XLX_SEP_ PragmaType=stream_XLX_SEP_ PragmaContext=_XLX_SEP_ PragmaFunction=fft_syn_XLX_SEP_ PragmaOptions=variable=xn_XLX_SEP_ [-Wdump-hls-pragmas]
#pragma HLS stream variable=xn
        ^
/tools/Xilinx/Vitis_HLS/2023.2/common/technology/autopilot/etc/hls_fft_x_complex.h:833:9: warning: HLS pragma dump _XLX_SEP_ PragmaIsValid=1_XLX_SEP_ PragmaType=stream_XLX_SEP_ PragmaContext=_XLX_SEP_ PragmaFunction=fft_syn_XLX_SEP_ PragmaOptions=variable=xk_XLX_SEP_ [-Wdump-hls-pragmas]
#pragma HLS stream variable=xk
        ^
/tools/Xilinx/Vitis_HLS/2023.2/common/technology/autopilot/etc/hls_fft_x_complex.h:883:9: warning: HLS pragma dump _XLX_SEP_ PragmaIsValid=1_XLX_SEP_ PragmaType=inline_XLX_SEP_ PragmaContext=_XLX_SEP_ PragmaFunction=fft_syn_XLX_SEP_ PragmaOptions=off_XLX_SEP_ [-Wdump-hls-pragmas]
#pragma HLS inline off
        ^
/tools/Xilinx/Vitis_HLS/2023.2/common/technology/autopilot/etc/hls_fft_x_complex.h:885:9: warning: HLS pragma dump _XLX_SEP_ PragmaIsValid=1_XLX_SEP_ PragmaType=aggregate_XLX_SEP_ PragmaContext=_XLX_SEP_ PragmaFunction=fft_syn_XLX_SEP_ PragmaOptions=variable=xn_XLX_SEP_ [-Wdump-hls-pragmas]
#pragma HLS aggregate variable=xn
        ^
/tools/Xilinx/Vitis_HLS/2023.2/common/technology/autopilot/etc/hls_fft_x_complex.h:886:9: warning: HLS pragma dump _XLX_SEP_ PragmaIsValid=1_XLX_SEP_ PragmaType=aggregate_XLX_SEP_ PragmaContext=_XLX_SEP_ PragmaFunction=fft_syn_XLX_SEP_ PragmaOptions=variable=xk_XLX_SEP_ [-Wdump-hls-pragmas]
#pragma HLS aggregate variable=xk
        ^
/tools/Xilinx/Vitis_HLS/2023.2/common/technology/autopilot/etc/hls_fft_x_complex.h:888:9: warning: HLS pragma dump _XLX_SEP_ PragmaIsValid=1_XLX_SEP_ PragmaType=stream_XLX_SEP_ PragmaContext=_XLX_SEP_ PragmaFunction=fft_syn_XLX_SEP_ PragmaOptions=variable=xn_XLX_SEP_ [-Wdump-hls-pragmas]
#pragma HLS stream variable=xn
        ^
/tools/Xilinx/Vitis_HLS/2023.2/common/technology/autopilot/etc/hls_fft_x_complex.h:889:9: warning: HLS pragma dump _XLX_SEP_ PragmaIsValid=1_XLX_SEP_ PragmaType=stream_XLX_SEP_ PragmaContext=_XLX_SEP_ PragmaFunction=fft_syn_XLX_SEP_ PragmaOptions=variable=xk_XLX_SEP_ [-Wdump-hls-pragmas]
#pragma HLS stream variable=xk
        ^
/tools/Xilinx/Vitis_HLS/2023.2/common/technology/autopilot/etc/hls_fft_x_complex.h:958:9: warning: HLS pragma dump _XLX_SEP_ PragmaIsValid=1_XLX_SEP_ PragmaType=dataflow_XLX_SEP_ PragmaContext=_XLX_SEP_ PragmaFunction=fft_XLX_SEP_ PragmaOptions=disable_start_propagation_XLX_SEP_ [-Wdump-hls-pragmas]
#pragma HLS dataflow disable_start_propagation
        ^
/tools/Xilinx/Vitis_HLS/2023.2/common/technology/autopilot/etc/hls_fft_x_complex.h:959:9: warning: HLS pragma dump _XLX_SEP_ PragmaIsValid=1_XLX_SEP_ PragmaType=interface_XLX_SEP_ PragmaContext=_XLX_SEP_ PragmaFunction=fft_XLX_SEP_ PragmaOptions=ap_ctrl_none port=return_XLX_SEP_ [-Wdump-hls-pragmas]
#pragma HLS interface ap_ctrl_none port=return
        ^
/tools/Xilinx/Vitis_HLS/2023.2/common/technology/autopilot/etc/hls_fft_x_complex.h:986:9: warning: HLS pragma dump _XLX_SEP_ PragmaIsValid=1_XLX_SEP_ PragmaType=inline_XLX_SEP_ PragmaContext=_XLX_SEP_ PragmaFunction=fft_XLX_SEP_ PragmaOptions=_XLX_SEP_ [-Wdump-hls-pragmas]
#pragma HLS inline
        ^
/tools/Xilinx/Vitis_HLS/2023.2/common/technology/autopilot/etc/hls_fft_x_complex.h:988:9: warning: HLS pragma dump _XLX_SEP_ PragmaIsValid=1_XLX_SEP_ PragmaType=stream_XLX_SEP_ PragmaContext=_XLX_SEP_ PragmaFunction=fft_XLX_SEP_ PragmaOptions=variable=xn_XLX_SEP_ [-Wdump-hls-pragmas]
#pragma HLS stream variable=xn
        ^
/tools/Xilinx/Vitis_HLS/2023.2/common/technology/autopilot/etc/hls_fft_x_complex.h:989:9: warning: HLS pragma dump _XLX_SEP_ PragmaIsValid=1_XLX_SEP_ PragmaType=stream_XLX_SEP_ PragmaContext=_XLX_SEP_ PragmaFunction=fft_XLX_SEP_ PragmaOptions=variable=xk_XLX_SEP_ [-Wdump-hls-pragmas]
#pragma HLS stream variable=xk
        ^
/tools/Xilinx/Vitis_HLS/2023.2/common/technology/autopilot/etc/hls_fft_x_complex.h:1012:9: warning: HLS pragma dump _XLX_SEP_ PragmaIsValid=1_XLX_SEP_ PragmaType=inline_XLX_SEP_ PragmaContext=_XLX_SEP_ PragmaFunction=fft_XLX_SEP_ PragmaOptions=off_XLX_SEP_ [-Wdump-hls-pragmas]
#pragma HLS inline off
        ^
/tools/Xilinx/Vitis_HLS/2023.2/common/technology/autopilot/etc/hls_fft_x_complex.h:1014:9: warning: HLS pragma dump _XLX_SEP_ PragmaIsValid=1_XLX_SEP_ PragmaType=stream_XLX_SEP_ PragmaContext=_XLX_SEP_ PragmaFunction=fft_XLX_SEP_ PragmaOptions=variable=xn_XLX_SEP_ [-Wdump-hls-pragmas]
#pragma HLS stream variable=xn
        ^
/tools/Xilinx/Vitis_HLS/2023.2/common/technology/autopilot/etc/hls_fft_x_complex.h:1015:9: warning: HLS pragma dump _XLX_SEP_ PragmaIsValid=1_XLX_SEP_ PragmaType=stream_XLX_SEP_ PragmaContext=_XLX_SEP_ PragmaFunction=fft_XLX_SEP_ PragmaOptions=variable=xk_XLX_SEP_ [-Wdump-hls-pragmas]
#pragma HLS stream variable=xk
        ^
/tools/Xilinx/Vitis_HLS/2023.2/common/technology/autopilot/etc/hls_fft_x_complex.h:1041:9: warning: HLS pragma dump _XLX_SEP_ PragmaIsValid=1_XLX_SEP_ PragmaType=inline_XLX_SEP_ PragmaContext=_XLX_SEP_ PragmaFunction=fft_XLX_SEP_ PragmaOptions=off_XLX_SEP_ [-Wdump-hls-pragmas]
#pragma HLS inline off
        ^
/tools/Xilinx/Vitis_HLS/2023.2/common/technology/autopilot/etc/hls_fft_x_complex.h:1043:9: warning: HLS pragma dump _XLX_SEP_ PragmaIsValid=1_XLX_SEP_ PragmaType=stream_XLX_SEP_ PragmaContext=_XLX_SEP_ PragmaFunction=fft_XLX_SEP_ PragmaOptions=variable=xn_XLX_SEP_ [-Wdump-hls-pragmas]
#pragma HLS stream variable=xn
        ^
/tools/Xilinx/Vitis_HLS/2023.2/common/technology/autopilot/etc/hls_fft_x_complex.h:1044:9: warning: HLS pragma dump _XLX_SEP_ PragmaIsValid=1_XLX_SEP_ PragmaType=stream_XLX_SEP_ PragmaContext=_XLX_SEP_ PragmaFunction=fft_XLX_SEP_ PragmaOptions=variable=xk_XLX_SEP_ [-Wdump-hls-pragmas]
#pragma HLS stream variable=xk
        ^
/tools/Xilinx/Vitis_HLS/2023.2/common/technology/autopilot/etc/hls_fft_x_complex.h:1047:9: warning: HLS pragma dump _XLX_SEP_ PragmaIsValid=1_XLX_SEP_ PragmaType=array_reshape_XLX_SEP_ PragmaContext=_XLX_SEP_ PragmaFunction=fft_XLX_SEP_ PragmaOptions=dim=1 variable=xn_XLX_SEP_ [-Wdump-hls-pragmas]
#pragma HLS array_reshape dim=1 variable=xn
        ^
/tools/Xilinx/Vitis_HLS/2023.2/common/technology/autopilot/etc/hls_fft_x_complex.h:1048:9: warning: HLS pragma dump _XLX_SEP_ PragmaIsValid=1_XLX_SEP_ PragmaType=array_reshape_XLX_SEP_ PragmaContext=_XLX_SEP_ PragmaFunction=fft_XLX_SEP_ PragmaOptions=dim=1 variable=xk_XLX_SEP_ [-Wdump-hls-pragmas]
#pragma HLS array_reshape dim=1 variable=xk
        ^
/tools/Xilinx/Vitis_HLS/2023.2/common/technology/autopilot/etc/hls_fft_x_complex.h:1073:9: warning: HLS pragma dump _XLX_SEP_ PragmaIsValid=1_XLX_SEP_ PragmaType=inline_XLX_SEP_ PragmaContext=_XLX_SEP_ PragmaFunction=fft_XLX_SEP_ PragmaOptions=off_XLX_SEP_ [-Wdump-hls-pragmas]
#pragma HLS inline off
        ^
/tools/Xilinx/Vitis_HLS/2023.2/common/technology/autopilot/etc/hls_fft_x_complex.h:1075:9: warning: HLS pragma dump _XLX_SEP_ PragmaIsValid=1_XLX_SEP_ PragmaType=stream_XLX_SEP_ PragmaContext=_XLX_SEP_ PragmaFunction=fft_XLX_SEP_ PragmaOptions=variable=xn_XLX_SEP_ [-Wdump-hls-pragmas]
#pragma HLS stream variable=xn
        ^
/tools/Xilinx/Vitis_HLS/2023.2/common/technology/autopilot/etc/hls_fft_x_complex.h:1076:9: warning: HLS pragma dump _XLX_SEP_ PragmaIsValid=1_XLX_SEP_ PragmaType=stream_XLX_SEP_ PragmaContext=_XLX_SEP_ PragmaFunction=fft_XLX_SEP_ PragmaOptions=variable=xk_XLX_SEP_ [-Wdump-hls-pragmas]
#pragma HLS stream variable=xk
        ^
/home/brett/Documents/FX_Correlator/hls/hls_pfb/pfb_compute.cpp:9:9: warning: HLS pragma dump _XLX_SEP_ PragmaIsValid=1_XLX_SEP_ PragmaType=inline_XLX_SEP_ PragmaContext=_XLX_SEP_ PragmaFunction=compute_pfb_XLX_SEP_ PragmaOptions=_XLX_SEP_ [-Wdump-hls-pragmas]
#pragma HLS INLINE
        ^
/home/brett/Documents/FX_Correlator/hls/hls_pfb/pfb_compute.cpp:13:9: warning: HLS pragma dump _XLX_SEP_ PragmaIsValid=1_XLX_SEP_ PragmaType=array_partition_XLX_SEP_ PragmaContext=_XLX_SEP_ PragmaFunction=compute_pfb_XLX_SEP_ PragmaOptions=variable=branch_memory complete dim=1_XLX_SEP_ [-Wdump-hls-pragmas]
#pragma HLS ARRAY_PARTITION variable=branch_memory complete dim=1
        ^
/home/brett/Documents/FX_Correlator/hls/hls_pfb/pfb_compute.cpp:14:9: warning: HLS pragma dump _XLX_SEP_ PragmaIsValid=1_XLX_SEP_ PragmaType=array_partition_XLX_SEP_ PragmaContext=_XLX_SEP_ PragmaFunction=compute_pfb_XLX_SEP_ PragmaOptions=variable=branch_memory complete dim=2_XLX_SEP_ [-Wdump-hls-pragmas]
#pragma HLS ARRAY_PARTITION variable=branch_memory complete dim=2
        ^
/home/brett/Documents/FX_Correlator/hls/hls_pfb/pfb_compute.cpp:15:9: warning: HLS pragma dump _XLX_SEP_ PragmaIsValid=1_XLX_SEP_ PragmaType=bind_storage_XLX_SEP_ PragmaContext=_XLX_SEP_ PragmaFunction=compute_pfb_XLX_SEP_ PragmaOptions=variable=branch_memory type=RAM_1P impl=BRAM_XLX_SEP_ [-Wdump-hls-pragmas]
#pragma HLS BIND_STORAGE variable=branch_memory type=RAM_1P impl=BRAM
        ^
/home/brett/Documents/FX_Correlator/hls/hls_pfb/pfb_compute.cpp:22:9: warning: HLS pragma dump _XLX_SEP_ PragmaIsValid=1_XLX_SEP_ PragmaType=array_partition_XLX_SEP_ PragmaContext=_XLX_SEP_ PragmaFunction=compute_pfb_XLX_SEP_ PragmaOptions=variable=local_coeffs complete dim=1_XLX_SEP_ [-Wdump-hls-pragmas]
#pragma HLS ARRAY_PARTITION variable=local_coeffs complete dim=1
        ^
/home/brett/Documents/FX_Correlator/hls/hls_pfb/pfb_compute.cpp:43:9: warning: HLS pragma dump _XLX_SEP_ PragmaIsValid=1_XLX_SEP_ PragmaType=unroll_XLX_SEP_ PragmaContext=_XLX_SEP_ PragmaFunction=compute_pfb_XLX_SEP_ PragmaOptions=_XLX_SEP_ [-Wdump-hls-pragmas]
#pragma HLS UNROLL
        ^
/home/brett/Documents/FX_Correlator/hls/hls_pfb/pfb_compute.cpp:54:9: warning: HLS pragma dump _XLX_SEP_ PragmaIsValid=1_XLX_SEP_ PragmaType=unroll_XLX_SEP_ PragmaContext=_XLX_SEP_ PragmaFunction=compute_pfb_XLX_SEP_ PragmaOptions=_XLX_SEP_ [-Wdump-hls-pragmas]
#pragma HLS UNROLL
        ^
66 warnings generated.
