In file included from /home/brett/Documents/FX_Correlator/hls/hls_pfb/pfb_top.cpp:1:
In file included from ./pfb.h:8:
/tools/Xilinx/Vitis_HLS/2023.2/common/technology/autopilot/hls_fft.h:97:77: warning: unused parameter 'data_type' [-Wunused-parameter]
      inline __attribute__((always_inline)) void checkBitWidth(ip_fft::type data_type = ip_fft::fixed_point)
                                                                            ^
/tools/Xilinx/Vitis_HLS/2023.2/common/technology/autopilot/hls_fft.h:121:66: warning: unused parameter 'cp_len_enable' [-Wunused-parameter]
      inline __attribute__((always_inline)) void checkCpLen(bool cp_len_enable)
                                                                 ^
/tools/Xilinx/Vitis_HLS/2023.2/common/technology/autopilot/hls_fft.h:134:68: warning: unused parameter 'scaling_opt' [-Wunused-parameter]
      inline __attribute__((always_inline)) void checkSch(unsigned scaling_opt)
                                                                   ^
/tools/Xilinx/Vitis_HLS/2023.2/common/technology/autopilot/hls_fft.h:311:71: warning: unused parameter 'scaling_opt' [-Wunused-parameter]
      inline __attribute__((always_inline)) void checkBlkExp(unsigned scaling_opt)
                                                                      ^
/tools/Xilinx/Vitis_HLS/2023.2/common/technology/autopilot/hls_fft.h:324:66: warning: unused parameter 'has_ovflo' [-Wunused-parameter]
      inline __attribute__((always_inline)) void checkOvflo(bool has_ovflo)
                                                                 ^
/tools/Xilinx/Vitis_HLS/2023.2/common/technology/autopilot/hls_fft.h:409:9: warning: HLS pragma dump _XLX_SEP_ PragmaIsValid=1_XLX_SEP_ PragmaType=stream_XLX_SEP_ PragmaContext=_XLX_SEP_ PragmaFunction=fft_core_XLX_SEP_ PragmaOptions=variable=xn_XLX_SEP_ [-Wdump-hls-pragmas]
#pragma HLS stream variable=xn
        ^
/tools/Xilinx/Vitis_HLS/2023.2/common/technology/autopilot/hls_fft.h:410:9: warning: HLS pragma dump _XLX_SEP_ PragmaIsValid=1_XLX_SEP_ PragmaType=stream_XLX_SEP_ PragmaContext=_XLX_SEP_ PragmaFunction=fft_core_XLX_SEP_ PragmaOptions=variable=xk_XLX_SEP_ [-Wdump-hls-pragmas]
#pragma HLS stream variable=xk
        ^
/tools/Xilinx/Vitis_HLS/2023.2/common/technology/autopilot/hls_fft.h:411:9: warning: HLS pragma dump _XLX_SEP_ PragmaIsValid=1_XLX_SEP_ PragmaType=inline_XLX_SEP_ PragmaContext=_XLX_SEP_ PragmaFunction=fft_core_XLX_SEP_ PragmaOptions=_XLX_SEP_ [-Wdump-hls-pragmas]
#pragma HLS inline
        ^
/tools/Xilinx/Vitis_HLS/2023.2/common/technology/autopilot/hls_fft.h:450:9: warning: HLS pragma dump _XLX_SEP_ PragmaIsValid=1_XLX_SEP_ PragmaType=unroll_XLX_SEP_ PragmaContext=_XLX_SEP_ PragmaFunction=fft_core_XLX_SEP_ PragmaOptions=_XLX_SEP_ [-Wdump-hls-pragmas]
#pragma HLS unroll
        ^
/tools/Xilinx/Vitis_HLS/2023.2/common/technology/autopilot/hls_fft.h:795:9: warning: HLS pragma dump _XLX_SEP_ PragmaIsValid=1_XLX_SEP_ PragmaType=inline_XLX_SEP_ PragmaContext=_XLX_SEP_ PragmaFunction=fft_core_XLX_SEP_ PragmaOptions=_XLX_SEP_ [-Wdump-hls-pragmas]
#pragma HLS inline
        ^
In file included from /home/brett/Documents/FX_Correlator/hls/hls_pfb/pfb_top.cpp:1:
In file included from ./pfb.h:8:
In file included from /tools/Xilinx/Vitis_HLS/2023.2/common/technology/autopilot/hls_fft.h:866:
/tools/Xilinx/Vitis_HLS/2023.2/common/technology/autopilot/etc/hls_fft_x_complex.h:54:9: warning: HLS pragma dump _XLX_SEP_ PragmaIsValid=1_XLX_SEP_ PragmaType=inline_XLX_SEP_ PragmaContext=_XLX_SEP_ PragmaFunction=fft_core_XLX_SEP_ PragmaOptions=_XLX_SEP_ [-Wdump-hls-pragmas]
#pragma HLS inline
        ^
/tools/Xilinx/Vitis_HLS/2023.2/common/technology/autopilot/etc/hls_fft_x_complex.h:93:9: warning: HLS pragma dump _XLX_SEP_ PragmaIsValid=1_XLX_SEP_ PragmaType=unroll_XLX_SEP_ PragmaContext=_XLX_SEP_ PragmaFunction=fft_core_XLX_SEP_ PragmaOptions=_XLX_SEP_ [-Wdump-hls-pragmas]
#pragma HLS unroll
        ^
/tools/Xilinx/Vitis_HLS/2023.2/common/technology/autopilot/etc/hls_fft_x_complex.h:439:9: warning: HLS pragma dump _XLX_SEP_ PragmaIsValid=1_XLX_SEP_ PragmaType=inline_XLX_SEP_ PragmaContext=_XLX_SEP_ PragmaFunction=fft_core_XLX_SEP_ PragmaOptions=_XLX_SEP_ [-Wdump-hls-pragmas]
#pragma HLS inline
        ^
/tools/Xilinx/Vitis_HLS/2023.2/common/technology/autopilot/etc/hls_fft_x_complex.h:515:9: warning: HLS pragma dump _XLX_SEP_ PragmaIsValid=1_XLX_SEP_ PragmaType=inline_XLX_SEP_ PragmaContext=_XLX_SEP_ PragmaFunction=fft_syn_XLX_SEP_ PragmaOptions=off_XLX_SEP_ [-Wdump-hls-pragmas]
#pragma HLS inline off
        ^
/tools/Xilinx/Vitis_HLS/2023.2/common/technology/autopilot/etc/hls_fft_x_complex.h:517:9: warning: HLS pragma dump _XLX_SEP_ PragmaIsValid=1_XLX_SEP_ PragmaType=aggregate_XLX_SEP_ PragmaContext=_XLX_SEP_ PragmaFunction=fft_syn_XLX_SEP_ PragmaOptions=variable=xn_XLX_SEP_ [-Wdump-hls-pragmas]
#pragma HLS aggregate variable=xn
        ^
/tools/Xilinx/Vitis_HLS/2023.2/common/technology/autopilot/etc/hls_fft_x_complex.h:518:9: warning: HLS pragma dump _XLX_SEP_ PragmaIsValid=1_XLX_SEP_ PragmaType=aggregate_XLX_SEP_ PragmaContext=_XLX_SEP_ PragmaFunction=fft_syn_XLX_SEP_ PragmaOptions=variable=xk_XLX_SEP_ [-Wdump-hls-pragmas]
#pragma HLS aggregate variable=xk
        ^
/tools/Xilinx/Vitis_HLS/2023.2/common/technology/autopilot/etc/hls_fft_x_complex.h:520:9: warning: HLS pragma dump _XLX_SEP_ PragmaIsValid=1_XLX_SEP_ PragmaType=stream_XLX_SEP_ PragmaContext=_XLX_SEP_ PragmaFunction=fft_syn_XLX_SEP_ PragmaOptions=variable=xn_XLX_SEP_ [-Wdump-hls-pragmas]
#pragma HLS stream variable=xn
        ^
/tools/Xilinx/Vitis_HLS/2023.2/common/technology/autopilot/etc/hls_fft_x_complex.h:521:9: warning: HLS pragma dump _XLX_SEP_ PragmaIsValid=1_XLX_SEP_ PragmaType=stream_XLX_SEP_ PragmaContext=_XLX_SEP_ PragmaFunction=fft_syn_XLX_SEP_ PragmaOptions=variable=xk_XLX_SEP_ [-Wdump-hls-pragmas]
#pragma HLS stream variable=xk
        ^
/tools/Xilinx/Vitis_HLS/2023.2/common/technology/autopilot/etc/hls_fft_x_complex.h:580:9: warning: HLS pragma dump _XLX_SEP_ PragmaIsValid=1_XLX_SEP_ PragmaType=inline_XLX_SEP_ PragmaContext=_XLX_SEP_ PragmaFunction=fft_syn_XLX_SEP_ PragmaOptions=off_XLX_SEP_ [-Wdump-hls-pragmas]
#pragma HLS inline off
        ^
/tools/Xilinx/Vitis_HLS/2023.2/common/technology/autopilot/etc/hls_fft_x_complex.h:582:9: warning: HLS pragma dump _XLX_SEP_ PragmaIsValid=1_XLX_SEP_ PragmaType=aggregate_XLX_SEP_ PragmaContext=_XLX_SEP_ PragmaFunction=fft_syn_XLX_SEP_ PragmaOptions=variable=xn_XLX_SEP_ [-Wdump-hls-pragmas]
#pragma HLS aggregate variable=xn
        ^
/tools/Xilinx/Vitis_HLS/2023.2/common/technology/autopilot/etc/hls_fft_x_complex.h:583:9: warning: HLS pragma dump _XLX_SEP_ PragmaIsValid=1_XLX_SEP_ PragmaType=aggregate_XLX_SEP_ PragmaContext=_XLX_SEP_ PragmaFunction=fft_syn_XLX_SEP_ PragmaOptions=variable=xk_XLX_SEP_ [-Wdump-hls-pragmas]
#pragma HLS aggregate variable=xk
        ^
/tools/Xilinx/Vitis_HLS/2023.2/common/technology/autopilot/etc/hls_fft_x_complex.h:585:9: warning: HLS pragma dump _XLX_SEP_ PragmaIsValid=1_XLX_SEP_ PragmaType=stream_XLX_SEP_ PragmaContext=_XLX_SEP_ PragmaFunction=fft_syn_XLX_SEP_ PragmaOptions=variable=xn_XLX_SEP_ [-Wdump-hls-pragmas]
#pragma HLS stream variable=xn
        ^
/tools/Xilinx/Vitis_HLS/2023.2/common/technology/autopilot/etc/hls_fft_x_complex.h:586:9: warning: HLS pragma dump _XLX_SEP_ PragmaIsValid=1_XLX_SEP_ PragmaType=stream_XLX_SEP_ PragmaContext=_XLX_SEP_ PragmaFunction=fft_syn_XLX_SEP_ PragmaOptions=variable=xk_XLX_SEP_ [-Wdump-hls-pragmas]
#pragma HLS stream variable=xk
        ^
/tools/Xilinx/Vitis_HLS/2023.2/common/technology/autopilot/etc/hls_fft_x_complex.h:703:9: warning: HLS pragma dump _XLX_SEP_ PragmaIsValid=1_XLX_SEP_ PragmaType=dataflow_XLX_SEP_ PragmaContext=_XLX_SEP_ PragmaFunction=fft_XLX_SEP_ PragmaOptions=disable_start_propagation_XLX_SEP_ [-Wdump-hls-pragmas]
#pragma HLS dataflow disable_start_propagation
        ^
/tools/Xilinx/Vitis_HLS/2023.2/common/technology/autopilot/etc/hls_fft_x_complex.h:704:9: warning: HLS pragma dump _XLX_SEP_ PragmaIsValid=1_XLX_SEP_ PragmaType=interface_XLX_SEP_ PragmaContext=_XLX_SEP_ PragmaFunction=fft_XLX_SEP_ PragmaOptions=ap_ctrl_none port=return_XLX_SEP_ [-Wdump-hls-pragmas]
#pragma HLS interface ap_ctrl_none port=return
        ^
/tools/Xilinx/Vitis_HLS/2023.2/common/technology/autopilot/etc/hls_fft_x_complex.h:735:9: warning: HLS pragma dump _XLX_SEP_ PragmaIsValid=1_XLX_SEP_ PragmaType=inline_XLX_SEP_ PragmaContext=_XLX_SEP_ PragmaFunction=fft_XLX_SEP_ PragmaOptions=_XLX_SEP_ [-Wdump-hls-pragmas]
#pragma HLS inline
        ^
/tools/Xilinx/Vitis_HLS/2023.2/common/technology/autopilot/etc/hls_fft_x_complex.h:737:9: warning: HLS pragma dump _XLX_SEP_ PragmaIsValid=1_XLX_SEP_ PragmaType=stream_XLX_SEP_ PragmaContext=_XLX_SEP_ PragmaFunction=fft_XLX_SEP_ PragmaOptions=variable=xn_XLX_SEP_ [-Wdump-hls-pragmas]
#pragma HLS stream variable=xn
        ^
/tools/Xilinx/Vitis_HLS/2023.2/common/technology/autopilot/etc/hls_fft_x_complex.h:738:9: warning: HLS pragma dump _XLX_SEP_ PragmaIsValid=1_XLX_SEP_ PragmaType=stream_XLX_SEP_ PragmaContext=_XLX_SEP_ PragmaFunction=fft_XLX_SEP_ PragmaOptions=variable=xk_XLX_SEP_ [-Wdump-hls-pragmas]
#pragma HLS stream variable=xk
        ^
/tools/Xilinx/Vitis_HLS/2023.2/common/technology/autopilot/etc/hls_fft_x_complex.h:761:9: warning: HLS pragma dump _XLX_SEP_ PragmaIsValid=1_XLX_SEP_ PragmaType=inline_XLX_SEP_ PragmaContext=_XLX_SEP_ PragmaFunction=fft_XLX_SEP_ PragmaOptions=off_XLX_SEP_ [-Wdump-hls-pragmas]
#pragma HLS inline off
        ^
/tools/Xilinx/Vitis_HLS/2023.2/common/technology/autopilot/etc/hls_fft_x_complex.h:763:9: warning: HLS pragma dump _XLX_SEP_ PragmaIsValid=1_XLX_SEP_ PragmaType=stream_XLX_SEP_ PragmaContext=_XLX_SEP_ PragmaFunction=fft_XLX_SEP_ PragmaOptions=variable=xn_XLX_SEP_ [-Wdump-hls-pragmas]
#pragma HLS stream variable=xn
        ^
/tools/Xilinx/Vitis_HLS/2023.2/common/technology/autopilot/etc/hls_fft_x_complex.h:764:9: warning: HLS pragma dump _XLX_SEP_ PragmaIsValid=1_XLX_SEP_ PragmaType=stream_XLX_SEP_ PragmaContext=_XLX_SEP_ PragmaFunction=fft_XLX_SEP_ PragmaOptions=variable=xk_XLX_SEP_ [-Wdump-hls-pragmas]
#pragma HLS stream variable=xk
        ^
/tools/Xilinx/Vitis_HLS/2023.2/common/technology/autopilot/etc/hls_fft_x_complex.h:767:9: warning: HLS pragma dump _XLX_SEP_ PragmaIsValid=1_XLX_SEP_ PragmaType=array_reshape_XLX_SEP_ PragmaContext=_XLX_SEP_ PragmaFunction=fft_XLX_SEP_ PragmaOptions=dim=1 variable=xn_XLX_SEP_ [-Wdump-hls-pragmas]
#pragma HLS array_reshape dim=1 variable=xn
        ^
/tools/Xilinx/Vitis_HLS/2023.2/common/technology/autopilot/etc/hls_fft_x_complex.h:768:9: warning: HLS pragma dump _XLX_SEP_ PragmaIsValid=1_XLX_SEP_ PragmaType=array_reshape_XLX_SEP_ PragmaContext=_XLX_SEP_ PragmaFunction=fft_XLX_SEP_ PragmaOptions=dim=1 variable=xk_XLX_SEP_ [-Wdump-hls-pragmas]
#pragma HLS array_reshape dim=1 variable=xk
        ^
/tools/Xilinx/Vitis_HLS/2023.2/common/technology/autopilot/etc/hls_fft_x_complex.h:827:9: warning: HLS pragma dump _XLX_SEP_ PragmaIsValid=1_XLX_SEP_ PragmaType=inline_XLX_SEP_ PragmaContext=_XLX_SEP_ PragmaFunction=fft_syn_XLX_SEP_ PragmaOptions=off_XLX_SEP_ [-Wdump-hls-pragmas]
#pragma HLS inline off
        ^
/tools/Xilinx/Vitis_HLS/2023.2/common/technology/autopilot/etc/hls_fft_x_complex.h:829:9: warning: HLS pragma dump _XLX_SEP_ PragmaIsValid=1_XLX_SEP_ PragmaType=aggregate_XLX_SEP_ PragmaContext=_XLX_SEP_ PragmaFunction=fft_syn_XLX_SEP_ PragmaOptions=variable=xn_XLX_SEP_ [-Wdump-hls-pragmas]
#pragma HLS aggregate variable=xn
        ^
/tools/Xilinx/Vitis_HLS/2023.2/common/technology/autopilot/etc/hls_fft_x_complex.h:830:9: warning: HLS pragma dump _XLX_SEP_ PragmaIsValid=1_XLX_SEP_ PragmaType=aggregate_XLX_SEP_ PragmaContext=_XLX_SEP_ PragmaFunction=fft_syn_XLX_SEP_ PragmaOptions=variable=xk_XLX_SEP_ [-Wdump-hls-pragmas]
#pragma HLS aggregate variable=xk
        ^
/tools/Xilinx/Vitis_HLS/2023.2/common/technology/autopilot/etc/hls_fft_x_complex.h:832:9: warning: HLS pragma dump _XLX_SEP_ PragmaIsValid=1_XLX_SEP_ PragmaType=stream_XLX_SEP_ PragmaContext=_XLX_SEP_ PragmaFunction=fft_syn_XLX_SEP_ PragmaOptions=variable=xn_XLX_SEP_ [-Wdump-hls-pragmas]
#pragma HLS stream variable=xn
        ^
/tools/Xilinx/Vitis_HLS/2023.2/common/technology/autopilot/etc/hls_fft_x_complex.h:833:9: warning: HLS pragma dump _XLX_SEP_ PragmaIsValid=1_XLX_SEP_ PragmaType=stream_XLX_SEP_ PragmaContext=_XLX_SEP_ PragmaFunction=fft_syn_XLX_SEP_ PragmaOptions=variable=xk_XLX_SEP_ [-Wdump-hls-pragmas]
#pragma HLS stream variable=xk
        ^
/tools/Xilinx/Vitis_HLS/2023.2/common/technology/autopilot/etc/hls_fft_x_complex.h:883:9: warning: HLS pragma dump _XLX_SEP_ PragmaIsValid=1_XLX_SEP_ PragmaType=inline_XLX_SEP_ PragmaContext=_XLX_SEP_ PragmaFunction=fft_syn_XLX_SEP_ PragmaOptions=off_XLX_SEP_ [-Wdump-hls-pragmas]
#pragma HLS inline off
        ^
/tools/Xilinx/Vitis_HLS/2023.2/common/technology/autopilot/etc/hls_fft_x_complex.h:885:9: warning: HLS pragma dump _XLX_SEP_ PragmaIsValid=1_XLX_SEP_ PragmaType=aggregate_XLX_SEP_ PragmaContext=_XLX_SEP_ PragmaFunction=fft_syn_XLX_SEP_ PragmaOptions=variable=xn_XLX_SEP_ [-Wdump-hls-pragmas]
#pragma HLS aggregate variable=xn
        ^
/tools/Xilinx/Vitis_HLS/2023.2/common/technology/autopilot/etc/hls_fft_x_complex.h:886:9: warning: HLS pragma dump _XLX_SEP_ PragmaIsValid=1_XLX_SEP_ PragmaType=aggregate_XLX_SEP_ PragmaContext=_XLX_SEP_ PragmaFunction=fft_syn_XLX_SEP_ PragmaOptions=variable=xk_XLX_SEP_ [-Wdump-hls-pragmas]
#pragma HLS aggregate variable=xk
        ^
/tools/Xilinx/Vitis_HLS/2023.2/common/technology/autopilot/etc/hls_fft_x_complex.h:888:9: warning: HLS pragma dump _XLX_SEP_ PragmaIsValid=1_XLX_SEP_ PragmaType=stream_XLX_SEP_ PragmaContext=_XLX_SEP_ PragmaFunction=fft_syn_XLX_SEP_ PragmaOptions=variable=xn_XLX_SEP_ [-Wdump-hls-pragmas]
#pragma HLS stream variable=xn
        ^
/tools/Xilinx/Vitis_HLS/2023.2/common/technology/autopilot/etc/hls_fft_x_complex.h:889:9: warning: HLS pragma dump _XLX_SEP_ PragmaIsValid=1_XLX_SEP_ PragmaType=stream_XLX_SEP_ PragmaContext=_XLX_SEP_ PragmaFunction=fft_syn_XLX_SEP_ PragmaOptions=variable=xk_XLX_SEP_ [-Wdump-hls-pragmas]
#pragma HLS stream variable=xk
        ^
/tools/Xilinx/Vitis_HLS/2023.2/common/technology/autopilot/etc/hls_fft_x_complex.h:958:9: warning: HLS pragma dump _XLX_SEP_ PragmaIsValid=1_XLX_SEP_ PragmaType=dataflow_XLX_SEP_ PragmaContext=_XLX_SEP_ PragmaFunction=fft_XLX_SEP_ PragmaOptions=disable_start_propagation_XLX_SEP_ [-Wdump-hls-pragmas]
#pragma HLS dataflow disable_start_propagation
        ^
/tools/Xilinx/Vitis_HLS/2023.2/common/technology/autopilot/etc/hls_fft_x_complex.h:959:9: warning: HLS pragma dump _XLX_SEP_ PragmaIsValid=1_XLX_SEP_ PragmaType=interface_XLX_SEP_ PragmaContext=_XLX_SEP_ PragmaFunction=fft_XLX_SEP_ PragmaOptions=ap_ctrl_none port=return_XLX_SEP_ [-Wdump-hls-pragmas]
#pragma HLS interface ap_ctrl_none port=return
        ^
/tools/Xilinx/Vitis_HLS/2023.2/common/technology/autopilot/etc/hls_fft_x_complex.h:986:9: warning: HLS pragma dump _XLX_SEP_ PragmaIsValid=1_XLX_SEP_ PragmaType=inline_XLX_SEP_ PragmaContext=_XLX_SEP_ PragmaFunction=fft_XLX_SEP_ PragmaOptions=_XLX_SEP_ [-Wdump-hls-pragmas]
#pragma HLS inline
        ^
/tools/Xilinx/Vitis_HLS/2023.2/common/technology/autopilot/etc/hls_fft_x_complex.h:988:9: warning: HLS pragma dump _XLX_SEP_ PragmaIsValid=1_XLX_SEP_ PragmaType=stream_XLX_SEP_ PragmaContext=_XLX_SEP_ PragmaFunction=fft_XLX_SEP_ PragmaOptions=variable=xn_XLX_SEP_ [-Wdump-hls-pragmas]
#pragma HLS stream variable=xn
        ^
/tools/Xilinx/Vitis_HLS/2023.2/common/technology/autopilot/etc/hls_fft_x_complex.h:989:9: warning: HLS pragma dump _XLX_SEP_ PragmaIsValid=1_XLX_SEP_ PragmaType=stream_XLX_SEP_ PragmaContext=_XLX_SEP_ PragmaFunction=fft_XLX_SEP_ PragmaOptions=variable=xk_XLX_SEP_ [-Wdump-hls-pragmas]
#pragma HLS stream variable=xk
        ^
/tools/Xilinx/Vitis_HLS/2023.2/common/technology/autopilot/etc/hls_fft_x_complex.h:1012:9: warning: HLS pragma dump _XLX_SEP_ PragmaIsValid=1_XLX_SEP_ PragmaType=inline_XLX_SEP_ PragmaContext=_XLX_SEP_ PragmaFunction=fft_XLX_SEP_ PragmaOptions=off_XLX_SEP_ [-Wdump-hls-pragmas]
#pragma HLS inline off
        ^
/tools/Xilinx/Vitis_HLS/2023.2/common/technology/autopilot/etc/hls_fft_x_complex.h:1014:9: warning: HLS pragma dump _XLX_SEP_ PragmaIsValid=1_XLX_SEP_ PragmaType=stream_XLX_SEP_ PragmaContext=_XLX_SEP_ PragmaFunction=fft_XLX_SEP_ PragmaOptions=variable=xn_XLX_SEP_ [-Wdump-hls-pragmas]
#pragma HLS stream variable=xn
        ^
/tools/Xilinx/Vitis_HLS/2023.2/common/technology/autopilot/etc/hls_fft_x_complex.h:1015:9: warning: HLS pragma dump _XLX_SEP_ PragmaIsValid=1_XLX_SEP_ PragmaType=stream_XLX_SEP_ PragmaContext=_XLX_SEP_ PragmaFunction=fft_XLX_SEP_ PragmaOptions=variable=xk_XLX_SEP_ [-Wdump-hls-pragmas]
#pragma HLS stream variable=xk
        ^
/tools/Xilinx/Vitis_HLS/2023.2/common/technology/autopilot/etc/hls_fft_x_complex.h:1041:9: warning: HLS pragma dump _XLX_SEP_ PragmaIsValid=1_XLX_SEP_ PragmaType=inline_XLX_SEP_ PragmaContext=_XLX_SEP_ PragmaFunction=fft_XLX_SEP_ PragmaOptions=off_XLX_SEP_ [-Wdump-hls-pragmas]
#pragma HLS inline off
        ^
/tools/Xilinx/Vitis_HLS/2023.2/common/technology/autopilot/etc/hls_fft_x_complex.h:1043:9: warning: HLS pragma dump _XLX_SEP_ PragmaIsValid=1_XLX_SEP_ PragmaType=stream_XLX_SEP_ PragmaContext=_XLX_SEP_ PragmaFunction=fft_XLX_SEP_ PragmaOptions=variable=xn_XLX_SEP_ [-Wdump-hls-pragmas]
#pragma HLS stream variable=xn
        ^
/tools/Xilinx/Vitis_HLS/2023.2/common/technology/autopilot/etc/hls_fft_x_complex.h:1044:9: warning: HLS pragma dump _XLX_SEP_ PragmaIsValid=1_XLX_SEP_ PragmaType=stream_XLX_SEP_ PragmaContext=_XLX_SEP_ PragmaFunction=fft_XLX_SEP_ PragmaOptions=variable=xk_XLX_SEP_ [-Wdump-hls-pragmas]
#pragma HLS stream variable=xk
        ^
/tools/Xilinx/Vitis_HLS/2023.2/common/technology/autopilot/etc/hls_fft_x_complex.h:1047:9: warning: HLS pragma dump _XLX_SEP_ PragmaIsValid=1_XLX_SEP_ PragmaType=array_reshape_XLX_SEP_ PragmaContext=_XLX_SEP_ PragmaFunction=fft_XLX_SEP_ PragmaOptions=dim=1 variable=xn_XLX_SEP_ [-Wdump-hls-pragmas]
#pragma HLS array_reshape dim=1 variable=xn
        ^
/tools/Xilinx/Vitis_HLS/2023.2/common/technology/autopilot/etc/hls_fft_x_complex.h:1048:9: warning: HLS pragma dump _XLX_SEP_ PragmaIsValid=1_XLX_SEP_ PragmaType=array_reshape_XLX_SEP_ PragmaContext=_XLX_SEP_ PragmaFunction=fft_XLX_SEP_ PragmaOptions=dim=1 variable=xk_XLX_SEP_ [-Wdump-hls-pragmas]
#pragma HLS array_reshape dim=1 variable=xk
        ^
/tools/Xilinx/Vitis_HLS/2023.2/common/technology/autopilot/etc/hls_fft_x_complex.h:1073:9: warning: HLS pragma dump _XLX_SEP_ PragmaIsValid=1_XLX_SEP_ PragmaType=inline_XLX_SEP_ PragmaContext=_XLX_SEP_ PragmaFunction=fft_XLX_SEP_ PragmaOptions=off_XLX_SEP_ [-Wdump-hls-pragmas]
#pragma HLS inline off
        ^
/tools/Xilinx/Vitis_HLS/2023.2/common/technology/autopilot/etc/hls_fft_x_complex.h:1075:9: warning: HLS pragma dump _XLX_SEP_ PragmaIsValid=1_XLX_SEP_ PragmaType=stream_XLX_SEP_ PragmaContext=_XLX_SEP_ PragmaFunction=fft_XLX_SEP_ PragmaOptions=variable=xn_XLX_SEP_ [-Wdump-hls-pragmas]
#pragma HLS stream variable=xn
        ^
/tools/Xilinx/Vitis_HLS/2023.2/common/technology/autopilot/etc/hls_fft_x_complex.h:1076:9: warning: HLS pragma dump _XLX_SEP_ PragmaIsValid=1_XLX_SEP_ PragmaType=stream_XLX_SEP_ PragmaContext=_XLX_SEP_ PragmaFunction=fft_XLX_SEP_ PragmaOptions=variable=xk_XLX_SEP_ [-Wdump-hls-pragmas]
#pragma HLS stream variable=xk
        ^
directive:1:9: warning: HLS pragma dump _XLX_SEP_ PragmaIsValid=1_XLX_SEP_ PragmaType=top_XLX_SEP_ PragmaContext=directive_XLX_SEP_ PragmaFunction=pfb_multichannel_XLX_SEP_ PragmaOptions=name=pfb_multichannel_XLX_SEP_ [-Wdump-hls-pragmas]
#pragma HLSDIRECTIVE TOP name=pfb_multichannel
        ^
/home/brett/Documents/FX_Correlator/hls/hls_pfb/pfb_top.cpp:16:9: warning: HLS pragma dump _XLX_SEP_ PragmaIsValid=1_XLX_SEP_ PragmaType=interface_XLX_SEP_ PragmaContext=_XLX_SEP_ PragmaFunction=pfb_multichannel_XLX_SEP_ PragmaOptions=axis port=din_data_i0_XLX_SEP_ [-Wdump-hls-pragmas]
#pragma HLS INTERFACE axis port=din_data_i0
        ^
/home/brett/Documents/FX_Correlator/hls/hls_pfb/pfb_top.cpp:17:9: warning: HLS pragma dump _XLX_SEP_ PragmaIsValid=1_XLX_SEP_ PragmaType=interface_XLX_SEP_ PragmaContext=_XLX_SEP_ PragmaFunction=pfb_multichannel_XLX_SEP_ PragmaOptions=axis port=din_data_q0_XLX_SEP_ [-Wdump-hls-pragmas]
#pragma HLS INTERFACE axis port=din_data_q0
        ^
/home/brett/Documents/FX_Correlator/hls/hls_pfb/pfb_top.cpp:18:9: warning: HLS pragma dump _XLX_SEP_ PragmaIsValid=1_XLX_SEP_ PragmaType=interface_XLX_SEP_ PragmaContext=_XLX_SEP_ PragmaFunction=pfb_multichannel_XLX_SEP_ PragmaOptions=axis port=din_data_i1_XLX_SEP_ [-Wdump-hls-pragmas]
#pragma HLS INTERFACE axis port=din_data_i1
        ^
/home/brett/Documents/FX_Correlator/hls/hls_pfb/pfb_top.cpp:19:9: warning: HLS pragma dump _XLX_SEP_ PragmaIsValid=1_XLX_SEP_ PragmaType=interface_XLX_SEP_ PragmaContext=_XLX_SEP_ PragmaFunction=pfb_multichannel_XLX_SEP_ PragmaOptions=axis port=din_data_q1_XLX_SEP_ [-Wdump-hls-pragmas]
#pragma HLS INTERFACE axis port=din_data_q1
        ^
/home/brett/Documents/FX_Correlator/hls/hls_pfb/pfb_top.cpp:20:9: warning: HLS pragma dump _XLX_SEP_ PragmaIsValid=1_XLX_SEP_ PragmaType=interface_XLX_SEP_ PragmaContext=_XLX_SEP_ PragmaFunction=pfb_multichannel_XLX_SEP_ PragmaOptions=axis port=din_data_i2_XLX_SEP_ [-Wdump-hls-pragmas]
#pragma HLS INTERFACE axis port=din_data_i2
        ^
/home/brett/Documents/FX_Correlator/hls/hls_pfb/pfb_top.cpp:21:9: warning: HLS pragma dump _XLX_SEP_ PragmaIsValid=1_XLX_SEP_ PragmaType=interface_XLX_SEP_ PragmaContext=_XLX_SEP_ PragmaFunction=pfb_multichannel_XLX_SEP_ PragmaOptions=axis port=din_data_q2_XLX_SEP_ [-Wdump-hls-pragmas]
#pragma HLS INTERFACE axis port=din_data_q2
        ^
/home/brett/Documents/FX_Correlator/hls/hls_pfb/pfb_top.cpp:22:9: warning: HLS pragma dump _XLX_SEP_ PragmaIsValid=1_XLX_SEP_ PragmaType=interface_XLX_SEP_ PragmaContext=_XLX_SEP_ PragmaFunction=pfb_multichannel_XLX_SEP_ PragmaOptions=axis port=din_data_i3_XLX_SEP_ [-Wdump-hls-pragmas]
#pragma HLS INTERFACE axis port=din_data_i3
        ^
/home/brett/Documents/FX_Correlator/hls/hls_pfb/pfb_top.cpp:23:9: warning: HLS pragma dump _XLX_SEP_ PragmaIsValid=1_XLX_SEP_ PragmaType=interface_XLX_SEP_ PragmaContext=_XLX_SEP_ PragmaFunction=pfb_multichannel_XLX_SEP_ PragmaOptions=axis port=din_data_q3_XLX_SEP_ [-Wdump-hls-pragmas]
#pragma HLS INTERFACE axis port=din_data_q3
        ^
/home/brett/Documents/FX_Correlator/hls/hls_pfb/pfb_top.cpp:25:9: warning: HLS pragma dump _XLX_SEP_ PragmaIsValid=1_XLX_SEP_ PragmaType=interface_XLX_SEP_ PragmaContext=_XLX_SEP_ PragmaFunction=pfb_multichannel_XLX_SEP_ PragmaOptions=axis port=dout_data_0_XLX_SEP_ [-Wdump-hls-pragmas]
#pragma HLS INTERFACE axis port=dout_data_0
        ^
/home/brett/Documents/FX_Correlator/hls/hls_pfb/pfb_top.cpp:26:9: warning: HLS pragma dump _XLX_SEP_ PragmaIsValid=1_XLX_SEP_ PragmaType=interface_XLX_SEP_ PragmaContext=_XLX_SEP_ PragmaFunction=pfb_multichannel_XLX_SEP_ PragmaOptions=axis port=dout_data_1_XLX_SEP_ [-Wdump-hls-pragmas]
#pragma HLS INTERFACE axis port=dout_data_1
        ^
/home/brett/Documents/FX_Correlator/hls/hls_pfb/pfb_top.cpp:27:9: warning: HLS pragma dump _XLX_SEP_ PragmaIsValid=1_XLX_SEP_ PragmaType=interface_XLX_SEP_ PragmaContext=_XLX_SEP_ PragmaFunction=pfb_multichannel_XLX_SEP_ PragmaOptions=axis port=dout_data_2_XLX_SEP_ [-Wdump-hls-pragmas]
#pragma HLS INTERFACE axis port=dout_data_2
        ^
/home/brett/Documents/FX_Correlator/hls/hls_pfb/pfb_top.cpp:28:9: warning: HLS pragma dump _XLX_SEP_ PragmaIsValid=1_XLX_SEP_ PragmaType=interface_XLX_SEP_ PragmaContext=_XLX_SEP_ PragmaFunction=pfb_multichannel_XLX_SEP_ PragmaOptions=axis port=dout_data_3_XLX_SEP_ [-Wdump-hls-pragmas]
#pragma HLS INTERFACE axis port=dout_data_3
        ^
/home/brett/Documents/FX_Correlator/hls/hls_pfb/pfb_top.cpp:30:9: warning: HLS pragma dump _XLX_SEP_ PragmaIsValid=1_XLX_SEP_ PragmaType=interface_XLX_SEP_ PragmaContext=_XLX_SEP_ PragmaFunction=pfb_multichannel_XLX_SEP_ PragmaOptions=m_axi port=coeff offset=slave bundle=gmem depth=4096 latency=64_XLX_SEP_ [-Wdump-hls-pragmas]
#pragma HLS INTERFACE m_axi port=coeff offset=slave bundle=gmem depth=4096 latency=64
        ^
/home/brett/Documents/FX_Correlator/hls/hls_pfb/pfb_top.cpp:31:9: warning: HLS pragma dump _XLX_SEP_ PragmaIsValid=1_XLX_SEP_ PragmaType=interface_XLX_SEP_ PragmaContext=_XLX_SEP_ PragmaFunction=pfb_multichannel_XLX_SEP_ PragmaOptions=s_axilite port=return bundle=control_XLX_SEP_ [-Wdump-hls-pragmas]
#pragma HLS INTERFACE s_axilite port=return bundle=control
        ^
/home/brett/Documents/FX_Correlator/hls/hls_pfb/pfb_top.cpp:34:9: warning: HLS pragma dump _XLX_SEP_ PragmaIsValid=1_XLX_SEP_ PragmaType=pipeline_XLX_SEP_ PragmaContext=_XLX_SEP_ PragmaFunction=pfb_multichannel_XLX_SEP_ PragmaOptions=II=1_XLX_SEP_ [-Wdump-hls-pragmas]
#pragma HLS PIPELINE II=1
        ^
75 warnings generated.
