/home/brett/Documents/FX_Correlator/hls/hls_pfb/hls_pfb/hls/.autopilot/db/pfb_helper.pp.0.cpp:1318:7: warning: Added loop label VITIS_LOOP_1207_1:   [xilinx-label-all-loops]
      for (i = 0; i < __N - 1; ++i) {
      ^~~
      VITIS_LOOP_1207_1: 
/home/brett/Documents/FX_Correlator/hls/hls_pfb/hls_pfb/hls/.autopilot/db/pfb_helper.pp.0.cpp:1318:7: note: FIX-IT applied suggested code changes
/home/brett/Documents/FX_Correlator/hls/hls_pfb/hls_pfb/hls/.autopilot/db/pfb_helper.pp.0.cpp:2292:5: warning: Added loop label VITIS_LOOP_676_1:   [xilinx-label-all-loops]
    for (unsigned i = low; i != high; ++i) {
    ^~~
    VITIS_LOOP_676_1: 
/home/brett/Documents/FX_Correlator/hls/hls_pfb/hls_pfb/hls/.autopilot/db/pfb_helper.pp.0.cpp:2292:5: note: FIX-IT applied suggested code changes
/home/brett/Documents/FX_Correlator/hls/hls_pfb/hls_pfb/hls/.autopilot/db/pfb_helper.pp.0.cpp:2306:5: warning: Added loop label VITIS_LOOP_690_1:   [xilinx-label-all-loops]
    for (unsigned i = low; i != high; ++i) {
    ^~~
    VITIS_LOOP_690_1: 
/home/brett/Documents/FX_Correlator/hls/hls_pfb/hls_pfb/hls/.autopilot/db/pfb_helper.pp.0.cpp:2306:5: note: FIX-IT applied suggested code changes
/home/brett/Documents/FX_Correlator/hls/hls_pfb/hls_pfb/hls/.autopilot/db/pfb_helper.pp.0.cpp:2320:5: warning: Added loop label VITIS_LOOP_704_1:   [xilinx-label-all-loops]
    for (unsigned i = low; i != high; ++i) {
    ^~~
    VITIS_LOOP_704_1: 
/home/brett/Documents/FX_Correlator/hls/hls_pfb/hls_pfb/hls/.autopilot/db/pfb_helper.pp.0.cpp:2320:5: note: FIX-IT applied suggested code changes
/home/brett/Documents/FX_Correlator/hls/hls_pfb/hls_pfb/hls/.autopilot/db/pfb_helper.pp.0.cpp:3949:7: warning: Added loop label VITIS_LOOP_1247_1:   [xilinx-label-all-loops]
      for (i = 0; i < __N - 1; ++i) {
      ^~~
      VITIS_LOOP_1247_1: 
/home/brett/Documents/FX_Correlator/hls/hls_pfb/hls_pfb/hls/.autopilot/db/pfb_helper.pp.0.cpp:3949:7: note: FIX-IT applied suggested code changes
/home/brett/Documents/FX_Correlator/hls/hls_pfb/hls_pfb/hls/.autopilot/db/pfb_helper.pp.0.cpp:41319:7: warning: Added loop label VITIS_LOOP_446_1:   [xilinx-label-all-loops]
      for (int i = 0; i < FFT_LENGTH; ++i)
      ^~~
      VITIS_LOOP_446_1: 
/home/brett/Documents/FX_Correlator/hls/hls_pfb/hls_pfb/hls/.autopilot/db/pfb_helper.pp.0.cpp:41319:7: note: FIX-IT applied suggested code changes
/home/brett/Documents/FX_Correlator/hls/hls_pfb/hls_pfb/hls/.autopilot/db/pfb_helper.pp.0.cpp:41321:4: warning: Added loop label VITIS_LOOP_448_2:   [xilinx-label-all-loops]
   for (int c = 0; c < FFT_CHANNELS; ++c)
   ^~~
   VITIS_LOOP_448_2: 
/home/brett/Documents/FX_Correlator/hls/hls_pfb/hls_pfb/hls/.autopilot/db/pfb_helper.pp.0.cpp:41321:4: note: FIX-IT applied suggested code changes
/home/brett/Documents/FX_Correlator/hls/hls_pfb/hls_pfb/hls/.autopilot/db/pfb_helper.pp.0.cpp:41385:7: warning: Added loop label VITIS_LOOP_830_1:   [xilinx-label-all-loops]
      for (int i = 0; i < FFT_LENGTH; ++i)
      ^~~
      VITIS_LOOP_830_1: 
/home/brett/Documents/FX_Correlator/hls/hls_pfb/hls_pfb/hls/.autopilot/db/pfb_helper.pp.0.cpp:41385:7: note: FIX-IT applied suggested code changes
/home/brett/Documents/FX_Correlator/hls/hls_pfb/hls_pfb/hls/.autopilot/db/pfb_helper.pp.0.cpp:41767:7: warning: Added loop label VITIS_LOOP_89_1:   [xilinx-label-all-loops]
      for (int i = 0; i < FFT_LENGTH; ++i)
      ^~~
      VITIS_LOOP_89_1: 
/home/brett/Documents/FX_Correlator/hls/hls_pfb/hls_pfb/hls/.autopilot/db/pfb_helper.pp.0.cpp:41767:7: note: FIX-IT applied suggested code changes
/home/brett/Documents/FX_Correlator/hls/hls_pfb/hls_pfb/hls/.autopilot/db/pfb_helper.pp.0.cpp:41769:4: warning: Added loop label VITIS_LOOP_91_2:   [xilinx-label-all-loops]
   for (int c = 0; c < FFT_CHANNELS; ++c)
   ^~~
   VITIS_LOOP_91_2: 
/home/brett/Documents/FX_Correlator/hls/hls_pfb/hls_pfb/hls/.autopilot/db/pfb_helper.pp.0.cpp:41769:4: note: FIX-IT applied suggested code changes
/home/brett/Documents/FX_Correlator/hls/hls_pfb/hls_pfb/hls/.autopilot/db/pfb_helper.pp.0.cpp:41833:7: warning: Added loop label VITIS_LOOP_474_1:   [xilinx-label-all-loops]
      for (int i = 0; i < FFT_LENGTH; ++i)
      ^~~
      VITIS_LOOP_474_1: 
/home/brett/Documents/FX_Correlator/hls/hls_pfb/hls_pfb/hls/.autopilot/db/pfb_helper.pp.0.cpp:41833:7: note: FIX-IT applied suggested code changes
/home/brett/Documents/FX_Correlator/hls/hls_pfb/hls_pfb/hls/.autopilot/db/pfb_helper.pp.0.cpp:41897:7: warning: Added loop label VITIS_LOOP_559_1:   [xilinx-label-all-loops]
      for (int i = 0; i < FFT_LENGTH; ++i)
      ^~~
      VITIS_LOOP_559_1: 
/home/brett/Documents/FX_Correlator/hls/hls_pfb/hls_pfb/hls/.autopilot/db/pfb_helper.pp.0.cpp:41897:7: note: FIX-IT applied suggested code changes
/home/brett/Documents/FX_Correlator/hls/hls_pfb/hls_pfb/hls/.autopilot/db/pfb_helper.pp.0.cpp:41962:7: warning: Added loop label VITIS_LOOP_624_1:   [xilinx-label-all-loops]
      for (int i = 0; i < FFT_LENGTH; ++i)
      ^~~
      VITIS_LOOP_624_1: 
/home/brett/Documents/FX_Correlator/hls/hls_pfb/hls_pfb/hls/.autopilot/db/pfb_helper.pp.0.cpp:41962:7: note: FIX-IT applied suggested code changes
/home/brett/Documents/FX_Correlator/hls/hls_pfb/hls_pfb/hls/.autopilot/db/pfb_helper.pp.0.cpp:42003:5: warning: Added loop label VITIS_LOOP_665_1:   [xilinx-label-all-loops]
    for (unsigned i = 0; i < (1 << CONFIG_T::max_nfft); i++) {
    ^~~
    VITIS_LOOP_665_1: 
/home/brett/Documents/FX_Correlator/hls/hls_pfb/hls_pfb/hls/.autopilot/db/pfb_helper.pp.0.cpp:42003:5: note: FIX-IT applied suggested code changes
/home/brett/Documents/FX_Correlator/hls/hls_pfb/hls_pfb/hls/.autopilot/db/pfb_helper.pp.0.cpp:42018:5: warning: Added loop label VITIS_LOOP_680_1:   [xilinx-label-all-loops]
    for (unsigned i = 0; i < (1 << CONFIG_T::max_nfft); i++) {
    ^~~
    VITIS_LOOP_680_1: 
/home/brett/Documents/FX_Correlator/hls/hls_pfb/hls_pfb/hls/.autopilot/db/pfb_helper.pp.0.cpp:42018:5: note: FIX-IT applied suggested code changes
/home/brett/Documents/FX_Correlator/hls/hls_pfb/hls_pfb/hls/.autopilot/db/pfb_helper.pp.0.cpp:42115:5: warning: Added loop label VITIS_LOOP_792_1:   [xilinx-label-all-loops]
    for (unsigned i = 0; i < (1 << CONFIG_T::max_nfft); i++) {
    ^~~
    VITIS_LOOP_792_1: 
/home/brett/Documents/FX_Correlator/hls/hls_pfb/hls_pfb/hls/.autopilot/db/pfb_helper.pp.0.cpp:42115:5: note: FIX-IT applied suggested code changes
/home/brett/Documents/FX_Correlator/hls/hls_pfb/hls_pfb/hls/.autopilot/db/pfb_helper.pp.0.cpp:42130:5: warning: Added loop label VITIS_LOOP_807_1:   [xilinx-label-all-loops]
    for (unsigned i = 0; i < (1 << CONFIG_T::max_nfft); i++) {
    ^~~
    VITIS_LOOP_807_1: 
/home/brett/Documents/FX_Correlator/hls/hls_pfb/hls_pfb/hls/.autopilot/db/pfb_helper.pp.0.cpp:42130:5: note: FIX-IT applied suggested code changes
/home/brett/Documents/FX_Correlator/hls/hls_pfb/hls_pfb/hls/.autopilot/db/pfb_helper.pp.0.cpp:42191:7: warning: Added loop label VITIS_LOOP_868_1:   [xilinx-label-all-loops]
      for (int i = 0; i < FFT_LENGTH; ++i) {
      ^~~
      VITIS_LOOP_868_1: 
/home/brett/Documents/FX_Correlator/hls/hls_pfb/hls_pfb/hls/.autopilot/db/pfb_helper.pp.0.cpp:42191:7: note: FIX-IT applied suggested code changes
/home/brett/Documents/FX_Correlator/hls/hls_pfb/hls_pfb/hls/.autopilot/db/pfb_helper.pp.0.cpp:42247:7: warning: Added loop label VITIS_LOOP_924_1:   [xilinx-label-all-loops]
      for (int i = 0; i < FFT_LENGTH; ++i) {
      ^~~
      VITIS_LOOP_924_1: 
/home/brett/Documents/FX_Correlator/hls/hls_pfb/hls_pfb/hls/.autopilot/db/pfb_helper.pp.0.cpp:42247:7: note: FIX-IT applied suggested code changes
