

================================================================
== Vitis HLS Report for 'correlator'
================================================================
* Date:           Sat Jan 10 14:44:58 2026

* Version:        2023.2 (Build 4023990 on Oct 11 2023)
* Project:        hls_correlator
* Solution:       hls (Vivado IP Flow Target)
* Product family: zynq
* Target device:  xc7z045-ffg900-2


================================================================
== Performance Estimates
================================================================
+ Timing: 
    * Summary: 
    +--------+----------+----------+------------+
    |  Clock |  Target  | Estimated| Uncertainty|
    +--------+----------+----------+------------+
    |ap_clk  |  10.00 ns|  6.400 ns|     2.70 ns|
    +--------+----------+----------+------------+

+ Latency: 
    * Summary: 
    +---------+---------+-----------+----------+------+-------+---------+
    |  Latency (cycles) |  Latency (absolute)  |   Interval   | Pipeline|
    |   min   |   max   |    min    |    max   |  min |  max  |   Type  |
    +---------+---------+-----------+----------+------+-------+---------+
    |     1034|    22544|  10.340 us|  0.225 ms|  1035|  22545|       no|
    +---------+---------+-----------+----------+------+-------+---------+

    + Detail: 
        * Instance: 
        +--------------------------------------------------------------------------------+---------------------------------------------------------------------+---------+---------+-----------+-----------+-------+-------+---------+
        |                                                                                |                                                                     |  Latency (cycles) |   Latency (absolute)  |    Interval   | Pipeline|
        |                                    Instance                                    |                                Module                               |   min   |   max   |    min    |    max    |  min  |  max  |   Type  |
        +--------------------------------------------------------------------------------+---------------------------------------------------------------------+---------+---------+-----------+-----------+-------+-------+---------+
        |grp_correlator_Pipeline_VITIS_LOOP_52_1_VITIS_LOOP_53_2_VITIS_LOOP_54_3_fu_147  |correlator_Pipeline_VITIS_LOOP_52_1_VITIS_LOOP_53_2_VITIS_LOOP_54_3  |    20482|    20482|   0.205 ms|   0.205 ms|  20482|  20482|       no|
        |grp_correlator_Pipeline_Process_Frame_Loop_fu_191                               |correlator_Pipeline_Process_Frame_Loop                               |     1029|     1029|  10.290 us|  10.290 us|   1029|   1029|       no|
        |grp_correlator_Pipeline_Offload_Loop_fu_236                                     |correlator_Pipeline_Offload_Loop                                     |     1026|     1026|  10.260 us|  10.260 us|   1026|   1026|       no|
        +--------------------------------------------------------------------------------+---------------------------------------------------------------------+---------+---------+-----------+-----------+-------+-------+---------+

        * Loop: 
        N/A



================================================================
== Utilization Estimates
================================================================
* Summary: 
+-----------------+---------+-----+--------+--------+-----+
|       Name      | BRAM_18K| DSP |   FF   |   LUT  | URAM|
+-----------------+---------+-----+--------+--------+-----+
|DSP              |        -|    -|       -|       -|    -|
|Expression       |        -|    -|       0|      78|    -|
|FIFO             |        -|    -|       -|       -|    -|
|Instance         |        0|   32|    1796|    1748|    -|
|Memory           |      132|    -|       0|       0|    -|
|Multiplexer      |        -|    -|       -|    1522|    -|
|Register         |        -|    -|     111|       -|    -|
+-----------------+---------+-----+--------+--------+-----+
|Total            |      132|   32|    1907|    3348|    0|
+-----------------+---------+-----+--------+--------+-----+
|Available        |     1090|  900|  437200|  218600|    0|
+-----------------+---------+-----+--------+--------+-----+
|Utilization (%)  |       12|    3|      ~0|       1|    0|
+-----------------+---------+-----+--------+--------+-----+

+ Detail: 
    * Instance: 
    +--------------------------------------------------------------------------------+---------------------------------------------------------------------+---------+----+------+------+-----+
    |                                    Instance                                    |                                Module                               | BRAM_18K| DSP|  FF  |  LUT | URAM|
    +--------------------------------------------------------------------------------+---------------------------------------------------------------------+---------+----+------+------+-----+
    |control_s_axi_U                                                                 |control_s_axi                                                        |        0|   0|    74|   104|    0|
    |grp_correlator_Pipeline_Offload_Loop_fu_236                                     |correlator_Pipeline_Offload_Loop                                     |        0|   0|    14|   165|    0|
    |grp_correlator_Pipeline_Process_Frame_Loop_fu_191                               |correlator_Pipeline_Process_Frame_Loop                               |        0|  32|  1642|  1262|    0|
    |grp_correlator_Pipeline_VITIS_LOOP_52_1_VITIS_LOOP_53_2_VITIS_LOOP_54_3_fu_147  |correlator_Pipeline_VITIS_LOOP_52_1_VITIS_LOOP_53_2_VITIS_LOOP_54_3  |        0|   0|    66|   217|    0|
    +--------------------------------------------------------------------------------+---------------------------------------------------------------------+---------+----+------+------+-----+
    |Total                                                                           |                                                                     |        0|  32|  1796|  1748|    0|
    +--------------------------------------------------------------------------------+---------------------------------------------------------------------+---------+----+------+------+-----+

    * DSP: 
    N/A

    * Memory: 
    +-------------------------------------------------------------------------------+----------------------------------------------------------------------------------+---------+---+----+-----+------+-----+------+-------------+
    |                                     Memory                                    |                                      Module                                      | BRAM_18K| FF| LUT| URAM| Words| Bits| Banks| W*Bits*Banks|
    +-------------------------------------------------------------------------------+----------------------------------------------------------------------------------+---------+---+----+-----+------+-----+------+-------------+
    |correlator_stream_stream_stream_stream_stream_stream_stream_stream_strea_17_U  |correlator_stream_stream_stream_stream_stream_stream_stream_stream_strea_17_Rcud  |        1|  0|   0|    0|  2048|    1|     1|         2048|
    |correlator_stream_stream_stream_stream_stream_stream_stream_stream_strea_16_U  |correlator_stream_stream_stream_stream_stream_stream_stream_stream_strea_17_Rcud  |        1|  0|   0|    0|  2048|    1|     1|         2048|
    |correlator_stream_stream_stream_stream_stream_stream_stream_stream_strea_15_U  |correlator_stream_stream_stream_stream_stream_stream_stream_stream_strea_17_Rcud  |        1|  0|   0|    0|  2048|    1|     1|         2048|
    |correlator_stream_stream_stream_stream_stream_stream_stream_stream_strea_14_U  |correlator_stream_stream_stream_stream_stream_stream_stream_stream_strea_17_Rcud  |        1|  0|   0|    0|  2048|    1|     1|         2048|
    |correlator_stream_stream_stream_stream_stream_stream_stream_stream_strea_19_U  |correlator_stream_stream_stream_stream_stream_stream_stream_stream_strea_19_Rbkb  |        8|  0|   0|    0|  2048|   64|     1|       131072|
    |correlator_stream_stream_stream_stream_stream_stream_stream_stream_strea_18_U  |correlator_stream_stream_stream_stream_stream_stream_stream_stream_strea_19_Rbkb  |        8|  0|   0|    0|  2048|   64|     1|       131072|
    |correlator_stream_stream_stream_stream_stream_stream_stream_stream_strea_7_U   |correlator_stream_stream_stream_stream_stream_stream_stream_stream_strea_19_Rbkb  |        8|  0|   0|    0|  2048|   64|     1|       131072|
    |correlator_stream_stream_stream_stream_stream_stream_stream_stream_strea_6_U   |correlator_stream_stream_stream_stream_stream_stream_stream_stream_strea_19_Rbkb  |        8|  0|   0|    0|  2048|   64|     1|       131072|
    |correlator_stream_stream_stream_stream_stream_stream_stream_stream_strea_5_U   |correlator_stream_stream_stream_stream_stream_stream_stream_stream_strea_19_Rbkb  |        8|  0|   0|    0|  2048|   64|     1|       131072|
    |correlator_stream_stream_stream_stream_stream_stream_stream_stream_strea_13_U  |correlator_stream_stream_stream_stream_stream_stream_stream_stream_strea_19_Rbkb  |        8|  0|   0|    0|  2048|   64|     1|       131072|
    |correlator_stream_stream_stream_stream_stream_stream_stream_stream_strea_4_U   |correlator_stream_stream_stream_stream_stream_stream_stream_stream_strea_19_Rbkb  |        8|  0|   0|    0|  2048|   64|     1|       131072|
    |correlator_stream_stream_stream_stream_stream_stream_stream_stream_strea_12_U  |correlator_stream_stream_stream_stream_stream_stream_stream_stream_strea_19_Rbkb  |        8|  0|   0|    0|  2048|   64|     1|       131072|
    |correlator_stream_stream_stream_stream_stream_stream_stream_stream_strea_3_U   |correlator_stream_stream_stream_stream_stream_stream_stream_stream_strea_19_Rbkb  |        8|  0|   0|    0|  2048|   64|     1|       131072|
    |correlator_stream_stream_stream_stream_stream_stream_stream_stream_strea_11_U  |correlator_stream_stream_stream_stream_stream_stream_stream_stream_strea_19_Rbkb  |        8|  0|   0|    0|  2048|   64|     1|       131072|
    |correlator_stream_stream_stream_stream_stream_stream_stream_stream_strea_2_U   |correlator_stream_stream_stream_stream_stream_stream_stream_stream_strea_19_Rbkb  |        8|  0|   0|    0|  2048|   64|     1|       131072|
    |correlator_stream_stream_stream_stream_stream_stream_stream_stream_strea_10_U  |correlator_stream_stream_stream_stream_stream_stream_stream_stream_strea_19_Rbkb  |        8|  0|   0|    0|  2048|   64|     1|       131072|
    |correlator_stream_stream_stream_stream_stream_stream_stream_stream_strea_1_U   |correlator_stream_stream_stream_stream_stream_stream_stream_stream_strea_19_Rbkb  |        8|  0|   0|    0|  2048|   64|     1|       131072|
    |correlator_stream_stream_stream_stream_stream_stream_stream_stream_strea_9_U   |correlator_stream_stream_stream_stream_stream_stream_stream_stream_strea_19_Rbkb  |        8|  0|   0|    0|  2048|   64|     1|       131072|
    |correlator_stream_stream_stream_stream_stream_stream_stream_stream_strea_U     |correlator_stream_stream_stream_stream_stream_stream_stream_stream_strea_19_Rbkb  |        8|  0|   0|    0|  2048|   64|     1|       131072|
    |correlator_stream_stream_stream_stream_stream_stream_stream_stream_strea_8_U   |correlator_stream_stream_stream_stream_stream_stream_stream_stream_strea_19_Rbkb  |        8|  0|   0|    0|  2048|   64|     1|       131072|
    +-------------------------------------------------------------------------------+----------------------------------------------------------------------------------+---------+---+----+-----+------+-----+------+-------------+
    |Total                                                                          |                                                                                  |      132|  0|   0|    0| 40960| 1028|    20|      2105344|
    +-------------------------------------------------------------------------------+----------------------------------------------------------------------------------+---------+---+----+-----+------+-----+------+-------------+

    * FIFO: 
    N/A

    * Expression: 
    +-----------------------------------------------------------------+----------+----+---+----+------------+------------+
    |                          Variable Name                          | Operation| DSP| FF| LUT| Bitwidth P0| Bitwidth P1|
    +-----------------------------------------------------------------+----------+----+---+----+------------+------------+
    |add_ln89_fu_328_p2                                               |         +|   0|  0|  32|          32|           1|
    |ap_block_state2_on_subcall_done                                  |       and|   0|  0|   1|           1|           1|
    |grp_correlator_Pipeline_Offload_Loop_fu_236_dout_data_00_TREADY  |       and|   0|  0|   1|           1|           1|
    |grp_correlator_Pipeline_Offload_Loop_fu_236_dout_data_01_TREADY  |       and|   0|  0|   1|           1|           1|
    |grp_correlator_Pipeline_Offload_Loop_fu_236_dout_data_02_TREADY  |       and|   0|  0|   1|           1|           1|
    |grp_correlator_Pipeline_Offload_Loop_fu_236_dout_data_03_TREADY  |       and|   0|  0|   1|           1|           1|
    |grp_correlator_Pipeline_Offload_Loop_fu_236_dout_data_11_TREADY  |       and|   0|  0|   1|           1|           1|
    |grp_correlator_Pipeline_Offload_Loop_fu_236_dout_data_12_TREADY  |       and|   0|  0|   1|           1|           1|
    |grp_correlator_Pipeline_Offload_Loop_fu_236_dout_data_13_TREADY  |       and|   0|  0|   1|           1|           1|
    |grp_correlator_Pipeline_Offload_Loop_fu_236_dout_data_22_TREADY  |       and|   0|  0|   1|           1|           1|
    |grp_correlator_Pipeline_Offload_Loop_fu_236_dout_data_23_TREADY  |       and|   0|  0|   1|           1|           1|
    |grp_correlator_Pipeline_Offload_Loop_fu_236_dout_data_33_TREADY  |       and|   0|  0|   1|           1|           1|
    |icmp_ln91_fu_334_p2                                              |      icmp|   0|  0|  32|          32|          32|
    |ap_block_state8                                                  |        or|   0|  0|   1|           1|           1|
    |xor_ln95_fu_339_p2                                               |       xor|   0|  0|   2|           1|           2|
    +-----------------------------------------------------------------+----------+----+---+----+------------+------------+
    |Total                                                            |          |   0|  0|  78|          77|          47|
    +-----------------------------------------------------------------+----------+----+---+----+------------+------------+

    * Multiplexer: 
    +--------------------------------------------------------------------------------------+----+-----------+-----+-----------+
    |                                         Name                                         | LUT| Input Size| Bits| Total Bits|
    +--------------------------------------------------------------------------------------+----+-----------+-----+-----------+
    |ap_NS_fsm                                                                             |  37|          9|    1|          9|
    |correlator_stream_stream_stream_stream_stream_stream_stream_stream_strea_10_address1  |  17|          4|   11|         44|
    |correlator_stream_stream_stream_stream_stream_stream_stream_stream_strea_10_ce0       |   9|          2|    1|          2|
    |correlator_stream_stream_stream_stream_stream_stream_stream_stream_strea_10_ce1       |  17|          4|    1|          4|
    |correlator_stream_stream_stream_stream_stream_stream_stream_stream_strea_10_d1        |  17|          4|   64|        256|
    |correlator_stream_stream_stream_stream_stream_stream_stream_stream_strea_10_we1       |  17|          4|    1|          4|
    |correlator_stream_stream_stream_stream_stream_stream_stream_stream_strea_11_address1  |  17|          4|   11|         44|
    |correlator_stream_stream_stream_stream_stream_stream_stream_stream_strea_11_ce0       |   9|          2|    1|          2|
    |correlator_stream_stream_stream_stream_stream_stream_stream_stream_strea_11_ce1       |  17|          4|    1|          4|
    |correlator_stream_stream_stream_stream_stream_stream_stream_stream_strea_11_d1        |  17|          4|   64|        256|
    |correlator_stream_stream_stream_stream_stream_stream_stream_stream_strea_11_we1       |  17|          4|    1|          4|
    |correlator_stream_stream_stream_stream_stream_stream_stream_stream_strea_12_address1  |  17|          4|   11|         44|
    |correlator_stream_stream_stream_stream_stream_stream_stream_stream_strea_12_ce0       |   9|          2|    1|          2|
    |correlator_stream_stream_stream_stream_stream_stream_stream_stream_strea_12_ce1       |  17|          4|    1|          4|
    |correlator_stream_stream_stream_stream_stream_stream_stream_stream_strea_12_d1        |  17|          4|   64|        256|
    |correlator_stream_stream_stream_stream_stream_stream_stream_stream_strea_12_we1       |  17|          4|    1|          4|
    |correlator_stream_stream_stream_stream_stream_stream_stream_stream_strea_13_address1  |  17|          4|   11|         44|
    |correlator_stream_stream_stream_stream_stream_stream_stream_stream_strea_13_ce0       |   9|          2|    1|          2|
    |correlator_stream_stream_stream_stream_stream_stream_stream_stream_strea_13_ce1       |  17|          4|    1|          4|
    |correlator_stream_stream_stream_stream_stream_stream_stream_stream_strea_13_d1        |  17|          4|   64|        256|
    |correlator_stream_stream_stream_stream_stream_stream_stream_stream_strea_13_we1       |  17|          4|    1|          4|
    |correlator_stream_stream_stream_stream_stream_stream_stream_stream_strea_14_address1  |  13|          3|   11|         33|
    |correlator_stream_stream_stream_stream_stream_stream_stream_stream_strea_14_ce1       |  13|          3|    1|          3|
    |correlator_stream_stream_stream_stream_stream_stream_stream_stream_strea_14_d1        |  13|          3|    1|          3|
    |correlator_stream_stream_stream_stream_stream_stream_stream_stream_strea_14_we1       |  13|          3|    1|          3|
    |correlator_stream_stream_stream_stream_stream_stream_stream_stream_strea_15_address1  |  13|          3|   11|         33|
    |correlator_stream_stream_stream_stream_stream_stream_stream_stream_strea_15_ce1       |  13|          3|    1|          3|
    |correlator_stream_stream_stream_stream_stream_stream_stream_stream_strea_15_d1        |  13|          3|    1|          3|
    |correlator_stream_stream_stream_stream_stream_stream_stream_stream_strea_15_we1       |  13|          3|    1|          3|
    |correlator_stream_stream_stream_stream_stream_stream_stream_stream_strea_16_address1  |  13|          3|   11|         33|
    |correlator_stream_stream_stream_stream_stream_stream_stream_stream_strea_16_ce1       |  13|          3|    1|          3|
    |correlator_stream_stream_stream_stream_stream_stream_stream_stream_strea_16_d1        |  13|          3|    1|          3|
    |correlator_stream_stream_stream_stream_stream_stream_stream_stream_strea_16_we1       |  13|          3|    1|          3|
    |correlator_stream_stream_stream_stream_stream_stream_stream_stream_strea_17_address1  |  13|          3|   11|         33|
    |correlator_stream_stream_stream_stream_stream_stream_stream_stream_strea_17_ce1       |  13|          3|    1|          3|
    |correlator_stream_stream_stream_stream_stream_stream_stream_stream_strea_17_d1        |  13|          3|    1|          3|
    |correlator_stream_stream_stream_stream_stream_stream_stream_stream_strea_17_we1       |  13|          3|    1|          3|
    |correlator_stream_stream_stream_stream_stream_stream_stream_stream_strea_18_address1  |  17|          4|   11|         44|
    |correlator_stream_stream_stream_stream_stream_stream_stream_stream_strea_18_ce0       |   9|          2|    1|          2|
    |correlator_stream_stream_stream_stream_stream_stream_stream_stream_strea_18_ce1       |  17|          4|    1|          4|
    |correlator_stream_stream_stream_stream_stream_stream_stream_stream_strea_18_d1        |  17|          4|   64|        256|
    |correlator_stream_stream_stream_stream_stream_stream_stream_stream_strea_18_we1       |  17|          4|    1|          4|
    |correlator_stream_stream_stream_stream_stream_stream_stream_stream_strea_19_address1  |  17|          4|   11|         44|
    |correlator_stream_stream_stream_stream_stream_stream_stream_stream_strea_19_ce0       |   9|          2|    1|          2|
    |correlator_stream_stream_stream_stream_stream_stream_stream_stream_strea_19_ce1       |  17|          4|    1|          4|
    |correlator_stream_stream_stream_stream_stream_stream_stream_stream_strea_19_d1        |  17|          4|   64|        256|
    |correlator_stream_stream_stream_stream_stream_stream_stream_stream_strea_19_we1       |  17|          4|    1|          4|
    |correlator_stream_stream_stream_stream_stream_stream_stream_stream_strea_1_address1   |  17|          4|   11|         44|
    |correlator_stream_stream_stream_stream_stream_stream_stream_stream_strea_1_ce0        |   9|          2|    1|          2|
    |correlator_stream_stream_stream_stream_stream_stream_stream_stream_strea_1_ce1        |  17|          4|    1|          4|
    |correlator_stream_stream_stream_stream_stream_stream_stream_stream_strea_1_d1         |  17|          4|   64|        256|
    |correlator_stream_stream_stream_stream_stream_stream_stream_stream_strea_1_we1        |  17|          4|    1|          4|
    |correlator_stream_stream_stream_stream_stream_stream_stream_stream_strea_2_address1   |  17|          4|   11|         44|
    |correlator_stream_stream_stream_stream_stream_stream_stream_stream_strea_2_ce0        |   9|          2|    1|          2|
    |correlator_stream_stream_stream_stream_stream_stream_stream_stream_strea_2_ce1        |  17|          4|    1|          4|
    |correlator_stream_stream_stream_stream_stream_stream_stream_stream_strea_2_d1         |  17|          4|   64|        256|
    |correlator_stream_stream_stream_stream_stream_stream_stream_stream_strea_2_we1        |  17|          4|    1|          4|
    |correlator_stream_stream_stream_stream_stream_stream_stream_stream_strea_3_address1   |  17|          4|   11|         44|
    |correlator_stream_stream_stream_stream_stream_stream_stream_stream_strea_3_ce0        |   9|          2|    1|          2|
    |correlator_stream_stream_stream_stream_stream_stream_stream_stream_strea_3_ce1        |  17|          4|    1|          4|
    |correlator_stream_stream_stream_stream_stream_stream_stream_stream_strea_3_d1         |  17|          4|   64|        256|
    |correlator_stream_stream_stream_stream_stream_stream_stream_stream_strea_3_we1        |  17|          4|    1|          4|
    |correlator_stream_stream_stream_stream_stream_stream_stream_stream_strea_4_address1   |  17|          4|   11|         44|
    |correlator_stream_stream_stream_stream_stream_stream_stream_stream_strea_4_ce0        |   9|          2|    1|          2|
    |correlator_stream_stream_stream_stream_stream_stream_stream_stream_strea_4_ce1        |  17|          4|    1|          4|
    |correlator_stream_stream_stream_stream_stream_stream_stream_stream_strea_4_d1         |  17|          4|   64|        256|
    |correlator_stream_stream_stream_stream_stream_stream_stream_stream_strea_4_we1        |  17|          4|    1|          4|
    |correlator_stream_stream_stream_stream_stream_stream_stream_stream_strea_5_address1   |  17|          4|   11|         44|
    |correlator_stream_stream_stream_stream_stream_stream_stream_stream_strea_5_ce0        |   9|          2|    1|          2|
    |correlator_stream_stream_stream_stream_stream_stream_stream_stream_strea_5_ce1        |  17|          4|    1|          4|
    |correlator_stream_stream_stream_stream_stream_stream_stream_stream_strea_5_d1         |  17|          4|   64|        256|
    |correlator_stream_stream_stream_stream_stream_stream_stream_stream_strea_5_we1        |  17|          4|    1|          4|
    |correlator_stream_stream_stream_stream_stream_stream_stream_stream_strea_6_address1   |  17|          4|   11|         44|
    |correlator_stream_stream_stream_stream_stream_stream_stream_stream_strea_6_ce0        |   9|          2|    1|          2|
    |correlator_stream_stream_stream_stream_stream_stream_stream_stream_strea_6_ce1        |  17|          4|    1|          4|
    |correlator_stream_stream_stream_stream_stream_stream_stream_stream_strea_6_d1         |  17|          4|   64|        256|
    |correlator_stream_stream_stream_stream_stream_stream_stream_stream_strea_6_we1        |  17|          4|    1|          4|
    |correlator_stream_stream_stream_stream_stream_stream_stream_stream_strea_7_address1   |  17|          4|   11|         44|
    |correlator_stream_stream_stream_stream_stream_stream_stream_stream_strea_7_ce0        |   9|          2|    1|          2|
    |correlator_stream_stream_stream_stream_stream_stream_stream_stream_strea_7_ce1        |  17|          4|    1|          4|
    |correlator_stream_stream_stream_stream_stream_stream_stream_stream_strea_7_d1         |  17|          4|   64|        256|
    |correlator_stream_stream_stream_stream_stream_stream_stream_stream_strea_7_we1        |  17|          4|    1|          4|
    |correlator_stream_stream_stream_stream_stream_stream_stream_stream_strea_8_address1   |  17|          4|   11|         44|
    |correlator_stream_stream_stream_stream_stream_stream_stream_stream_strea_8_ce0        |   9|          2|    1|          2|
    |correlator_stream_stream_stream_stream_stream_stream_stream_stream_strea_8_ce1        |  17|          4|    1|          4|
    |correlator_stream_stream_stream_stream_stream_stream_stream_stream_strea_8_d1         |  17|          4|   64|        256|
    |correlator_stream_stream_stream_stream_stream_stream_stream_stream_strea_8_we1        |  17|          4|    1|          4|
    |correlator_stream_stream_stream_stream_stream_stream_stream_stream_strea_9_address1   |  17|          4|   11|         44|
    |correlator_stream_stream_stream_stream_stream_stream_stream_stream_strea_9_ce0        |   9|          2|    1|          2|
    |correlator_stream_stream_stream_stream_stream_stream_stream_stream_strea_9_ce1        |  17|          4|    1|          4|
    |correlator_stream_stream_stream_stream_stream_stream_stream_stream_strea_9_d1         |  17|          4|   64|        256|
    |correlator_stream_stream_stream_stream_stream_stream_stream_stream_strea_9_we1        |  17|          4|    1|          4|
    |correlator_stream_stream_stream_stream_stream_stream_stream_stream_strea_address1     |  17|          4|   11|         44|
    |correlator_stream_stream_stream_stream_stream_stream_stream_stream_strea_ce0          |   9|          2|    1|          2|
    |correlator_stream_stream_stream_stream_stream_stream_stream_stream_strea_ce1          |  17|          4|    1|          4|
    |correlator_stream_stream_stream_stream_stream_stream_stream_stream_strea_d1           |  17|          4|   64|        256|
    |correlator_stream_stream_stream_stream_stream_stream_stream_stream_strea_we1          |  17|          4|    1|          4|
    |din_data_0_TREADY_int_regslice                                                        |   9|          2|    1|          2|
    |din_data_1_TREADY_int_regslice                                                        |   9|          2|    1|          2|
    |din_data_2_TREADY_int_regslice                                                        |   9|          2|    1|          2|
    |din_data_3_TREADY_int_regslice                                                        |   9|          2|    1|          2|
    |frame_count_new_0_reg_136                                                             |   9|          2|   32|         64|
    +--------------------------------------------------------------------------------------+----+-----------+-----+-----------+
    |Total                                                                                 |1522|        355| 1341|       5209|
    +--------------------------------------------------------------------------------------+----+-----------+-----+-----------+

    * Register: 
    +---------------------------------------------------------------------------------------------+----+----+-----+-----------+
    |                                             Name                                            | FF | LUT| Bits| Const Bits|
    +---------------------------------------------------------------------------------------------+----+----+-----+-----------+
    |ap_CS_fsm                                                                                    |   8|   0|    8|          0|
    |bank_sel                                                                                     |   1|   0|    1|          0|
    |first_run                                                                                    |   1|   0|    1|          0|
    |first_run_load_reg_361                                                                       |   1|   0|    1|          0|
    |frame_count                                                                                  |  32|   0|   32|          0|
    |frame_count_new_0_reg_136                                                                    |  32|   0|   32|          0|
    |grp_correlator_Pipeline_Offload_Loop_fu_236_ap_start_reg                                     |   1|   0|    1|          0|
    |grp_correlator_Pipeline_Process_Frame_Loop_fu_191_ap_start_reg                               |   1|   0|    1|          0|
    |grp_correlator_Pipeline_VITIS_LOOP_52_1_VITIS_LOOP_53_2_VITIS_LOOP_54_3_fu_147_ap_start_reg  |   1|   0|    1|          0|
    |integration_time_frames_read_reg_356                                                         |  32|   0|   32|          0|
    |tmp_1_reg_368                                                                                |   1|   0|   11|         10|
    +---------------------------------------------------------------------------------------------+----+----+-----+-----------+
    |Total                                                                                        | 111|   0|  121|         10|
    +---------------------------------------------------------------------------------------------+----+----+-----+-----------+



================================================================
== Interface
================================================================
* Summary: 
+-----------------------+-----+-----+------------+--------------+--------------+
|       RTL Ports       | Dir | Bits|  Protocol  | Source Object|    C Type    |
+-----------------------+-----+-----+------------+--------------+--------------+
|s_axi_control_AWVALID  |   in|    1|       s_axi|       control|        scalar|
|s_axi_control_AWREADY  |  out|    1|       s_axi|       control|        scalar|
|s_axi_control_AWADDR   |   in|    5|       s_axi|       control|        scalar|
|s_axi_control_WVALID   |   in|    1|       s_axi|       control|        scalar|
|s_axi_control_WREADY   |  out|    1|       s_axi|       control|        scalar|
|s_axi_control_WDATA    |   in|   32|       s_axi|       control|        scalar|
|s_axi_control_WSTRB    |   in|    4|       s_axi|       control|        scalar|
|s_axi_control_ARVALID  |   in|    1|       s_axi|       control|        scalar|
|s_axi_control_ARREADY  |  out|    1|       s_axi|       control|        scalar|
|s_axi_control_ARADDR   |   in|    5|       s_axi|       control|        scalar|
|s_axi_control_RVALID   |  out|    1|       s_axi|       control|        scalar|
|s_axi_control_RREADY   |   in|    1|       s_axi|       control|        scalar|
|s_axi_control_RDATA    |  out|   32|       s_axi|       control|        scalar|
|s_axi_control_RRESP    |  out|    2|       s_axi|       control|        scalar|
|s_axi_control_BVALID   |  out|    1|       s_axi|       control|        scalar|
|s_axi_control_BREADY   |   in|    1|       s_axi|       control|        scalar|
|s_axi_control_BRESP    |  out|    2|       s_axi|       control|        scalar|
|ap_clk                 |   in|    1|  ap_ctrl_hs|    correlator|  return value|
|ap_rst_n               |   in|    1|  ap_ctrl_hs|    correlator|  return value|
|interrupt              |  out|    1|  ap_ctrl_hs|    correlator|  return value|
|din_data_0_TDATA       |   in|   32|        axis|    din_data_0|       pointer|
|din_data_0_TVALID      |   in|    1|        axis|    din_data_0|       pointer|
|din_data_0_TREADY      |  out|    1|        axis|    din_data_0|       pointer|
|din_data_1_TDATA       |   in|   32|        axis|    din_data_1|       pointer|
|din_data_1_TVALID      |   in|    1|        axis|    din_data_1|       pointer|
|din_data_1_TREADY      |  out|    1|        axis|    din_data_1|       pointer|
|din_data_2_TDATA       |   in|   32|        axis|    din_data_2|       pointer|
|din_data_2_TVALID      |   in|    1|        axis|    din_data_2|       pointer|
|din_data_2_TREADY      |  out|    1|        axis|    din_data_2|       pointer|
|din_data_3_TDATA       |   in|   32|        axis|    din_data_3|       pointer|
|din_data_3_TVALID      |   in|    1|        axis|    din_data_3|       pointer|
|din_data_3_TREADY      |  out|    1|        axis|    din_data_3|       pointer|
|dout_data_00_TDATA     |  out|  128|        axis|  dout_data_00|       pointer|
|dout_data_00_TVALID    |  out|    1|        axis|  dout_data_00|       pointer|
|dout_data_00_TREADY    |   in|    1|        axis|  dout_data_00|       pointer|
|dout_data_11_TDATA     |  out|  128|        axis|  dout_data_11|       pointer|
|dout_data_11_TVALID    |  out|    1|        axis|  dout_data_11|       pointer|
|dout_data_11_TREADY    |   in|    1|        axis|  dout_data_11|       pointer|
|dout_data_22_TDATA     |  out|  128|        axis|  dout_data_22|       pointer|
|dout_data_22_TVALID    |  out|    1|        axis|  dout_data_22|       pointer|
|dout_data_22_TREADY    |   in|    1|        axis|  dout_data_22|       pointer|
|dout_data_33_TDATA     |  out|  128|        axis|  dout_data_33|       pointer|
|dout_data_33_TVALID    |  out|    1|        axis|  dout_data_33|       pointer|
|dout_data_33_TREADY    |   in|    1|        axis|  dout_data_33|       pointer|
|dout_data_01_TDATA     |  out|  128|        axis|  dout_data_01|       pointer|
|dout_data_01_TVALID    |  out|    1|        axis|  dout_data_01|       pointer|
|dout_data_01_TREADY    |   in|    1|        axis|  dout_data_01|       pointer|
|dout_data_02_TDATA     |  out|  128|        axis|  dout_data_02|       pointer|
|dout_data_02_TVALID    |  out|    1|        axis|  dout_data_02|       pointer|
|dout_data_02_TREADY    |   in|    1|        axis|  dout_data_02|       pointer|
|dout_data_03_TDATA     |  out|  128|        axis|  dout_data_03|       pointer|
|dout_data_03_TVALID    |  out|    1|        axis|  dout_data_03|       pointer|
|dout_data_03_TREADY    |   in|    1|        axis|  dout_data_03|       pointer|
|dout_data_12_TDATA     |  out|  128|        axis|  dout_data_12|       pointer|
|dout_data_12_TVALID    |  out|    1|        axis|  dout_data_12|       pointer|
|dout_data_12_TREADY    |   in|    1|        axis|  dout_data_12|       pointer|
|dout_data_13_TDATA     |  out|  128|        axis|  dout_data_13|       pointer|
|dout_data_13_TVALID    |  out|    1|        axis|  dout_data_13|       pointer|
|dout_data_13_TREADY    |   in|    1|        axis|  dout_data_13|       pointer|
|dout_data_23_TDATA     |  out|  128|        axis|  dout_data_23|       pointer|
|dout_data_23_TVALID    |  out|    1|        axis|  dout_data_23|       pointer|
|dout_data_23_TREADY    |   in|    1|        axis|  dout_data_23|       pointer|
+-----------------------+-----+-----+------------+--------------+--------------+

