directive:1:9: warning: HLS pragma dump _XLX_SEP_ PragmaIsValid=1_XLX_SEP_ PragmaType=top_XLX_SEP_ PragmaContext=directive_XLX_SEP_ PragmaFunction=correlator_XLX_SEP_ PragmaOptions=name=correlator_XLX_SEP_ [-Wdump-hls-pragmas]
#pragma HLSDIRECTIVE TOP name=correlator
        ^
/home/brett/Documents/FX_Correlator/pfb/hls_correlator/correlator_top.cpp:22:9: warning: HLS pragma dump _XLX_SEP_ PragmaIsValid=1_XLX_SEP_ PragmaType=interface_XLX_SEP_ PragmaContext=_XLX_SEP_ PragmaFunction=correlator_XLX_SEP_ PragmaOptions=axis port=din_data_0 depth=2048_XLX_SEP_ [-Wdump-hls-pragmas]
#pragma HLS INTERFACE axis port=din_data_0 depth=2048
        ^
/home/brett/Documents/FX_Correlator/pfb/hls_correlator/correlator_top.cpp:23:9: warning: HLS pragma dump _XLX_SEP_ PragmaIsValid=1_XLX_SEP_ PragmaType=interface_XLX_SEP_ PragmaContext=_XLX_SEP_ PragmaFunction=correlator_XLX_SEP_ PragmaOptions=axis port=din_data_1 depth=2048_XLX_SEP_ [-Wdump-hls-pragmas]
#pragma HLS INTERFACE axis port=din_data_1 depth=2048
        ^
/home/brett/Documents/FX_Correlator/pfb/hls_correlator/correlator_top.cpp:24:9: warning: HLS pragma dump _XLX_SEP_ PragmaIsValid=1_XLX_SEP_ PragmaType=interface_XLX_SEP_ PragmaContext=_XLX_SEP_ PragmaFunction=correlator_XLX_SEP_ PragmaOptions=axis port=din_data_2 depth=2048_XLX_SEP_ [-Wdump-hls-pragmas]
#pragma HLS INTERFACE axis port=din_data_2 depth=2048
        ^
/home/brett/Documents/FX_Correlator/pfb/hls_correlator/correlator_top.cpp:25:9: warning: HLS pragma dump _XLX_SEP_ PragmaIsValid=1_XLX_SEP_ PragmaType=interface_XLX_SEP_ PragmaContext=_XLX_SEP_ PragmaFunction=correlator_XLX_SEP_ PragmaOptions=axis port=din_data_3 depth=2048_XLX_SEP_ [-Wdump-hls-pragmas]
#pragma HLS INTERFACE axis port=din_data_3 depth=2048
        ^
/home/brett/Documents/FX_Correlator/pfb/hls_correlator/correlator_top.cpp:27:9: warning: HLS pragma dump _XLX_SEP_ PragmaIsValid=1_XLX_SEP_ PragmaType=interface_XLX_SEP_ PragmaContext=_XLX_SEP_ PragmaFunction=correlator_XLX_SEP_ PragmaOptions=axis port=dout_data_00 depth=2048_XLX_SEP_ [-Wdump-hls-pragmas]
#pragma HLS INTERFACE axis port=dout_data_00 depth=2048
        ^
/home/brett/Documents/FX_Correlator/pfb/hls_correlator/correlator_top.cpp:28:9: warning: HLS pragma dump _XLX_SEP_ PragmaIsValid=1_XLX_SEP_ PragmaType=interface_XLX_SEP_ PragmaContext=_XLX_SEP_ PragmaFunction=correlator_XLX_SEP_ PragmaOptions=axis port=dout_data_11 depth=2048_XLX_SEP_ [-Wdump-hls-pragmas]
#pragma HLS INTERFACE axis port=dout_data_11 depth=2048
        ^
/home/brett/Documents/FX_Correlator/pfb/hls_correlator/correlator_top.cpp:29:9: warning: HLS pragma dump _XLX_SEP_ PragmaIsValid=1_XLX_SEP_ PragmaType=interface_XLX_SEP_ PragmaContext=_XLX_SEP_ PragmaFunction=correlator_XLX_SEP_ PragmaOptions=axis port=dout_data_22 depth=2048_XLX_SEP_ [-Wdump-hls-pragmas]
#pragma HLS INTERFACE axis port=dout_data_22 depth=2048
        ^
/home/brett/Documents/FX_Correlator/pfb/hls_correlator/correlator_top.cpp:30:9: warning: HLS pragma dump _XLX_SEP_ PragmaIsValid=1_XLX_SEP_ PragmaType=interface_XLX_SEP_ PragmaContext=_XLX_SEP_ PragmaFunction=correlator_XLX_SEP_ PragmaOptions=axis port=dout_data_33 depth=2048_XLX_SEP_ [-Wdump-hls-pragmas]
#pragma HLS INTERFACE axis port=dout_data_33 depth=2048
        ^
/home/brett/Documents/FX_Correlator/pfb/hls_correlator/correlator_top.cpp:31:9: warning: HLS pragma dump _XLX_SEP_ PragmaIsValid=1_XLX_SEP_ PragmaType=interface_XLX_SEP_ PragmaContext=_XLX_SEP_ PragmaFunction=correlator_XLX_SEP_ PragmaOptions=axis port=dout_data_01 depth=2048_XLX_SEP_ [-Wdump-hls-pragmas]
#pragma HLS INTERFACE axis port=dout_data_01 depth=2048
        ^
/home/brett/Documents/FX_Correlator/pfb/hls_correlator/correlator_top.cpp:32:9: warning: HLS pragma dump _XLX_SEP_ PragmaIsValid=1_XLX_SEP_ PragmaType=interface_XLX_SEP_ PragmaContext=_XLX_SEP_ PragmaFunction=correlator_XLX_SEP_ PragmaOptions=axis port=dout_data_02 depth=2048_XLX_SEP_ [-Wdump-hls-pragmas]
#pragma HLS INTERFACE axis port=dout_data_02 depth=2048
        ^
/home/brett/Documents/FX_Correlator/pfb/hls_correlator/correlator_top.cpp:33:9: warning: HLS pragma dump _XLX_SEP_ PragmaIsValid=1_XLX_SEP_ PragmaType=interface_XLX_SEP_ PragmaContext=_XLX_SEP_ PragmaFunction=correlator_XLX_SEP_ PragmaOptions=axis port=dout_data_03 depth=2048_XLX_SEP_ [-Wdump-hls-pragmas]
#pragma HLS INTERFACE axis port=dout_data_03 depth=2048
        ^
/home/brett/Documents/FX_Correlator/pfb/hls_correlator/correlator_top.cpp:34:9: warning: HLS pragma dump _XLX_SEP_ PragmaIsValid=1_XLX_SEP_ PragmaType=interface_XLX_SEP_ PragmaContext=_XLX_SEP_ PragmaFunction=correlator_XLX_SEP_ PragmaOptions=axis port=dout_data_12 depth=2048_XLX_SEP_ [-Wdump-hls-pragmas]
#pragma HLS INTERFACE axis port=dout_data_12 depth=2048
        ^
/home/brett/Documents/FX_Correlator/pfb/hls_correlator/correlator_top.cpp:35:9: warning: HLS pragma dump _XLX_SEP_ PragmaIsValid=1_XLX_SEP_ PragmaType=interface_XLX_SEP_ PragmaContext=_XLX_SEP_ PragmaFunction=correlator_XLX_SEP_ PragmaOptions=axis port=dout_data_13 depth=2048_XLX_SEP_ [-Wdump-hls-pragmas]
#pragma HLS INTERFACE axis port=dout_data_13 depth=2048
        ^
/home/brett/Documents/FX_Correlator/pfb/hls_correlator/correlator_top.cpp:36:9: warning: HLS pragma dump _XLX_SEP_ PragmaIsValid=1_XLX_SEP_ PragmaType=interface_XLX_SEP_ PragmaContext=_XLX_SEP_ PragmaFunction=correlator_XLX_SEP_ PragmaOptions=axis port=dout_data_23 depth=2048_XLX_SEP_ [-Wdump-hls-pragmas]
#pragma HLS INTERFACE axis port=dout_data_23 depth=2048
        ^
/home/brett/Documents/FX_Correlator/pfb/hls_correlator/correlator_top.cpp:38:9: warning: HLS pragma dump _XLX_SEP_ PragmaIsValid=1_XLX_SEP_ PragmaType=interface_XLX_SEP_ PragmaContext=_XLX_SEP_ PragmaFunction=correlator_XLX_SEP_ PragmaOptions=s_axilite port=integration_time_frames bundle=control_XLX_SEP_ [-Wdump-hls-pragmas]
#pragma HLS INTERFACE s_axilite port=integration_time_frames bundle=control
        ^
/home/brett/Documents/FX_Correlator/pfb/hls_correlator/correlator_top.cpp:39:9: warning: HLS pragma dump _XLX_SEP_ PragmaIsValid=1_XLX_SEP_ PragmaType=interface_XLX_SEP_ PragmaContext=_XLX_SEP_ PragmaFunction=correlator_XLX_SEP_ PragmaOptions=s_axilite port=return bundle=control_XLX_SEP_ [-Wdump-hls-pragmas]
#pragma HLS INTERFACE s_axilite port=return bundle=control
        ^
/home/brett/Documents/FX_Correlator/pfb/hls_correlator/correlator_top.cpp:43:9: warning: HLS pragma dump _XLX_SEP_ PragmaIsValid=1_XLX_SEP_ PragmaType=bind_storage_XLX_SEP_ PragmaContext=_XLX_SEP_ PragmaFunction=correlator_XLX_SEP_ PragmaOptions=variable=accumulator_ram type=ram_2p impl=bram_XLX_SEP_ [-Wdump-hls-pragmas]
#pragma HLS BIND_STORAGE variable=accumulator_ram type=ram_2p impl=bram
        ^
/home/brett/Documents/FX_Correlator/pfb/hls_correlator/correlator_top.cpp:45:9: warning: HLS pragma dump _XLX_SEP_ PragmaIsValid=1_XLX_SEP_ PragmaType=array_partition_XLX_SEP_ PragmaContext=_XLX_SEP_ PragmaFunction=correlator_XLX_SEP_ PragmaOptions=variable=accumulator_ram dim=2 complete_XLX_SEP_ [-Wdump-hls-pragmas]
#pragma HLS ARRAY_PARTITION variable=accumulator_ram dim=2 complete
        ^
/home/brett/Documents/FX_Correlator/pfb/hls_correlator/correlator_top.cpp:60:9: warning: HLS pragma dump _XLX_SEP_ PragmaIsValid=1_XLX_SEP_ PragmaType=pipeline_XLX_SEP_ PragmaContext=_XLX_SEP_ PragmaFunction=correlator_XLX_SEP_ PragmaOptions=II=1_XLX_SEP_ [-Wdump-hls-pragmas]
#pragma HLS PIPELINE II=1
        ^
/home/brett/Documents/FX_Correlator/pfb/hls_correlator/correlator_top.cpp:98:9: warning: HLS pragma dump _XLX_SEP_ PragmaIsValid=1_XLX_SEP_ PragmaType=pipeline_XLX_SEP_ PragmaContext=_XLX_SEP_ PragmaFunction=correlator_XLX_SEP_ PragmaOptions=II=1_XLX_SEP_ [-Wdump-hls-pragmas]
#pragma HLS PIPELINE II=1
        ^
21 warnings generated.
