14:50:40 INFO  : updated workspace path: 
14:50:40 INFO  : updated workspace path: 
14:50:40 INFO  : bash, -c, source /tools/Xilinx/Vitis/2023.2/tps/lnx64/lopper-1.1.0/env/bin/activate && python /tools/Xilinx/Vitis/2023.2/data/embeddedsw/scripts/pyesw//repo.py -st  /tools/Xilinx/Vitis/2023.2/data/embeddedsw && deactivate
14:50:40 INFO  : Traceback (most recent call last):
14:50:40 INFO  :   File "/tools/Xilinx/Vitis/2023.2/data/embeddedsw/scripts/pyesw//repo.py", line 13, in <module>
14:50:40 INFO  :     import utils
14:50:40 INFO  :   File "/tools/Xilinx/Vitis/2023.2/data/embeddedsw/scripts/pyesw/utils.py", line 16, in <module>
14:50:40 INFO  :     import yaml
14:50:40 INFO  : ModuleNotFoundError: No module named 'yaml'
14:50:40 ERROR : Error in Creating Embedded Repositories at '/tmp/rigel_lopper_brett3679358102635622888'.
14:50:40 ERROR : Error in Creating Embedded Repositories at '/tmp/rigel_lopper_brett3679358102635622888'.
14:50:43 INFO  : bash, -c, source /tools/Xilinx/Vitis/2023.2/tps/lnx64/lopper-1.1.0/env/bin/activate && python /tools/Xilinx/Vitis/2023.2/data/embeddedsw/scripts/pyesw//repo.py -st  /tools/Xilinx/Vitis/2023.2/data/embeddedsw && deactivate
14:50:43 INFO  : Traceback (most recent call last):
14:50:43 INFO  :   File "/tools/Xilinx/Vitis/2023.2/data/embeddedsw/scripts/pyesw//repo.py", line 13, in <module>
14:50:43 INFO  :     import utils
14:50:43 INFO  :   File "/tools/Xilinx/Vitis/2023.2/data/embeddedsw/scripts/pyesw/utils.py", line 16, in <module>
14:50:43 INFO  :     import yaml
14:50:43 INFO  : ModuleNotFoundError: No module named 'yaml'
14:50:43 ERROR : Error in Creating Embedded Repositories at '/tmp/rigel_lopper_brett7887986464449385921'.
14:50:43 ERROR : Error in Creating Embedded Repositories at '/tmp/rigel_lopper_brett7887986464449385921'.
14:50:44 INFO  : created .gitignore file for the project /home/brett/Documents/FX_Correlator/pfb
19:05:19 INFO  : updated workspace path: 
19:05:19 INFO  : updated workspace path: 
19:05:19 INFO  : bash, -c, source /tools/Xilinx/Vitis/2023.2/tps/lnx64/lopper-1.1.0/env/bin/activate && python /tools/Xilinx/Vitis/2023.2/data/embeddedsw/scripts/pyesw//repo.py -st  /tools/Xilinx/Vitis/2023.2/data/embeddedsw && deactivate
19:05:19 INFO  : Traceback (most recent call last):
19:05:19 INFO  :   File "/tools/Xilinx/Vitis/2023.2/data/embeddedsw/scripts/pyesw//repo.py", line 13, in <module>
19:05:19 INFO  :     import utils
19:05:19 INFO  :   File "/tools/Xilinx/Vitis/2023.2/data/embeddedsw/scripts/pyesw/utils.py", line 16, in <module>
19:05:19 INFO  :     import yaml
19:05:19 INFO  : ModuleNotFoundError: No module named 'yaml'
19:05:19 ERROR : Error in Creating Embedded Repositories at '/tmp/rigel_lopper_brett14117754993935478007'.
19:05:19 ERROR : Error in Creating Embedded Repositories at '/tmp/rigel_lopper_brett14117754993935478007'.
19:05:19 INFO  : bash, -c, source /tools/Xilinx/Vitis/2023.2/tps/lnx64/lopper-1.1.0/env/bin/activate && python /tools/Xilinx/Vitis/2023.2/data/embeddedsw/scripts/pyesw//repo.py -st  /tools/Xilinx/Vitis/2023.2/data/embeddedsw && deactivate
19:05:19 INFO  : Traceback (most recent call last):
19:05:19 INFO  :   File "/tools/Xilinx/Vitis/2023.2/data/embeddedsw/scripts/pyesw//repo.py", line 13, in <module>
19:05:19 INFO  :     import utils
19:05:19 INFO  :   File "/tools/Xilinx/Vitis/2023.2/data/embeddedsw/scripts/pyesw/utils.py", line 16, in <module>
19:05:19 INFO  :     import yaml
19:05:19 INFO  : ModuleNotFoundError: No module named 'yaml'
19:05:19 ERROR : Error in Creating Embedded Repositories at '/tmp/rigel_lopper_brett11942381178399494351'.
19:05:19 ERROR : Error in Creating Embedded Repositories at '/tmp/rigel_lopper_brett11942381178399494351'.
19:05:33 INFO  : bash, -c, source /tools/Xilinx/Vitis/2023.2/tps/lnx64/lopper-1.1.0/env/bin/activate && python /tools/Xilinx/Vitis/2023.2/data/embeddedsw/scripts/pyesw//repo.py -st  /tools/Xilinx/Vitis/2023.2/data/embeddedsw && deactivate
19:05:33 INFO  : Traceback (most recent call last):
19:05:33 INFO  :   File "/tools/Xilinx/Vitis/2023.2/data/embeddedsw/scripts/pyesw//repo.py", line 13, in <module>
19:05:33 INFO  :     import utils
19:05:33 INFO  :   File "/tools/Xilinx/Vitis/2023.2/data/embeddedsw/scripts/pyesw/utils.py", line 16, in <module>
19:05:33 INFO  :     import yaml
19:05:33 INFO  : ModuleNotFoundError: No module named 'yaml'
19:05:33 ERROR : Error in Creating Embedded Repositories at '/tmp/rigel_lopper_brett18241139388503041527'.
19:05:33 ERROR : Error in Creating Embedded Repositories at '/tmp/rigel_lopper_brett18241139388503041527'.
20:49:16 INFO  : updated workspace path: 
20:49:16 INFO  : updated workspace path: 
20:49:20 INFO  : bash, -c, source /tools/Xilinx/Vitis/2023.2/tps/lnx64/lopper-1.1.0/env/bin/activate && python /tools/Xilinx/Vitis/2023.2/data/embeddedsw/scripts/pyesw//repo.py -st  /tools/Xilinx/Vitis/2023.2/data/embeddedsw && deactivate
20:49:20 INFO  : Traceback (most recent call last):
20:49:20 INFO  :   File "/tools/Xilinx/Vitis/2023.2/data/embeddedsw/scripts/pyesw//repo.py", line 13, in <module>
20:49:20 INFO  :     import utils
20:49:20 INFO  :   File "/tools/Xilinx/Vitis/2023.2/data/embeddedsw/scripts/pyesw/utils.py", line 16, in <module>
20:49:20 INFO  :     import yaml
20:49:20 INFO  : ModuleNotFoundError: No module named 'yaml'
20:49:20 ERROR : Error in Creating Embedded Repositories at '/tmp/rigel_lopper_brett15986955462968060067'.
20:49:20 ERROR : Error in Creating Embedded Repositories at '/tmp/rigel_lopper_brett15986955462968060067'.
20:49:20 INFO  : bash, -c, source /tools/Xilinx/Vitis/2023.2/tps/lnx64/lopper-1.1.0/env/bin/activate && python /tools/Xilinx/Vitis/2023.2/data/embeddedsw/scripts/pyesw//repo.py -st  /tools/Xilinx/Vitis/2023.2/data/embeddedsw && deactivate
20:49:20 INFO  : Traceback (most recent call last):
20:49:20 INFO  :   File "/tools/Xilinx/Vitis/2023.2/data/embeddedsw/scripts/pyesw//repo.py", line 13, in <module>
20:49:20 INFO  :     import utils
20:49:20 INFO  :   File "/tools/Xilinx/Vitis/2023.2/data/embeddedsw/scripts/pyesw/utils.py", line 16, in <module>
20:49:20 INFO  :     import yaml
20:49:20 INFO  : ModuleNotFoundError: No module named 'yaml'
20:49:20 ERROR : Error in Creating Embedded Repositories at '/tmp/rigel_lopper_brett3053438491056055183'.
20:49:20 ERROR : Error in Creating Embedded Repositories at '/tmp/rigel_lopper_brett3053438491056055183'.
20:49:26 INFO  : bash, -c, source /tools/Xilinx/Vitis/2023.2/tps/lnx64/lopper-1.1.0/env/bin/activate && python /tools/Xilinx/Vitis/2023.2/data/embeddedsw/scripts/pyesw//repo.py -st  /tools/Xilinx/Vitis/2023.2/data/embeddedsw && deactivate
20:49:26 INFO  : Traceback (most recent call last):
20:49:26 INFO  :   File "/tools/Xilinx/Vitis/2023.2/data/embeddedsw/scripts/pyesw//repo.py", line 13, in <module>
20:49:26 INFO  :     import utils
20:49:26 INFO  :   File "/tools/Xilinx/Vitis/2023.2/data/embeddedsw/scripts/pyesw/utils.py", line 16, in <module>
20:49:26 INFO  :     import yaml
20:49:26 INFO  : ModuleNotFoundError: No module named 'yaml'
20:49:26 ERROR : Error in Creating Embedded Repositories at '/tmp/rigel_lopper_brett3944802015046883439'.
20:49:26 ERROR : Error in Creating Embedded Repositories at '/tmp/rigel_lopper_brett3944802015046883439'.
20:49:26 INFO  : created .gitignore file for the project /home/brett/Documents/FX_Correlator/pfb
21:22:43 INFO  : updated workspace path: 
21:22:43 INFO  : updated workspace path: 
21:22:43 INFO  : bash, -c, source /tools/Xilinx/Vitis/2023.2/tps/lnx64/lopper-1.1.0/env/bin/activate && python /tools/Xilinx/Vitis/2023.2/data/embeddedsw/scripts/pyesw//repo.py -st  /tools/Xilinx/Vitis/2023.2/data/embeddedsw && deactivate
21:22:43 INFO  : Traceback (most recent call last):
21:22:43 INFO  :   File "/tools/Xilinx/Vitis/2023.2/data/embeddedsw/scripts/pyesw//repo.py", line 13, in <module>
21:22:43 INFO  :     import utils
21:22:43 INFO  :   File "/tools/Xilinx/Vitis/2023.2/data/embeddedsw/scripts/pyesw/utils.py", line 16, in <module>
21:22:43 INFO  :     import yaml
21:22:43 INFO  : ModuleNotFoundError: No module named 'yaml'
21:22:43 ERROR : Error in Creating Embedded Repositories at '/tmp/rigel_lopper_brett2416847162843278451'.
21:22:43 ERROR : Error in Creating Embedded Repositories at '/tmp/rigel_lopper_brett2416847162843278451'.
21:22:43 INFO  : bash, -c, source /tools/Xilinx/Vitis/2023.2/tps/lnx64/lopper-1.1.0/env/bin/activate && python /tools/Xilinx/Vitis/2023.2/data/embeddedsw/scripts/pyesw//repo.py -st  /tools/Xilinx/Vitis/2023.2/data/embeddedsw && deactivate
21:22:43 INFO  : Traceback (most recent call last):
21:22:43 INFO  :   File "/tools/Xilinx/Vitis/2023.2/data/embeddedsw/scripts/pyesw//repo.py", line 13, in <module>
21:22:43 INFO  :     import utils
21:22:43 INFO  :   File "/tools/Xilinx/Vitis/2023.2/data/embeddedsw/scripts/pyesw/utils.py", line 16, in <module>
21:22:43 INFO  :     import yaml
21:22:43 INFO  : ModuleNotFoundError: No module named 'yaml'
21:22:43 ERROR : Error in Creating Embedded Repositories at '/tmp/rigel_lopper_brett11562637523913987818'.
21:22:43 ERROR : Error in Creating Embedded Repositories at '/tmp/rigel_lopper_brett11562637523913987818'.
21:22:47 INFO  : bash, -c, source /tools/Xilinx/Vitis/2023.2/tps/lnx64/lopper-1.1.0/env/bin/activate && python /tools/Xilinx/Vitis/2023.2/data/embeddedsw/scripts/pyesw//repo.py -st  /tools/Xilinx/Vitis/2023.2/data/embeddedsw && deactivate
21:22:47 INFO  : Traceback (most recent call last):
21:22:47 INFO  :   File "/tools/Xilinx/Vitis/2023.2/data/embeddedsw/scripts/pyesw//repo.py", line 13, in <module>
21:22:47 INFO  :     import utils
21:22:47 INFO  :   File "/tools/Xilinx/Vitis/2023.2/data/embeddedsw/scripts/pyesw/utils.py", line 16, in <module>
21:22:47 INFO  :     import yaml
21:22:47 INFO  : ModuleNotFoundError: No module named 'yaml'
21:22:47 ERROR : Error in Creating Embedded Repositories at '/tmp/rigel_lopper_brett6112710946134503591'.
21:22:47 ERROR : Error in Creating Embedded Repositories at '/tmp/rigel_lopper_brett6112710946134503591'.
21:22:47 INFO  : created .gitignore file for the project /home/brett/Documents/fft_test
13:35:10 INFO  : updated workspace path: 
13:35:10 INFO  : updated workspace path: 
13:35:10 INFO  : bash, -c, source /tools/Xilinx/Vitis/2023.2/tps/lnx64/lopper-1.1.0/env/bin/activate && python /tools/Xilinx/Vitis/2023.2/data/embeddedsw/scripts/pyesw//repo.py -st  /tools/Xilinx/Vitis/2023.2/data/embeddedsw && deactivate
13:35:10 INFO  : Traceback (most recent call last):
13:35:10 INFO  :   File "/tools/Xilinx/Vitis/2023.2/data/embeddedsw/scripts/pyesw//repo.py", line 13, in <module>
13:35:10 INFO  :     import utils
13:35:10 INFO  :   File "/tools/Xilinx/Vitis/2023.2/data/embeddedsw/scripts/pyesw/utils.py", line 16, in <module>
13:35:10 INFO  :     import yaml
13:35:10 INFO  : ModuleNotFoundError: No module named 'yaml'
13:35:10 ERROR : Error in Creating Embedded Repositories at '/tmp/rigel_lopper_brett1716882032013803250'.
13:35:10 ERROR : Error in Creating Embedded Repositories at '/tmp/rigel_lopper_brett1716882032013803250'.
13:35:10 INFO  : bash, -c, source /tools/Xilinx/Vitis/2023.2/tps/lnx64/lopper-1.1.0/env/bin/activate && python /tools/Xilinx/Vitis/2023.2/data/embeddedsw/scripts/pyesw//repo.py -st  /tools/Xilinx/Vitis/2023.2/data/embeddedsw && deactivate
13:35:10 INFO  : Traceback (most recent call last):
13:35:10 INFO  :   File "/tools/Xilinx/Vitis/2023.2/data/embeddedsw/scripts/pyesw//repo.py", line 13, in <module>
13:35:10 INFO  :     import utils
13:35:10 INFO  :   File "/tools/Xilinx/Vitis/2023.2/data/embeddedsw/scripts/pyesw/utils.py", line 16, in <module>
13:35:10 INFO  :     import yaml
13:35:10 INFO  : ModuleNotFoundError: No module named 'yaml'
13:35:10 ERROR : Error in Creating Embedded Repositories at '/tmp/rigel_lopper_brett11721762061764677482'.
13:35:10 ERROR : Error in Creating Embedded Repositories at '/tmp/rigel_lopper_brett11721762061764677482'.
13:36:03 INFO  : bash, -c, source /tools/Xilinx/Vitis/2023.2/tps/lnx64/lopper-1.1.0/env/bin/activate && python /tools/Xilinx/Vitis/2023.2/data/embeddedsw/scripts/pyesw//repo.py -st  /tools/Xilinx/Vitis/2023.2/data/embeddedsw && deactivate
13:36:03 INFO  : Traceback (most recent call last):
13:36:03 INFO  :   File "/tools/Xilinx/Vitis/2023.2/data/embeddedsw/scripts/pyesw//repo.py", line 13, in <module>
13:36:03 INFO  :     import utils
13:36:03 INFO  :   File "/tools/Xilinx/Vitis/2023.2/data/embeddedsw/scripts/pyesw/utils.py", line 16, in <module>
13:36:03 INFO  :     import yaml
13:36:03 INFO  : ModuleNotFoundError: No module named 'yaml'
13:36:03 ERROR : Error in Creating Embedded Repositories at '/tmp/rigel_lopper_brett2418848931833829158'.
13:36:03 ERROR : Error in Creating Embedded Repositories at '/tmp/rigel_lopper_brett2418848931833829158'.
13:36:03 INFO  : created .gitignore file for the project /home/brett/Documents/FX_Correlator/pfb
16:14:44 INFO  : updated workspace path: 
16:14:44 INFO  : updated workspace path: 
16:14:48 INFO  : bash, -c, source /tools/Xilinx/Vitis/2023.2/tps/lnx64/lopper-1.1.0/env/bin/activate && python /tools/Xilinx/Vitis/2023.2/data/embeddedsw/scripts/pyesw//repo.py -st  /tools/Xilinx/Vitis/2023.2/data/embeddedsw && deactivate
16:14:48 INFO  : Traceback (most recent call last):
16:14:48 INFO  :   File "/tools/Xilinx/Vitis/2023.2/data/embeddedsw/scripts/pyesw//repo.py", line 13, in <module>
16:14:48 INFO  :     import utils
16:14:48 INFO  :   File "/tools/Xilinx/Vitis/2023.2/data/embeddedsw/scripts/pyesw/utils.py", line 16, in <module>
16:14:48 INFO  :     import yaml
16:14:48 INFO  : ModuleNotFoundError: No module named 'yaml'
16:14:48 ERROR : Error in Creating Embedded Repositories at '/tmp/rigel_lopper_brett60164128809157168'.
16:14:48 ERROR : Error in Creating Embedded Repositories at '/tmp/rigel_lopper_brett60164128809157168'.
16:14:48 INFO  : bash, -c, source /tools/Xilinx/Vitis/2023.2/tps/lnx64/lopper-1.1.0/env/bin/activate && python /tools/Xilinx/Vitis/2023.2/data/embeddedsw/scripts/pyesw//repo.py -st  /tools/Xilinx/Vitis/2023.2/data/embeddedsw && deactivate
16:14:48 INFO  : Traceback (most recent call last):
16:14:48 INFO  :   File "/tools/Xilinx/Vitis/2023.2/data/embeddedsw/scripts/pyesw//repo.py", line 13, in <module>
16:14:48 INFO  :     import utils
16:14:48 INFO  :   File "/tools/Xilinx/Vitis/2023.2/data/embeddedsw/scripts/pyesw/utils.py", line 16, in <module>
16:14:48 INFO  :     import yaml
16:14:48 INFO  : ModuleNotFoundError: No module named 'yaml'
16:14:48 ERROR : Error in Creating Embedded Repositories at '/tmp/rigel_lopper_brett3244146230532266304'.
16:14:48 ERROR : Error in Creating Embedded Repositories at '/tmp/rigel_lopper_brett3244146230532266304'.
16:14:53 INFO  : bash, -c, source /tools/Xilinx/Vitis/2023.2/tps/lnx64/lopper-1.1.0/env/bin/activate && python /tools/Xilinx/Vitis/2023.2/data/embeddedsw/scripts/pyesw//repo.py -st  /tools/Xilinx/Vitis/2023.2/data/embeddedsw && deactivate
16:14:53 INFO  : Traceback (most recent call last):
16:14:53 INFO  :   File "/tools/Xilinx/Vitis/2023.2/data/embeddedsw/scripts/pyesw//repo.py", line 13, in <module>
16:14:53 INFO  :     import utils
16:14:53 INFO  :   File "/tools/Xilinx/Vitis/2023.2/data/embeddedsw/scripts/pyesw/utils.py", line 16, in <module>
16:14:53 INFO  :     import yaml
16:14:53 INFO  : ModuleNotFoundError: No module named 'yaml'
16:14:53 ERROR : Error in Creating Embedded Repositories at '/tmp/rigel_lopper_brett17011748532362676436'.
16:14:53 ERROR : Error in Creating Embedded Repositories at '/tmp/rigel_lopper_brett17011748532362676436'.
