Sat Jan 10 14:44:44 2026: Running xcd server. This server was built by gradle.
Sat Jan 10 14:44:44 2026: Server was asked to start on port: '46123'
Sat Jan 10 14:44:44 2026: Server is using token UUID: '65a5aeed-d598-4f1a-9306-bf97473cf7d2'
Sat Jan 10 14:44:44 2026: SESSION_MGR: creating session with session uuid: '6d04a3e9-ade5-4ab9-8d63-1f78fcd2ec76' and name 'default'
Sat Jan 10 14:44:44 2026: Attempting to start server on port '46123'
Sat Jan 10 14:44:44 2026: XCD main fifo: created main fifo '/tmp/xcdmain65a5aeed-d598-4f1a-9306-bf97473cf7d2', fd read = 13
Sat Jan 10 14:44:44 2026: Running Dispatch Server
Sat Jan 10 14:44:44 2026: Version 2.2.0
Sat Jan 10 14:44:46 2026: Dispatch Server: Accepted socket connection from client
Sat Jan 10 14:44:46 2026: Starting Socket connection
Sat Jan 10 14:44:46 2026: EXCHANGE_TOKEN received, server token: 65a5aeed-d598-4f1a-9306-bf97473cf7d2, passed token: 65a5aeed-d598-4f1a-9306-bf97473cf7d2
Sat Jan 10 14:44:47 2026: DISPATCH_HANDLER: Adding handler from function makeHandler in library libxv_system_diagram
Sat Jan 10 14:44:47 2026: SESSION_MGR: creating session with session uuid: '2f23982c-4739-4457-a7c7-22eb2e09b123' and name 'v++_compile_hls_correlator'
Sat Jan 10 14:44:47 2026: KERNEL_SVC: creating session with uuid: '2f23982c-4739-4457-a7c7-22eb2e09b123' and name 'v++_compile_hls_correlator'
Sat Jan 10 14:44:47 2026: GUIDANCE_SMGR: creating guidance session with uuid: '2f23982c-4739-4457-a7c7-22eb2e09b123' and name 'v++_compile_hls_correlator'
Sat Jan 10 14:44:47 2026: SYSTEM_DIAGRAM: creating session with uuid: '2f23982c-4739-4457-a7c7-22eb2e09b123' and name 'v++_compile_hls_correlator'
Sat Jan 10 14:44:48 2026: Dispatch Server: Accepted socket connection from client
Sat Jan 10 14:44:48 2026: Starting Socket connection
Sat Jan 10 14:44:58 2026: SESSION_MGR: closing session for UUID '2f23982c-4739-4457-a7c7-22eb2e09b123' with name 'v++_compile_hls_correlator'
Sat Jan 10 14:44:58 2026: KERNEL_SVC: closing session for UUID '2f23982c-4739-4457-a7c7-22eb2e09b123' with name 'v++_compile_hls_correlator'
Sat Jan 10 14:44:58 2026: GUIDANCE_SMGR: closing session for UUID '2f23982c-4739-4457-a7c7-22eb2e09b123' with name 'v++_compile_hls_correlator'
Sat Jan 10 14:44:58 2026: SYSTEM_DIAGRAM: closing session for UUID '2f23982c-4739-4457-a7c7-22eb2e09b123' with name 'v++_compile_hls_correlator'
Sat Jan 10 14:44:58 2026: STOP_SERVER received, server token: 65a5aeed-d598-4f1a-9306-bf97473cf7d2, passed token: 65a5aeed-d598-4f1a-9306-bf97473cf7d2
Sat Jan 10 14:44:58 2026: Socket received request to stop server.
Sat Jan 10 14:44:58 2026: Dispatch Server: do_await_stop
Sat Jan 10 14:44:58 2026: Dispatch Server: stopping mainFifo_
Sat Jan 10 14:44:58 2026: XCD main fifo: Stopping
Sat Jan 10 14:44:58 2026: XCD main fifo: do_read error code: Operation canceled
Sat Jan 10 14:44:58 2026: XCD main fifo: bytes_transferred: 0
Sat Jan 10 14:44:58 2026: SERVER: destructor for server bound to port 46123
Sat Jan 10 14:44:58 2026: XCD main fifo: Good unlink of /tmp/xcdmain65a5aeed-d598-4f1a-9306-bf97473cf7d2
Sat Jan 10 14:44:58 2026: Server exiting with status 0.
Sat Jan 10 14:44:58 2026: Closing log file.
Sat Jan 10 14:45:30 2026: Running xcd server. This server was built by gradle.
Sat Jan 10 14:45:30 2026: Server was asked to start on port: '44231'
Sat Jan 10 14:45:30 2026: Server is using token UUID: '90b7c824-1160-4e4f-9d54-81a12ddbb950'
Sat Jan 10 14:45:30 2026: SESSION_MGR: creating session with session uuid: '6d04a3e9-ade5-4ab9-8d63-1f78fcd2ec76' and name 'default'
Sat Jan 10 14:45:30 2026: Attempting to start server on port '44231'
Sat Jan 10 14:45:30 2026: XCD main fifo: created main fifo '/tmp/xcdmain90b7c824-1160-4e4f-9d54-81a12ddbb950', fd read = 13
Sat Jan 10 14:45:30 2026: Running Dispatch Server
Sat Jan 10 14:45:30 2026: Version 2.2.0
Sat Jan 10 14:45:32 2026: Dispatch Server: Accepted socket connection from client
Sat Jan 10 14:45:32 2026: Starting Socket connection
Sat Jan 10 14:45:32 2026: EXCHANGE_TOKEN received, server token: 90b7c824-1160-4e4f-9d54-81a12ddbb950, passed token: 90b7c824-1160-4e4f-9d54-81a12ddbb950
Sat Jan 10 14:45:32 2026: DISPATCH_HANDLER: Adding handler from function makeHandler in library libxv_system_diagram
Sat Jan 10 14:45:32 2026: SESSION_MGR: creating session with session uuid: '8a4b379a-fdbc-40eb-aba1-c44a7b16a6d7' and name 'vitis-run_compile_hls_correlator'
Sat Jan 10 14:45:32 2026: KERNEL_SVC: creating session with uuid: '8a4b379a-fdbc-40eb-aba1-c44a7b16a6d7' and name 'vitis-run_compile_hls_correlator'
Sat Jan 10 14:45:32 2026: GUIDANCE_SMGR: creating guidance session with uuid: '8a4b379a-fdbc-40eb-aba1-c44a7b16a6d7' and name 'vitis-run_compile_hls_correlator'
Sat Jan 10 14:45:32 2026: SYSTEM_DIAGRAM: creating session with uuid: '8a4b379a-fdbc-40eb-aba1-c44a7b16a6d7' and name 'vitis-run_compile_hls_correlator'
Sat Jan 10 14:45:34 2026: Dispatch Server: Accepted socket connection from client
Sat Jan 10 14:45:34 2026: Starting Socket connection
Sat Jan 10 14:45:46 2026: SESSION_MGR: closing session for UUID '8a4b379a-fdbc-40eb-aba1-c44a7b16a6d7' with name 'vitis-run_compile_hls_correlator'
Sat Jan 10 14:45:46 2026: KERNEL_SVC: closing session for UUID '8a4b379a-fdbc-40eb-aba1-c44a7b16a6d7' with name 'vitis-run_compile_hls_correlator'
Sat Jan 10 14:45:46 2026: GUIDANCE_SMGR: closing session for UUID '8a4b379a-fdbc-40eb-aba1-c44a7b16a6d7' with name 'vitis-run_compile_hls_correlator'
Sat Jan 10 14:45:46 2026: SYSTEM_DIAGRAM: closing session for UUID '8a4b379a-fdbc-40eb-aba1-c44a7b16a6d7' with name 'vitis-run_compile_hls_correlator'
Sat Jan 10 14:45:46 2026: STOP_SERVER received, server token: 90b7c824-1160-4e4f-9d54-81a12ddbb950, passed token: 90b7c824-1160-4e4f-9d54-81a12ddbb950
Sat Jan 10 14:45:46 2026: Socket received request to stop server.
Sat Jan 10 14:45:46 2026: Dispatch Server: do_await_stop
Sat Jan 10 14:45:46 2026: Dispatch Server: stopping mainFifo_
Sat Jan 10 14:45:46 2026: XCD main fifo: Stopping
Sat Jan 10 14:45:46 2026: XCD main fifo: do_read error code: Operation canceled
Sat Jan 10 14:45:46 2026: XCD main fifo: bytes_transferred: 0
Sat Jan 10 14:45:46 2026: SERVER: destructor for server bound to port 44231
Sat Jan 10 14:45:46 2026: XCD main fifo: Good unlink of /tmp/xcdmain90b7c824-1160-4e4f-9d54-81a12ddbb950
Sat Jan 10 14:45:46 2026: Server exiting with status 0.
Sat Jan 10 14:45:46 2026: Closing log file.
