INFO: [vitis-run 60-1548] Creating build summary session with primary output /home/brett/Documents/FX_Correlator/hls/hls_pfb/hls_pfb/hls_pfb.hlsrun_cosim_summary, at Tue Jan 13 12:38:06 2026
INFO: [vitis-run 82-31] Launching vitis_hls: vitis_hls -nolog -run cosim -work_dir /home/brett/Documents/FX_Correlator/hls/hls_pfb/hls_pfb -config /home/brett/Documents/FX_Correlator/hls/hls_pfb/hls_config.cfg -cmdlineconfig /home/brett/Documents/FX_Correlator/hls/hls_pfb/hls_pfb/hls/config.cmdline

****** Vitis HLS - High-Level Synthesis from C, C++ and OpenCL v2023.2 (64-bit)
  **** SW Build 4023990 on Oct 11 2023
  **** IP Build 4028589 on Sat Oct 14 00:45:43 MDT 2023
  **** SharedData Build 4025554 on Tue Oct 10 17:18:54 MDT 2023
    ** Copyright 1986-2022 Xilinx, Inc. All Rights Reserved.
    ** Copyright 2022-2023 Advanced Micro Devices, Inc. All Rights Reserved.

source /tools/Xilinx/Vitis_HLS/2023.2/scripts/vitis_hls/hls.tcl -notrace
INFO: [HLS 200-10] Running '/tools/Xilinx/Vitis_HLS/2023.2/bin/unwrapped/lnx64.o/vitis_hls'
INFO: [HLS 200-10] For user 'brett' on host 'brett-System-Product-Name' (Linux_x86_64 version 6.8.0-90-generic) on Tue Jan 13 12:38:07 PST 2026
INFO: [HLS 200-10] On os Ubuntu 22.04.5 LTS
INFO: [HLS 200-10] In directory '/home/brett/Documents/FX_Correlator/hls/hls_pfb'
WARNING: [HLS 200-40] Environment variable 'C_INCLUDE_PATH' is set to /usr/include/x86_64-linux-gnu:.
WARNING: [HLS 200-40] Environment variable 'CPLUS_INCLUDE_PATH' is set to /usr/include/x86_64-linux-gnu:.
INFO: [HLS 200-1909] Reading HLS ini file /home/brett/Documents/FX_Correlator/hls/hls_pfb/hls_config.cfg
INFO: [HLS 200-1909] Reading HLS ini file /home/brett/Documents/FX_Correlator/hls/hls_pfb/hls_pfb/hls/config.cmdline
INFO: [HLS 200-2005] Using work_dir /home/brett/Documents/FX_Correlator/hls/hls_pfb/hls_pfb 
INFO: [HLS 200-1510] Running: open_project /home/brett/Documents/FX_Correlator/hls/hls_pfb/hls_pfb -diskless 
INFO: [HLS 200-1510] Running: open_solution hls 
INFO: [HLS 200-1505] Using default flow_target 'vivado'
Resolution: For help on HLS 200-1505 see docs.xilinx.com/access/sources/dita/topic?Doc_Version=2023.2%20English&url=ug1448-hls-guidance&resourceid=200-1505.html
INFO: [HLS 200-1510] Running: apply_ini /home/brett/Documents/FX_Correlator/hls/hls_pfb/hls_config.cfg 
INFO: [HLS 200-1909] Reading HLS ini file /home/brett/Documents/FX_Correlator/hls/hls_pfb/hls_config.cfg
WARNING: [HLS 200-2001] file not found '/home/brett/Documents/FX_Correlator/pfb/hls_pfb/pfb.h' see [hls] at /home/brett/Documents/FX_Correlator/hls/hls_pfb/hls_config.cfg(9)
INFO: [HLS 200-1465] Applying ini 'syn.file=/home/brett/Documents/FX_Correlator/pfb/hls_pfb/pfb.h' at /home/brett/Documents/FX_Correlator/hls/hls_pfb/hls_config.cfg(9)
WARNING: [HLS 200-40] Cannot find design file '/home/brett/Documents/FX_Correlator/pfb/hls_pfb/pfb.h'
INFO: [HLS 200-1465] Applying ini 'syn.file=pfb_io.cpp' at /home/brett/Documents/FX_Correlator/hls/hls_pfb/hls_config.cfg(10)
INFO: [HLS 200-10] Adding design file '/home/brett/Documents/FX_Correlator/hls/hls_pfb/pfb_io.cpp' to the project
INFO: [HLS 200-1465] Applying ini 'syn.file=pfb_top.cpp' at /home/brett/Documents/FX_Correlator/hls/hls_pfb/hls_config.cfg(11)
INFO: [HLS 200-10] Adding design file '/home/brett/Documents/FX_Correlator/hls/hls_pfb/pfb_top.cpp' to the project
INFO: [HLS 200-1465] Applying ini 'syn.file=pfb_compute.cpp' at /home/brett/Documents/FX_Correlator/hls/hls_pfb/hls_config.cfg(12)
INFO: [HLS 200-10] Adding design file '/home/brett/Documents/FX_Correlator/hls/hls_pfb/pfb_compute.cpp' to the project
INFO: [HLS 200-1465] Applying ini 'syn.file=pfb_fft.cpp' at /home/brett/Documents/FX_Correlator/hls/hls_pfb/hls_config.cfg(13)
INFO: [HLS 200-10] Adding design file '/home/brett/Documents/FX_Correlator/hls/hls_pfb/pfb_fft.cpp' to the project
INFO: [HLS 200-1465] Applying ini 'syn.file=pfb_tb.cpp' at /home/brett/Documents/FX_Correlator/hls/hls_pfb/hls_config.cfg(14)
INFO: [HLS 200-10] Adding design file '/home/brett/Documents/FX_Correlator/hls/hls_pfb/pfb_tb.cpp' to the project
INFO: [HLS 200-1465] Applying ini 'syn.file=pfb_helper.cpp' at /home/brett/Documents/FX_Correlator/hls/hls_pfb/hls_config.cfg(15)
INFO: [HLS 200-10] Adding design file '/home/brett/Documents/FX_Correlator/hls/hls_pfb/pfb_helper.cpp' to the project
INFO: [HLS 200-1465] Applying ini 'syn.file=/home/brett/Documents/FX_Correlator/hls/hls_pfb/pfb.h' at /home/brett/Documents/FX_Correlator/hls/hls_pfb/hls_config.cfg(16)
INFO: [HLS 200-10] Adding design file '/home/brett/Documents/FX_Correlator/hls/hls_pfb/pfb.h' to the project
INFO: [HLS 200-1465] Applying ini 'tb.file=pfb_tb.cpp' at /home/brett/Documents/FX_Correlator/hls/hls_pfb/hls_config.cfg(7)
INFO: [HLS 200-10] Adding test bench file '/home/brett/Documents/FX_Correlator/hls/hls_pfb/pfb_tb.cpp' to the project
INFO: [HLS 200-1465] Applying ini 'syn.top=pfb_multichannel' at /home/brett/Documents/FX_Correlator/hls/hls_pfb/hls_config.cfg(4)
INFO: [HLS 200-1465] Applying ini 'part=xc7z045ffg900-2' at /home/brett/Documents/FX_Correlator/hls/hls_pfb/hls_config.cfg(1)
INFO: [HLS 200-1611] Setting target device to 'xc7z045-ffg900-2'
INFO: [HLS 200-1465] Applying ini 'clock=10ns' at /home/brett/Documents/FX_Correlator/hls/hls_pfb/hls_config.cfg(5)
INFO: [SYN 201-201] Setting up clock 'default' with a period of 10ns.
INFO: [HLS 200-1465] Applying ini 'csim.ldflags=-B/usr/lib/x86_64-linux-gnu/' at /home/brett/Documents/FX_Correlator/hls/hls_pfb/hls_config.cfg(6)
INFO: [HLS 200-1510] Running: apply_ini /home/brett/Documents/FX_Correlator/hls/hls_pfb/hls_pfb/hls/config.cmdline 
INFO: [HLS 200-1909] Reading HLS ini file /home/brett/Documents/FX_Correlator/hls/hls_pfb/hls_pfb/hls/config.cmdline
INFO: [HLS 200-1510] Running: cosim_design 
WARNING: [COSIM] found non-self-synchronizing top I/O coeff
ERROR: [COSIM 212-345] Cosim only supports the following 'ap_ctrl_none' designs: (1) combinational designs; (2) pipelined design with II of 1; (3) designs with array streaming or hls_stream or AXI4 stream ports.
ERROR: [COSIM 212-5] *** C/RTL co-simulation file generation failed. ***
ERROR: [COSIM 212-4] *** C/RTL co-simulation finished: FAIL ***
INFO: [HLS 200-111] Finished Command cosim_design CPU user time: 0.26 seconds. CPU system time: 0.01 seconds. Elapsed time: 0.29 seconds; current allocated memory: 4.113 MB.
INFO: [HLS 200-1510] Running: close_project 
ERROR: 
INFO: [HLS 200-112] Total CPU user time: 1.02 seconds. Total CPU system time: 0.08 seconds. Total elapsed time: 1.02 seconds; peak allocated memory: 278.312 MB.
INFO: [Common 17-206] Exiting vitis_hls at Tue Jan 13 12:38:08 2026...
