INFO: [v++ 60-1548] Creating build summary session with primary output /home/brett/Documents/FX_Correlator/hls/hls_pfb/hls_pfb/hls_pfb.hlscompile_summary, at Tue Jan 13 13:10:42 2026
INFO: [v++ 82-31] Launching vitis_hls: vitis_hls -nolog -run csynth -work_dir /home/brett/Documents/FX_Correlator/hls/hls_pfb/hls_pfb -config /home/brett/Documents/FX_Correlator/hls/hls_pfb/hls_config.cfg -cmdlineconfig /home/brett/Documents/FX_Correlator/hls/hls_pfb/hls_pfb/hls/config.cmdline

****** Vitis HLS - High-Level Synthesis from C, C++ and OpenCL v2023.2 (64-bit)
  **** SW Build 4023990 on Oct 11 2023
  **** IP Build 4028589 on Sat Oct 14 00:45:43 MDT 2023
  **** SharedData Build 4025554 on Tue Oct 10 17:18:54 MDT 2023
    ** Copyright 1986-2022 Xilinx, Inc. All Rights Reserved.
    ** Copyright 2022-2023 Advanced Micro Devices, Inc. All Rights Reserved.

source /tools/Xilinx/Vitis_HLS/2023.2/scripts/vitis_hls/hls.tcl -notrace
INFO: [HLS 200-10] Running '/tools/Xilinx/Vitis_HLS/2023.2/bin/unwrapped/lnx64.o/vitis_hls'
INFO: [HLS 200-10] For user 'brett' on host 'brett-System-Product-Name' (Linux_x86_64 version 6.8.0-90-generic) on Tue Jan 13 13:10:43 PST 2026
INFO: [HLS 200-10] On os Ubuntu 22.04.5 LTS
INFO: [HLS 200-10] In directory '/home/brett/Documents/FX_Correlator/hls/hls_pfb'
WARNING: [HLS 200-40] Environment variable 'C_INCLUDE_PATH' is set to /usr/include/x86_64-linux-gnu:.
WARNING: [HLS 200-40] Environment variable 'CPLUS_INCLUDE_PATH' is set to /usr/include/x86_64-linux-gnu:.
INFO: [HLS 200-1909] Reading HLS ini file /home/brett/Documents/FX_Correlator/hls/hls_pfb/hls_config.cfg
INFO: [HLS 200-1909] Reading HLS ini file /home/brett/Documents/FX_Correlator/hls/hls_pfb/hls_pfb/hls/config.cmdline
INFO: [HLS 200-2005] Using work_dir /home/brett/Documents/FX_Correlator/hls/hls_pfb/hls_pfb 
INFO: [HLS 200-1510] Running: open_project /home/brett/Documents/FX_Correlator/hls/hls_pfb/hls_pfb -diskless 
INFO: [HLS 200-1510] Running: open_solution hls 
INFO: [HLS 200-1505] Using default flow_target 'vivado'
Resolution: For help on HLS 200-1505 see docs.xilinx.com/access/sources/dita/topic?Doc_Version=2023.2%20English&url=ug1448-hls-guidance&resourceid=200-1505.html
INFO: [HLS 200-1510] Running: apply_ini /home/brett/Documents/FX_Correlator/hls/hls_pfb/hls_config.cfg 
INFO: [HLS 200-1909] Reading HLS ini file /home/brett/Documents/FX_Correlator/hls/hls_pfb/hls_config.cfg
WARNING: [HLS 200-2001] file not found '/home/brett/Documents/FX_Correlator/pfb/hls_pfb/pfb.h' see [hls] at /home/brett/Documents/FX_Correlator/hls/hls_pfb/hls_config.cfg(9)
INFO: [HLS 200-1465] Applying ini 'syn.file=/home/brett/Documents/FX_Correlator/pfb/hls_pfb/pfb.h' at /home/brett/Documents/FX_Correlator/hls/hls_pfb/hls_config.cfg(9)
WARNING: [HLS 200-40] Cannot find design file '/home/brett/Documents/FX_Correlator/pfb/hls_pfb/pfb.h'
INFO: [HLS 200-1465] Applying ini 'syn.file=pfb_io.cpp' at /home/brett/Documents/FX_Correlator/hls/hls_pfb/hls_config.cfg(10)
INFO: [HLS 200-10] Adding design file '/home/brett/Documents/FX_Correlator/hls/hls_pfb/pfb_io.cpp' to the project
INFO: [HLS 200-1465] Applying ini 'syn.file=pfb_top.cpp' at /home/brett/Documents/FX_Correlator/hls/hls_pfb/hls_config.cfg(11)
INFO: [HLS 200-10] Adding design file '/home/brett/Documents/FX_Correlator/hls/hls_pfb/pfb_top.cpp' to the project
INFO: [HLS 200-1465] Applying ini 'syn.file=pfb_compute.cpp' at /home/brett/Documents/FX_Correlator/hls/hls_pfb/hls_config.cfg(12)
INFO: [HLS 200-10] Adding design file '/home/brett/Documents/FX_Correlator/hls/hls_pfb/pfb_compute.cpp' to the project
INFO: [HLS 200-1465] Applying ini 'syn.file=pfb_fft.cpp' at /home/brett/Documents/FX_Correlator/hls/hls_pfb/hls_config.cfg(13)
INFO: [HLS 200-10] Adding design file '/home/brett/Documents/FX_Correlator/hls/hls_pfb/pfb_fft.cpp' to the project
INFO: [HLS 200-1465] Applying ini 'syn.file=pfb_tb.cpp' at /home/brett/Documents/FX_Correlator/hls/hls_pfb/hls_config.cfg(14)
INFO: [HLS 200-10] Adding design file '/home/brett/Documents/FX_Correlator/hls/hls_pfb/pfb_tb.cpp' to the project
INFO: [HLS 200-1465] Applying ini 'syn.file=pfb_helper.cpp' at /home/brett/Documents/FX_Correlator/hls/hls_pfb/hls_config.cfg(15)
INFO: [HLS 200-10] Adding design file '/home/brett/Documents/FX_Correlator/hls/hls_pfb/pfb_helper.cpp' to the project
INFO: [HLS 200-1465] Applying ini 'syn.file=/home/brett/Documents/FX_Correlator/hls/hls_pfb/pfb.h' at /home/brett/Documents/FX_Correlator/hls/hls_pfb/hls_config.cfg(16)
INFO: [HLS 200-10] Adding design file '/home/brett/Documents/FX_Correlator/hls/hls_pfb/pfb.h' to the project
INFO: [HLS 200-1465] Applying ini 'tb.file=pfb_tb.cpp' at /home/brett/Documents/FX_Correlator/hls/hls_pfb/hls_config.cfg(7)
INFO: [HLS 200-10] Adding test bench file '/home/brett/Documents/FX_Correlator/hls/hls_pfb/pfb_tb.cpp' to the project
INFO: [HLS 200-1465] Applying ini 'syn.top=pfb_multichannel' at /home/brett/Documents/FX_Correlator/hls/hls_pfb/hls_config.cfg(4)
INFO: [HLS 200-1465] Applying ini 'part=xc7z045ffg900-2' at /home/brett/Documents/FX_Correlator/hls/hls_pfb/hls_config.cfg(1)
INFO: [HLS 200-1611] Setting target device to 'xc7z045-ffg900-2'
INFO: [HLS 200-1465] Applying ini 'clock=10ns' at /home/brett/Documents/FX_Correlator/hls/hls_pfb/hls_config.cfg(5)
INFO: [SYN 201-201] Setting up clock 'default' with a period of 10ns.
INFO: [HLS 200-1465] Applying ini 'csim.ldflags=-B/usr/lib/x86_64-linux-gnu/' at /home/brett/Documents/FX_Correlator/hls/hls_pfb/hls_config.cfg(6)
INFO: [HLS 200-1510] Running: apply_ini /home/brett/Documents/FX_Correlator/hls/hls_pfb/hls_pfb/hls/config.cmdline 
INFO: [HLS 200-1909] Reading HLS ini file /home/brett/Documents/FX_Correlator/hls/hls_pfb/hls_pfb/hls/config.cmdline
INFO: [HLS 200-1510] Running: csynth_design 
WARNING: [HLS 200-40] Cannot find source file /home/brett/Documents/FX_Correlator/pfb/hls_pfb/pfb.h; skipping it.
INFO: [HLS 200-111] Finished File checks and directory preparation: CPU user time: 0.02 seconds. CPU system time: 0 seconds. Elapsed time: 0.02 seconds; current allocated memory: 274.398 MB.
INFO: [HLS 200-10] Analyzing design file '/home/brett/Documents/FX_Correlator/hls/hls_pfb/pfb_helper.cpp' ... 
WARNING: [HLS 207-5292] unused parameter 'data_type' (/tools/Xilinx/Vitis_HLS/2023.2/common/technology/autopilot/hls_fft.h:97:77)
WARNING: [HLS 207-5292] unused parameter 'cp_len_enable' (/tools/Xilinx/Vitis_HLS/2023.2/common/technology/autopilot/hls_fft.h:121:66)
WARNING: [HLS 207-5292] unused parameter 'scaling_opt' (/tools/Xilinx/Vitis_HLS/2023.2/common/technology/autopilot/hls_fft.h:134:68)
WARNING: [HLS 207-5292] unused parameter 'scaling_opt' (/tools/Xilinx/Vitis_HLS/2023.2/common/technology/autopilot/hls_fft.h:311:71)
WARNING: [HLS 207-5292] unused parameter 'has_ovflo' (/tools/Xilinx/Vitis_HLS/2023.2/common/technology/autopilot/hls_fft.h:324:66)
INFO: [HLS 200-10] Analyzing design file '/home/brett/Documents/FX_Correlator/hls/hls_pfb/pfb_tb.cpp' ... 
WARNING: [HLS 207-5292] unused parameter 'data_type' (/tools/Xilinx/Vitis_HLS/2023.2/common/technology/autopilot/hls_fft.h:97:77)
WARNING: [HLS 207-5292] unused parameter 'cp_len_enable' (/tools/Xilinx/Vitis_HLS/2023.2/common/technology/autopilot/hls_fft.h:121:66)
WARNING: [HLS 207-5292] unused parameter 'scaling_opt' (/tools/Xilinx/Vitis_HLS/2023.2/common/technology/autopilot/hls_fft.h:134:68)
WARNING: [HLS 207-5292] unused parameter 'scaling_opt' (/tools/Xilinx/Vitis_HLS/2023.2/common/technology/autopilot/hls_fft.h:311:71)
WARNING: [HLS 207-5292] unused parameter 'has_ovflo' (/tools/Xilinx/Vitis_HLS/2023.2/common/technology/autopilot/hls_fft.h:324:66)
INFO: [HLS 200-10] Analyzing design file '/home/brett/Documents/FX_Correlator/hls/hls_pfb/pfb_fft.cpp' ... 
WARNING: [HLS 214-114] Since the only kind of statements allowed in a canonical dataflow region are variable declarations and function calls, the compiler may not be able to correctly handle the region (/home/brett/Documents/FX_Correlator/hls/hls_pfb/pfb_fft.cpp:9:9)
Resolution: For help on HLS 214-114 see docs.xilinx.com/access/sources/dita/topic?Doc_Version=2023.2%20English&url=ug1448-hls-guidance&resourceid=214-114.html
WARNING: [HLS 200-471] Dataflow form checks found 1 issue(s) in file /home/brett/Documents/FX_Correlator/hls/hls_pfb/pfb_fft.cpp
Resolution: For help on HLS 200-471 see docs.xilinx.com/access/sources/dita/topic?Doc_Version=2023.2%20English&url=ug1448-hls-guidance&resourceid=200-471.html
WARNING: [HLS 207-5292] unused parameter 'data_type' (/tools/Xilinx/Vitis_HLS/2023.2/common/technology/autopilot/hls_fft.h:97:77)
WARNING: [HLS 207-5292] unused parameter 'cp_len_enable' (/tools/Xilinx/Vitis_HLS/2023.2/common/technology/autopilot/hls_fft.h:121:66)
WARNING: [HLS 207-5292] unused parameter 'scaling_opt' (/tools/Xilinx/Vitis_HLS/2023.2/common/technology/autopilot/hls_fft.h:134:68)
WARNING: [HLS 207-5292] unused parameter 'scaling_opt' (/tools/Xilinx/Vitis_HLS/2023.2/common/technology/autopilot/hls_fft.h:311:71)
WARNING: [HLS 207-5292] unused parameter 'has_ovflo' (/tools/Xilinx/Vitis_HLS/2023.2/common/technology/autopilot/hls_fft.h:324:66)
INFO: [HLS 200-10] Analyzing design file '/home/brett/Documents/FX_Correlator/hls/hls_pfb/pfb_compute.cpp' ... 
WARNING: [HLS 207-5292] unused parameter 'data_type' (/tools/Xilinx/Vitis_HLS/2023.2/common/technology/autopilot/hls_fft.h:97:77)
WARNING: [HLS 207-5292] unused parameter 'cp_len_enable' (/tools/Xilinx/Vitis_HLS/2023.2/common/technology/autopilot/hls_fft.h:121:66)
WARNING: [HLS 207-5292] unused parameter 'scaling_opt' (/tools/Xilinx/Vitis_HLS/2023.2/common/technology/autopilot/hls_fft.h:134:68)
WARNING: [HLS 207-5292] unused parameter 'scaling_opt' (/tools/Xilinx/Vitis_HLS/2023.2/common/technology/autopilot/hls_fft.h:311:71)
WARNING: [HLS 207-5292] unused parameter 'has_ovflo' (/tools/Xilinx/Vitis_HLS/2023.2/common/technology/autopilot/hls_fft.h:324:66)
INFO: [HLS 200-10] Analyzing design file '/home/brett/Documents/FX_Correlator/hls/hls_pfb/pfb_top.cpp' ... 
WARNING: [HLS 207-5292] unused parameter 'data_type' (/tools/Xilinx/Vitis_HLS/2023.2/common/technology/autopilot/hls_fft.h:97:77)
WARNING: [HLS 207-5292] unused parameter 'cp_len_enable' (/tools/Xilinx/Vitis_HLS/2023.2/common/technology/autopilot/hls_fft.h:121:66)
WARNING: [HLS 207-5292] unused parameter 'scaling_opt' (/tools/Xilinx/Vitis_HLS/2023.2/common/technology/autopilot/hls_fft.h:134:68)
WARNING: [HLS 207-5292] unused parameter 'scaling_opt' (/tools/Xilinx/Vitis_HLS/2023.2/common/technology/autopilot/hls_fft.h:311:71)
WARNING: [HLS 207-5292] unused parameter 'has_ovflo' (/tools/Xilinx/Vitis_HLS/2023.2/common/technology/autopilot/hls_fft.h:324:66)
INFO: [HLS 200-10] Analyzing design file '/home/brett/Documents/FX_Correlator/hls/hls_pfb/pfb_io.cpp' ... 
WARNING: [HLS 207-5292] unused parameter 'data_type' (/tools/Xilinx/Vitis_HLS/2023.2/common/technology/autopilot/hls_fft.h:97:77)
WARNING: [HLS 207-5292] unused parameter 'cp_len_enable' (/tools/Xilinx/Vitis_HLS/2023.2/common/technology/autopilot/hls_fft.h:121:66)
WARNING: [HLS 207-5292] unused parameter 'scaling_opt' (/tools/Xilinx/Vitis_HLS/2023.2/common/technology/autopilot/hls_fft.h:134:68)
WARNING: [HLS 207-5292] unused parameter 'scaling_opt' (/tools/Xilinx/Vitis_HLS/2023.2/common/technology/autopilot/hls_fft.h:311:71)
WARNING: [HLS 207-5292] unused parameter 'has_ovflo' (/tools/Xilinx/Vitis_HLS/2023.2/common/technology/autopilot/hls_fft.h:324:66)
INFO: [HLS 200-111] Finished Source Code Analysis and Preprocessing: CPU user time: 9.89 seconds. CPU system time: 1.08 seconds. Elapsed time: 11.02 seconds; current allocated memory: 282.836 MB.
INFO: [HLS 200-777] Using interface defaults for 'Vivado' flow target.
INFO: [HLS 200-1995] There were 6,612 instructions in the design after the 'Compile/Link' phase of compilation. See the Design Size Report for more details: /home/brett/Documents/FX_Correlator/hls/hls_pfb/hls_pfb/hls/syn/report/csynth_design_size.rpt
INFO: [HLS 200-1995] There were 3,007 instructions in the design after the 'Unroll/Inline (step 1)' phase of compilation. See the Design Size Report for more details: /home/brett/Documents/FX_Correlator/hls/hls_pfb/hls_pfb/hls/syn/report/csynth_design_size.rpt
INFO: [HLS 200-1995] There were 1,262 instructions in the design after the 'Unroll/Inline (step 2)' phase of compilation. See the Design Size Report for more details: /home/brett/Documents/FX_Correlator/hls/hls_pfb/hls_pfb/hls/syn/report/csynth_design_size.rpt
INFO: [HLS 200-1995] There were 1,252 instructions in the design after the 'Unroll/Inline (step 3)' phase of compilation. See the Design Size Report for more details: /home/brett/Documents/FX_Correlator/hls/hls_pfb/hls_pfb/hls/syn/report/csynth_design_size.rpt
INFO: [HLS 200-1995] There were 1,105 instructions in the design after the 'Unroll/Inline (step 4)' phase of compilation. See the Design Size Report for more details: /home/brett/Documents/FX_Correlator/hls/hls_pfb/hls_pfb/hls/syn/report/csynth_design_size.rpt
INFO: [HLS 200-1995] There were 1,835 instructions in the design after the 'Array/Struct (step 1)' phase of compilation. See the Design Size Report for more details: /home/brett/Documents/FX_Correlator/hls/hls_pfb/hls_pfb/hls/syn/report/csynth_design_size.rpt
INFO: [HLS 200-1995] There were 1,228 instructions in the design after the 'Array/Struct (step 2)' phase of compilation. See the Design Size Report for more details: /home/brett/Documents/FX_Correlator/hls/hls_pfb/hls_pfb/hls/syn/report/csynth_design_size.rpt
INFO: [HLS 200-1995] There were 1,238 instructions in the design after the 'Array/Struct (step 3)' phase of compilation. See the Design Size Report for more details: /home/brett/Documents/FX_Correlator/hls/hls_pfb/hls_pfb/hls/syn/report/csynth_design_size.rpt
INFO: [HLS 200-1995] There were 1,671 instructions in the design after the 'Array/Struct (step 4)' phase of compilation. See the Design Size Report for more details: /home/brett/Documents/FX_Correlator/hls/hls_pfb/hls_pfb/hls/syn/report/csynth_design_size.rpt
INFO: [HLS 200-1995] There were 1,682 instructions in the design after the 'Array/Struct (step 5)' phase of compilation. See the Design Size Report for more details: /home/brett/Documents/FX_Correlator/hls/hls_pfb/hls_pfb/hls/syn/report/csynth_design_size.rpt
INFO: [HLS 200-1995] There were 1,681 instructions in the design after the 'Performance (step 1)' phase of compilation. See the Design Size Report for more details: /home/brett/Documents/FX_Correlator/hls/hls_pfb/hls_pfb/hls/syn/report/csynth_design_size.rpt
INFO: [HLS 200-1995] There were 1,677 instructions in the design after the 'Performance (step 2)' phase of compilation. See the Design Size Report for more details: /home/brett/Documents/FX_Correlator/hls/hls_pfb/hls_pfb/hls/syn/report/csynth_design_size.rpt
INFO: [HLS 200-1995] There were 1,763 instructions in the design after the 'Performance (step 3)' phase of compilation. See the Design Size Report for more details: /home/brett/Documents/FX_Correlator/hls/hls_pfb/hls_pfb/hls/syn/report/csynth_design_size.rpt
INFO: [HLS 200-1995] There were 1,746 instructions in the design after the 'Performance (step 4)' phase of compilation. See the Design Size Report for more details: /home/brett/Documents/FX_Correlator/hls/hls_pfb/hls_pfb/hls/syn/report/csynth_design_size.rpt
INFO: [HLS 200-1995] There were 1,686 instructions in the design after the 'HW Transforms (step 1)' phase of compilation. See the Design Size Report for more details: /home/brett/Documents/FX_Correlator/hls/hls_pfb/hls_pfb/hls/syn/report/csynth_design_size.rpt
INFO: [HLS 200-1995] There were 1,814 instructions in the design after the 'HW Transforms (step 2)' phase of compilation. See the Design Size Report for more details: /home/brett/Documents/FX_Correlator/hls/hls_pfb/hls_pfb/hls/syn/report/csynth_design_size.rpt
INFO: [HLS 214-131] Inlining function 'hls::ip_fft::config_t<config1>::setDir(bool, unsigned int)' into 'init_fft_config(hls::stream<hls::ip_fft::config_t<config1>, 0>&, hls::stream<hls::ip_fft::config_t<config1>, 0>&, hls::stream<hls::ip_fft::config_t<config1>, 0>&, hls::stream<hls::ip_fft::config_t<config1>, 0>&)' (/home/brett/Documents/FX_Correlator/hls/hls_pfb/pfb_helper.cpp:30:10)
INFO: [HLS 214-131] Inlining function 'hls::ip_fft::config_t<config1>::setSch(unsigned int, unsigned int)' into 'init_fft_config(hls::stream<hls::ip_fft::config_t<config1>, 0>&, hls::stream<hls::ip_fft::config_t<config1>, 0>&, hls::stream<hls::ip_fft::config_t<config1>, 0>&, hls::stream<hls::ip_fft::config_t<config1>, 0>&)' (/home/brett/Documents/FX_Correlator/hls/hls_pfb/pfb_helper.cpp:33:26)
INFO: [HLS 214-131] Inlining function 'hls::ip_fft::config_t<config1>::setDir(bool, unsigned int)' into 'init_fft_config(hls::stream<hls::ip_fft::config_t<config1>, 0>&, hls::stream<hls::ip_fft::config_t<config1>, 0>&, hls::stream<hls::ip_fft::config_t<config1>, 0>&, hls::stream<hls::ip_fft::config_t<config1>, 0>&)' (/home/brett/Documents/FX_Correlator/hls/hls_pfb/pfb_helper.cpp:33:10)
INFO: [HLS 214-131] Inlining function 'hls::ip_fft::config_t<config1>::setSch(unsigned int, unsigned int)' into 'init_fft_config(hls::stream<hls::ip_fft::config_t<config1>, 0>&, hls::stream<hls::ip_fft::config_t<config1>, 0>&, hls::stream<hls::ip_fft::config_t<config1>, 0>&, hls::stream<hls::ip_fft::config_t<config1>, 0>&)' (/home/brett/Documents/FX_Correlator/hls/hls_pfb/pfb_helper.cpp:32:26)
INFO: [HLS 214-131] Inlining function 'hls::ip_fft::config_t<config1>::setDir(bool, unsigned int)' into 'init_fft_config(hls::stream<hls::ip_fft::config_t<config1>, 0>&, hls::stream<hls::ip_fft::config_t<config1>, 0>&, hls::stream<hls::ip_fft::config_t<config1>, 0>&, hls::stream<hls::ip_fft::config_t<config1>, 0>&)' (/home/brett/Documents/FX_Correlator/hls/hls_pfb/pfb_helper.cpp:32:10)
INFO: [HLS 214-131] Inlining function 'hls::ip_fft::config_t<config1>::setSch(unsigned int, unsigned int)' into 'init_fft_config(hls::stream<hls::ip_fft::config_t<config1>, 0>&, hls::stream<hls::ip_fft::config_t<config1>, 0>&, hls::stream<hls::ip_fft::config_t<config1>, 0>&, hls::stream<hls::ip_fft::config_t<config1>, 0>&)' (/home/brett/Documents/FX_Correlator/hls/hls_pfb/pfb_helper.cpp:31:26)
INFO: [HLS 214-131] Inlining function 'hls::ip_fft::config_t<config1>::setDir(bool, unsigned int)' into 'init_fft_config(hls::stream<hls::ip_fft::config_t<config1>, 0>&, hls::stream<hls::ip_fft::config_t<config1>, 0>&, hls::stream<hls::ip_fft::config_t<config1>, 0>&, hls::stream<hls::ip_fft::config_t<config1>, 0>&)' (/home/brett/Documents/FX_Correlator/hls/hls_pfb/pfb_helper.cpp:31:10)
INFO: [HLS 214-131] Inlining function 'hls::ip_fft::config_t<config1>::setSch(unsigned int, unsigned int)' into 'init_fft_config(hls::stream<hls::ip_fft::config_t<config1>, 0>&, hls::stream<hls::ip_fft::config_t<config1>, 0>&, hls::stream<hls::ip_fft::config_t<config1>, 0>&, hls::stream<hls::ip_fft::config_t<config1>, 0>&)' (/home/brett/Documents/FX_Correlator/hls/hls_pfb/pfb_helper.cpp:30:26)
INFO: [HLS 214-131] Inlining function 'hls::ip_fft::config_t<config1>::getDir(unsigned int)' into 'void hls::fft_syn<config1>(hls::stream<std::complex<ap_fixed<(((config1::input_width) + (7)) / (8)) * (8), 1, (ap_q_mode)5, (ap_o_mode)3, 0> >, 0>&, hls::stream<std::complex<ap_fixed<(((config1::output_width) + (7)) / (8)) * (8), (((((config1::output_width) + (7)) / (8)) * (8)) - (config1::input_width)) + (1), (ap_q_mode)5, (ap_o_mode)3, 0> >, 0>&, hls::stream<hls::ip_fft::status_t<config1>, 0>&, hls::stream<hls::ip_fft::config_t<config1>, 0>&)' (/tools/Xilinx/Vitis_HLS/2023.2/common/technology/autopilot/etc/hls_fft_x_complex.h:565:34)
INFO: [HLS 214-131] Inlining function 'hls::ip_fft::config_t<config1>::getDir(unsigned int)' into 'void hls::fft_syn<config1>(hls::stream<std::complex<ap_fixed<(((config1::input_width) + (7)) / (8)) * (8), 1, (ap_q_mode)5, (ap_o_mode)3, 0> >, 0>&, hls::stream<std::complex<ap_fixed<(((config1::output_width) + (7)) / (8)) * (8), (((((config1::output_width) + (7)) / (8)) * (8)) - (config1::input_width)) + (1), (ap_q_mode)5, (ap_o_mode)3, 0> >, 0>&, hls::stream<hls::ip_fft::status_t<config1>, 0>&, hls::stream<hls::ip_fft::config_t<config1>, 0>&)' (/tools/Xilinx/Vitis_HLS/2023.2/common/technology/autopilot/etc/hls_fft_x_complex.h:556:37)
INFO: [HLS 214-131] Inlining function 'hls::ip_fft::config_t<config1>::getSch(unsigned int)' into 'void hls::fft_syn<config1>(hls::stream<std::complex<ap_fixed<(((config1::input_width) + (7)) / (8)) * (8), 1, (ap_q_mode)5, (ap_o_mode)3, 0> >, 0>&, hls::stream<std::complex<ap_fixed<(((config1::output_width) + (7)) / (8)) * (8), (((((config1::output_width) + (7)) / (8)) * (8)) - (config1::input_width)) + (1), (ap_q_mode)5, (ap_o_mode)3, 0> >, 0>&, hls::stream<hls::ip_fft::status_t<config1>, 0>&, hls::stream<hls::ip_fft::config_t<config1>, 0>&)' (/tools/Xilinx/Vitis_HLS/2023.2/common/technology/autopilot/etc/hls_fft_x_complex.h:555:39)
INFO: [HLS 214-131] Inlining function 'hls::ip_fft::status_t<config1>::getOvflo(unsigned int)' into 'capture_status(hls::stream<hls::ip_fft::status_t<config1>, 0>&, hls::stream<hls::ip_fft::status_t<config1>, 0>&, hls::stream<hls::ip_fft::status_t<config1>, 0>&, hls::stream<hls::ip_fft::status_t<config1>, 0>&, bool*)' (/home/brett/Documents/FX_Correlator/hls/hls_pfb/pfb_helper.cpp:17:73)
INFO: [HLS 214-131] Inlining function 'hls::ip_fft::status_t<config1>::getOvflo(unsigned int)' into 'capture_status(hls::stream<hls::ip_fft::status_t<config1>, 0>&, hls::stream<hls::ip_fft::status_t<config1>, 0>&, hls::stream<hls::ip_fft::status_t<config1>, 0>&, hls::stream<hls::ip_fft::status_t<config1>, 0>&, bool*)' (/home/brett/Documents/FX_Correlator/hls/hls_pfb/pfb_helper.cpp:17:56)
INFO: [HLS 214-131] Inlining function 'hls::ip_fft::status_t<config1>::getOvflo(unsigned int)' into 'capture_status(hls::stream<hls::ip_fft::status_t<config1>, 0>&, hls::stream<hls::ip_fft::status_t<config1>, 0>&, hls::stream<hls::ip_fft::status_t<config1>, 0>&, hls::stream<hls::ip_fft::status_t<config1>, 0>&, bool*)' (/home/brett/Documents/FX_Correlator/hls/hls_pfb/pfb_helper.cpp:17:39)
INFO: [HLS 214-131] Inlining function 'hls::ip_fft::status_t<config1>::getOvflo(unsigned int)' into 'capture_status(hls::stream<hls::ip_fft::status_t<config1>, 0>&, hls::stream<hls::ip_fft::status_t<config1>, 0>&, hls::stream<hls::ip_fft::status_t<config1>, 0>&, hls::stream<hls::ip_fft::status_t<config1>, 0>&, bool*)' (/home/brett/Documents/FX_Correlator/hls/hls_pfb/pfb_helper.cpp:17:22)
INFO: [HLS 214-291] Loop 'channel_loop' is marked as complete unroll implied by the pipeline pragma (/home/brett/Documents/FX_Correlator/hls/hls_pfb/pfb_compute.cpp:38:23)
INFO: [HLS 214-291] Loop 'tap_loop' is marked as complete unroll implied by the pipeline pragma (/home/brett/Documents/FX_Correlator/hls/hls_pfb/pfb_compute.cpp:49:23)
INFO: [HLS 214-186] Unrolling loop 'channel_loop' (/home/brett/Documents/FX_Correlator/hls/hls_pfb/pfb_compute.cpp:38:23) in function 'decimate_pfb' completely with a factor of 4 (/home/brett/Documents/FX_Correlator/hls/hls_pfb/pfb_compute.cpp:7:0)
INFO: [HLS 214-186] Unrolling loop 'tap_loop' (/home/brett/Documents/FX_Correlator/hls/hls_pfb/pfb_compute.cpp:49:23) in function 'decimate_pfb' completely with a factor of 4 (/home/brett/Documents/FX_Correlator/hls/hls_pfb/pfb_compute.cpp:7:0)
INFO: [HLS 214-178] Inlining function 'capture_status(hls::stream<hls::ip_fft::status_t<config1>, 0>&, hls::stream<hls::ip_fft::status_t<config1>, 0>&, hls::stream<hls::ip_fft::status_t<config1>, 0>&, hls::stream<hls::ip_fft::status_t<config1>, 0>&, bool*)' into 'fft(hls::stream<parallel_sample_t, 0>&, hls::stream<parallel_sample_t, 0>&, bool*)' (/home/brett/Documents/FX_Correlator/hls/hls_pfb/pfb_fft.cpp:7:0)
INFO: [HLS 214-248] Applying array_partition to '_ZZ12decimate_pfbRN3hls6streamI17parallel_sample_tLi0EEES3_PK8ap_fixedILi16ELi1EL9ap_q_mode5EL9ap_o_mode3ELi0EEE13branch_memory.q': Complete partitioning on dimension 1. Complete partitioning on dimension 2. (/home/brett/Documents/FX_Correlator/hls/hls_pfb/pfb_compute.cpp:12:0)
INFO: [HLS 214-248] Applying array_partition to '_ZZ12decimate_pfbRN3hls6streamI17parallel_sample_tLi0EEES3_PK8ap_fixedILi16ELi1EL9ap_q_mode5EL9ap_o_mode3ELi0EEE13branch_memory.i': Complete partitioning on dimension 1. Complete partitioning on dimension 2. (/home/brett/Documents/FX_Correlator/hls/hls_pfb/pfb_compute.cpp:12:0)
INFO: [HLS 214-241] Aggregating fifo (hls::stream) variable 'stream_read_to_compute' with compact=bit mode in 128-bits (/home/brett/Documents/FX_Correlator/hls/hls_pfb/pfb_top.cpp:35:33)
INFO: [HLS 214-241] Aggregating fifo (hls::stream) variable 'stream_compute_to_fft' with compact=bit mode in 128-bits (/home/brett/Documents/FX_Correlator/hls/hls_pfb/pfb_top.cpp:36:36)
INFO: [HLS 214-241] Aggregating fifo (hls::stream) variable 'stream_fft_to_write' with compact=bit mode in 128-bits (/home/brett/Documents/FX_Correlator/hls/hls_pfb/pfb_top.cpp:37:36)
INFO: [HLS 214-241] Aggregating fifo (hls::stream) variable 'ch3_in' with compact=bit mode in 32-bits (/home/brett/Documents/FX_Correlator/hls/hls_pfb/pfb_fft.cpp:14:43)
INFO: [HLS 214-241] Aggregating fifo (hls::stream) variable 'ch2_in' with compact=bit mode in 32-bits (/home/brett/Documents/FX_Correlator/hls/hls_pfb/pfb_fft.cpp:13:43)
INFO: [HLS 214-241] Aggregating fifo (hls::stream) variable 'ch1_in' with compact=bit mode in 32-bits (/home/brett/Documents/FX_Correlator/hls/hls_pfb/pfb_fft.cpp:12:43)
INFO: [HLS 214-241] Aggregating fifo (hls::stream) variable 'ch0_in' with compact=bit mode in 32-bits (/home/brett/Documents/FX_Correlator/hls/hls_pfb/pfb_fft.cpp:11:40)
INFO: [HLS 214-241] Aggregating fifo (hls::stream) variable 'ch3_out' with compact=bit mode in 32-bits (/home/brett/Documents/FX_Correlator/hls/hls_pfb/pfb_fft.cpp:14:61)
INFO: [HLS 214-241] Aggregating fifo (hls::stream) variable 'ch2_out' with compact=bit mode in 32-bits (/home/brett/Documents/FX_Correlator/hls/hls_pfb/pfb_fft.cpp:13:61)
INFO: [HLS 214-241] Aggregating fifo (hls::stream) variable 'ch1_out' with compact=bit mode in 32-bits (/home/brett/Documents/FX_Correlator/hls/hls_pfb/pfb_fft.cpp:12:61)
INFO: [HLS 214-241] Aggregating fifo (hls::stream) variable 'ch0_out' with compact=bit mode in 32-bits (/home/brett/Documents/FX_Correlator/hls/hls_pfb/pfb_fft.cpp:11:58)
INFO: [HLS 214-270] Inferring pragma 'array_partition type=cyclic factor=5 dim=1' for array 'decimate_pfb(hls::stream<parallel_sample_t, 0>&, hls::stream<parallel_sample_t, 0>&, ap_fixed<16, 1, (ap_q_mode)5, (ap_o_mode)3, 0> const*)::local_coeffs' due to pipeline pragma (/home/brett/Documents/FX_Correlator/hls/hls_pfb/pfb_compute.cpp:33:9)
INFO: [HLS 214-248] Applying array_partition to '_ZZ12decimate_pfbRN3hls6streamI17parallel_sample_tLi0EEES3_PK8ap_fixedILi16ELi1EL9ap_q_mode5EL9ap_o_mode3ELi0EEE12local_coeffs': Cyclic partitioning with factor 5 on dimension 1. (/home/brett/Documents/FX_Correlator/hls/hls_pfb/pfb_compute.cpp:21:0)
INFO: [HLS 214-115] Multiple burst reads of length 4096 and bit width 16 in loop 'load_coeffs'(/home/brett/Documents/FX_Correlator/hls/hls_pfb/pfb_compute.cpp:25:22) has been inferred on bundle 'gmem'. These burst requests might be further partitioned into multiple requests during RTL generation, based on max_read_burst_length or max_write_burst_length settings. (/home/brett/Documents/FX_Correlator/hls/hls_pfb/pfb_compute.cpp:25:22)
WARNING: [HLS 214-375] Impl=vivado_fft in __fpga_ip is deprecated. Consider using a different IP implementation. (/tools/Xilinx/Vitis_HLS/2023.2/common/technology/autopilot/etc/hls_fft_x_complex.h:525:2)
INFO: [HLS 200-111] Finished Compiling Optimization and Transform: CPU user time: 1.5 seconds. CPU system time: 0.22 seconds. Elapsed time: 6.24 seconds; current allocated memory: 285.242 MB.
INFO: [HLS 200-111] Finished Checking Pragmas: CPU user time: 0 seconds. CPU system time: 0 seconds. Elapsed time: 0 seconds; current allocated memory: 285.242 MB.
INFO: [HLS 200-10] Starting code transformations ...
INFO: [HLS 200-111] Finished Standard Transforms: CPU user time: 0.03 seconds. CPU system time: 0.01 seconds. Elapsed time: 0.04 seconds; current allocated memory: 289.871 MB.
INFO: [HLS 200-10] Checking synthesizability ...
INFO: [HLS 200-111] Finished Checking Synthesizability: CPU user time: 0.05 seconds. CPU system time: 0 seconds. Elapsed time: 0.06 seconds; current allocated memory: 294.684 MB.
WARNING: [HLS 200-932] Cannot unroll loop 'VITIS_LOOP_30_1' (/home/brett/Documents/FX_Correlator/hls/hls_pfb/pfb_fft.cpp:30) in function 'fft' completely: infinite loop.
WARNING: [HLS 200-805] An internal stream 'cfg0_s' (/home/brett/Documents/FX_Correlator/hls/hls_pfb/pfb_fft.cpp:25) with default size can result in deadlock. Please consider resizing the stream using the directive 'set_directive_stream' or the 'HLS stream' pragma.
WARNING: [HLS 200-805] An internal stream 'cfg1_s' (/home/brett/Documents/FX_Correlator/hls/hls_pfb/pfb_fft.cpp:25) with default size can result in deadlock. Please consider resizing the stream using the directive 'set_directive_stream' or the 'HLS stream' pragma.
WARNING: [HLS 200-805] An internal stream 'cfg2_s' (/home/brett/Documents/FX_Correlator/hls/hls_pfb/pfb_fft.cpp:25) with default size can result in deadlock. Please consider resizing the stream using the directive 'set_directive_stream' or the 'HLS stream' pragma.
WARNING: [HLS 200-805] An internal stream 'cfg3_s' (/home/brett/Documents/FX_Correlator/hls/hls_pfb/pfb_fft.cpp:25) with default size can result in deadlock. Please consider resizing the stream using the directive 'set_directive_stream' or the 'HLS stream' pragma.
WARNING: [HLS 200-805] An internal stream 'stat0_s' (/home/brett/Documents/FX_Correlator/hls/hls_pfb/pfb_fft.cpp:26) with default size can result in deadlock. Please consider resizing the stream using the directive 'set_directive_stream' or the 'HLS stream' pragma.
WARNING: [HLS 200-805] An internal stream 'stat1_s' (/home/brett/Documents/FX_Correlator/hls/hls_pfb/pfb_fft.cpp:26) with default size can result in deadlock. Please consider resizing the stream using the directive 'set_directive_stream' or the 'HLS stream' pragma.
WARNING: [HLS 200-805] An internal stream 'stat2_s' (/home/brett/Documents/FX_Correlator/hls/hls_pfb/pfb_fft.cpp:26) with default size can result in deadlock. Please consider resizing the stream using the directive 'set_directive_stream' or the 'HLS stream' pragma.
WARNING: [HLS 200-805] An internal stream 'stat3_s' (/home/brett/Documents/FX_Correlator/hls/hls_pfb/pfb_fft.cpp:26) with default size can result in deadlock. Please consider resizing the stream using the directive 'set_directive_stream' or the 'HLS stream' pragma.
ERROR: [XFORM 203-711] Infinite loop inside a dataflow region in function 'fft'(/home/brett/Documents/FX_Correlator/hls/hls_pfb/pfb_fft.cpp:30) is a deprecated feature.
Please use bounded or variable bound loops instead.
ERROR: [HLS 200-1715] Encountered problem during source synthesis
ERROR: [HLS 200-70] Pre-synthesis failed.
INFO: [HLS 200-111] Finished Command csynth_design CPU user time: 11.61 seconds. CPU system time: 1.31 seconds. Elapsed time: 17.51 seconds; current allocated memory: 27.113 MB.
INFO: [HLS 200-1510] Running: close_project 
ERROR: 
INFO: [HLS 200-112] Total CPU user time: 12.38 seconds. Total CPU system time: 1.4 seconds. Total elapsed time: 18.29 seconds; peak allocated memory: 301.512 MB.
INFO: [Common 17-206] Exiting vitis_hls at Tue Jan 13 13:11:01 2026...
