INFO: [v++ 60-1548] Creating build summary session with primary output /home/brett/Documents/FX_Correlator/hls/hls_pfb/hls_pfb/hls_pfb.hlscompile_summary, at Tue Jan 13 14:12:41 2026
INFO: [v++ 82-31] Launching vitis_hls: vitis_hls -nolog -run csynth -work_dir /home/brett/Documents/FX_Correlator/hls/hls_pfb/hls_pfb -config /home/brett/Documents/FX_Correlator/hls/hls_pfb/hls_config.cfg -cmdlineconfig /home/brett/Documents/FX_Correlator/hls/hls_pfb/hls_pfb/hls/config.cmdline

****** Vitis HLS - High-Level Synthesis from C, C++ and OpenCL v2023.2 (64-bit)
  **** SW Build 4023990 on Oct 11 2023
  **** IP Build 4028589 on Sat Oct 14 00:45:43 MDT 2023
  **** SharedData Build 4025554 on Tue Oct 10 17:18:54 MDT 2023
    ** Copyright 1986-2022 Xilinx, Inc. All Rights Reserved.
    ** Copyright 2022-2023 Advanced Micro Devices, Inc. All Rights Reserved.

source /tools/Xilinx/Vitis_HLS/2023.2/scripts/vitis_hls/hls.tcl -notrace
INFO: [HLS 200-10] Running '/tools/Xilinx/Vitis_HLS/2023.2/bin/unwrapped/lnx64.o/vitis_hls'
INFO: [HLS 200-10] For user 'brett' on host 'brett-System-Product-Name' (Linux_x86_64 version 6.8.0-90-generic) on Tue Jan 13 14:12:42 PST 2026
INFO: [HLS 200-10] On os Ubuntu 22.04.5 LTS
INFO: [HLS 200-10] In directory '/home/brett/Documents/FX_Correlator/hls/hls_pfb'
WARNING: [HLS 200-40] Environment variable 'C_INCLUDE_PATH' is set to /usr/include/x86_64-linux-gnu:.
WARNING: [HLS 200-40] Environment variable 'CPLUS_INCLUDE_PATH' is set to /usr/include/x86_64-linux-gnu:.
INFO: [HLS 200-1909] Reading HLS ini file /home/brett/Documents/FX_Correlator/hls/hls_pfb/hls_config.cfg
INFO: [HLS 200-1909] Reading HLS ini file /home/brett/Documents/FX_Correlator/hls/hls_pfb/hls_pfb/hls/config.cmdline
INFO: [HLS 200-2005] Using work_dir /home/brett/Documents/FX_Correlator/hls/hls_pfb/hls_pfb 
INFO: [HLS 200-1510] Running: open_project /home/brett/Documents/FX_Correlator/hls/hls_pfb/hls_pfb -diskless 
INFO: [HLS 200-1510] Running: open_solution hls 
INFO: [HLS 200-1505] Using default flow_target 'vivado'
Resolution: For help on HLS 200-1505 see docs.xilinx.com/access/sources/dita/topic?Doc_Version=2023.2%20English&url=ug1448-hls-guidance&resourceid=200-1505.html
INFO: [HLS 200-1510] Running: apply_ini /home/brett/Documents/FX_Correlator/hls/hls_pfb/hls_config.cfg 
INFO: [HLS 200-1909] Reading HLS ini file /home/brett/Documents/FX_Correlator/hls/hls_pfb/hls_config.cfg
WARNING: [HLS 200-2001] file not found '/home/brett/Documents/FX_Correlator/pfb/hls_pfb/pfb.h' see [hls] at /home/brett/Documents/FX_Correlator/hls/hls_pfb/hls_config.cfg(9)
INFO: [HLS 200-1465] Applying ini 'syn.file=/home/brett/Documents/FX_Correlator/pfb/hls_pfb/pfb.h' at /home/brett/Documents/FX_Correlator/hls/hls_pfb/hls_config.cfg(9)
WARNING: [HLS 200-40] Cannot find design file '/home/brett/Documents/FX_Correlator/pfb/hls_pfb/pfb.h'
INFO: [HLS 200-1465] Applying ini 'syn.file=pfb_io.cpp' at /home/brett/Documents/FX_Correlator/hls/hls_pfb/hls_config.cfg(10)
INFO: [HLS 200-10] Adding design file '/home/brett/Documents/FX_Correlator/hls/hls_pfb/pfb_io.cpp' to the project
INFO: [HLS 200-1465] Applying ini 'syn.file=pfb_top.cpp' at /home/brett/Documents/FX_Correlator/hls/hls_pfb/hls_config.cfg(11)
INFO: [HLS 200-10] Adding design file '/home/brett/Documents/FX_Correlator/hls/hls_pfb/pfb_top.cpp' to the project
INFO: [HLS 200-1465] Applying ini 'syn.file=pfb_compute.cpp' at /home/brett/Documents/FX_Correlator/hls/hls_pfb/hls_config.cfg(12)
INFO: [HLS 200-10] Adding design file '/home/brett/Documents/FX_Correlator/hls/hls_pfb/pfb_compute.cpp' to the project
INFO: [HLS 200-1465] Applying ini 'syn.file=pfb_fft.cpp' at /home/brett/Documents/FX_Correlator/hls/hls_pfb/hls_config.cfg(13)
INFO: [HLS 200-10] Adding design file '/home/brett/Documents/FX_Correlator/hls/hls_pfb/pfb_fft.cpp' to the project
INFO: [HLS 200-1465] Applying ini 'syn.file=pfb_tb.cpp' at /home/brett/Documents/FX_Correlator/hls/hls_pfb/hls_config.cfg(14)
INFO: [HLS 200-10] Adding design file '/home/brett/Documents/FX_Correlator/hls/hls_pfb/pfb_tb.cpp' to the project
INFO: [HLS 200-1465] Applying ini 'syn.file=pfb_helper.cpp' at /home/brett/Documents/FX_Correlator/hls/hls_pfb/hls_config.cfg(15)
INFO: [HLS 200-10] Adding design file '/home/brett/Documents/FX_Correlator/hls/hls_pfb/pfb_helper.cpp' to the project
INFO: [HLS 200-1465] Applying ini 'syn.file=/home/brett/Documents/FX_Correlator/hls/hls_pfb/pfb.h' at /home/brett/Documents/FX_Correlator/hls/hls_pfb/hls_config.cfg(16)
INFO: [HLS 200-10] Adding design file '/home/brett/Documents/FX_Correlator/hls/hls_pfb/pfb.h' to the project
INFO: [HLS 200-1465] Applying ini 'tb.file=pfb_tb.cpp' at /home/brett/Documents/FX_Correlator/hls/hls_pfb/hls_config.cfg(7)
INFO: [HLS 200-10] Adding test bench file '/home/brett/Documents/FX_Correlator/hls/hls_pfb/pfb_tb.cpp' to the project
INFO: [HLS 200-1465] Applying ini 'syn.top=pfb_multichannel' at /home/brett/Documents/FX_Correlator/hls/hls_pfb/hls_config.cfg(4)
INFO: [HLS 200-1465] Applying ini 'part=xc7z045ffg900-2' at /home/brett/Documents/FX_Correlator/hls/hls_pfb/hls_config.cfg(1)
INFO: [HLS 200-1611] Setting target device to 'xc7z045-ffg900-2'
INFO: [HLS 200-1465] Applying ini 'clock=10ns' at /home/brett/Documents/FX_Correlator/hls/hls_pfb/hls_config.cfg(5)
INFO: [SYN 201-201] Setting up clock 'default' with a period of 10ns.
INFO: [HLS 200-1465] Applying ini 'csim.ldflags=-B/usr/lib/x86_64-linux-gnu/' at /home/brett/Documents/FX_Correlator/hls/hls_pfb/hls_config.cfg(6)
INFO: [HLS 200-1510] Running: apply_ini /home/brett/Documents/FX_Correlator/hls/hls_pfb/hls_pfb/hls/config.cmdline 
INFO: [HLS 200-1909] Reading HLS ini file /home/brett/Documents/FX_Correlator/hls/hls_pfb/hls_pfb/hls/config.cmdline
INFO: [HLS 200-1510] Running: csynth_design 
WARNING: [HLS 200-40] Cannot find source file /home/brett/Documents/FX_Correlator/pfb/hls_pfb/pfb.h; skipping it.
INFO: [HLS 200-111] Finished File checks and directory preparation: CPU user time: 0.02 seconds. CPU system time: 0 seconds. Elapsed time: 0.03 seconds; current allocated memory: 274.375 MB.
INFO: [HLS 200-10] Analyzing design file '/home/brett/Documents/FX_Correlator/hls/hls_pfb/pfb_helper.cpp' ... 
WARNING: [HLS 207-5292] unused parameter 'data_type' (/tools/Xilinx/Vitis_HLS/2023.2/common/technology/autopilot/hls_fft.h:97:77)
WARNING: [HLS 207-5292] unused parameter 'cp_len_enable' (/tools/Xilinx/Vitis_HLS/2023.2/common/technology/autopilot/hls_fft.h:121:66)
WARNING: [HLS 207-5292] unused parameter 'scaling_opt' (/tools/Xilinx/Vitis_HLS/2023.2/common/technology/autopilot/hls_fft.h:134:68)
WARNING: [HLS 207-5292] unused parameter 'scaling_opt' (/tools/Xilinx/Vitis_HLS/2023.2/common/technology/autopilot/hls_fft.h:311:71)
WARNING: [HLS 207-5292] unused parameter 'has_ovflo' (/tools/Xilinx/Vitis_HLS/2023.2/common/technology/autopilot/hls_fft.h:324:66)
INFO: [HLS 200-10] Analyzing design file '/home/brett/Documents/FX_Correlator/hls/hls_pfb/pfb_tb.cpp' ... 
WARNING: [HLS 207-5292] unused parameter 'data_type' (/tools/Xilinx/Vitis_HLS/2023.2/common/technology/autopilot/hls_fft.h:97:77)
WARNING: [HLS 207-5292] unused parameter 'cp_len_enable' (/tools/Xilinx/Vitis_HLS/2023.2/common/technology/autopilot/hls_fft.h:121:66)
WARNING: [HLS 207-5292] unused parameter 'scaling_opt' (/tools/Xilinx/Vitis_HLS/2023.2/common/technology/autopilot/hls_fft.h:134:68)
WARNING: [HLS 207-5292] unused parameter 'scaling_opt' (/tools/Xilinx/Vitis_HLS/2023.2/common/technology/autopilot/hls_fft.h:311:71)
WARNING: [HLS 207-5292] unused parameter 'has_ovflo' (/tools/Xilinx/Vitis_HLS/2023.2/common/technology/autopilot/hls_fft.h:324:66)
INFO: [HLS 200-10] Analyzing design file '/home/brett/Documents/FX_Correlator/hls/hls_pfb/pfb_fft.cpp' ... 
WARNING: [HLS 207-5292] unused parameter 'data_type' (/tools/Xilinx/Vitis_HLS/2023.2/common/technology/autopilot/hls_fft.h:97:77)
WARNING: [HLS 207-5292] unused parameter 'cp_len_enable' (/tools/Xilinx/Vitis_HLS/2023.2/common/technology/autopilot/hls_fft.h:121:66)
WARNING: [HLS 207-5292] unused parameter 'scaling_opt' (/tools/Xilinx/Vitis_HLS/2023.2/common/technology/autopilot/hls_fft.h:134:68)
WARNING: [HLS 207-5292] unused parameter 'scaling_opt' (/tools/Xilinx/Vitis_HLS/2023.2/common/technology/autopilot/hls_fft.h:311:71)
WARNING: [HLS 207-5292] unused parameter 'has_ovflo' (/tools/Xilinx/Vitis_HLS/2023.2/common/technology/autopilot/hls_fft.h:324:66)
INFO: [HLS 200-10] Analyzing design file '/home/brett/Documents/FX_Correlator/hls/hls_pfb/pfb_compute.cpp' ... 
WARNING: [HLS 207-5292] unused parameter 'data_type' (/tools/Xilinx/Vitis_HLS/2023.2/common/technology/autopilot/hls_fft.h:97:77)
WARNING: [HLS 207-5292] unused parameter 'cp_len_enable' (/tools/Xilinx/Vitis_HLS/2023.2/common/technology/autopilot/hls_fft.h:121:66)
WARNING: [HLS 207-5292] unused parameter 'scaling_opt' (/tools/Xilinx/Vitis_HLS/2023.2/common/technology/autopilot/hls_fft.h:134:68)
WARNING: [HLS 207-5292] unused parameter 'scaling_opt' (/tools/Xilinx/Vitis_HLS/2023.2/common/technology/autopilot/hls_fft.h:311:71)
WARNING: [HLS 207-5292] unused parameter 'has_ovflo' (/tools/Xilinx/Vitis_HLS/2023.2/common/technology/autopilot/hls_fft.h:324:66)
INFO: [HLS 200-10] Analyzing design file '/home/brett/Documents/FX_Correlator/hls/hls_pfb/pfb_top.cpp' ... 
WARNING: [HLS 207-5292] unused parameter 'data_type' (/tools/Xilinx/Vitis_HLS/2023.2/common/technology/autopilot/hls_fft.h:97:77)
WARNING: [HLS 207-5292] unused parameter 'cp_len_enable' (/tools/Xilinx/Vitis_HLS/2023.2/common/technology/autopilot/hls_fft.h:121:66)
WARNING: [HLS 207-5292] unused parameter 'scaling_opt' (/tools/Xilinx/Vitis_HLS/2023.2/common/technology/autopilot/hls_fft.h:134:68)
WARNING: [HLS 207-5292] unused parameter 'scaling_opt' (/tools/Xilinx/Vitis_HLS/2023.2/common/technology/autopilot/hls_fft.h:311:71)
WARNING: [HLS 207-5292] unused parameter 'has_ovflo' (/tools/Xilinx/Vitis_HLS/2023.2/common/technology/autopilot/hls_fft.h:324:66)
INFO: [HLS 200-10] Analyzing design file '/home/brett/Documents/FX_Correlator/hls/hls_pfb/pfb_io.cpp' ... 
WARNING: [HLS 207-5292] unused parameter 'data_type' (/tools/Xilinx/Vitis_HLS/2023.2/common/technology/autopilot/hls_fft.h:97:77)
WARNING: [HLS 207-5292] unused parameter 'cp_len_enable' (/tools/Xilinx/Vitis_HLS/2023.2/common/technology/autopilot/hls_fft.h:121:66)
WARNING: [HLS 207-5292] unused parameter 'scaling_opt' (/tools/Xilinx/Vitis_HLS/2023.2/common/technology/autopilot/hls_fft.h:134:68)
WARNING: [HLS 207-5292] unused parameter 'scaling_opt' (/tools/Xilinx/Vitis_HLS/2023.2/common/technology/autopilot/hls_fft.h:311:71)
WARNING: [HLS 207-5292] unused parameter 'has_ovflo' (/tools/Xilinx/Vitis_HLS/2023.2/common/technology/autopilot/hls_fft.h:324:66)
INFO: [HLS 200-111] Finished Source Code Analysis and Preprocessing: CPU user time: 9.87 seconds. CPU system time: 1.02 seconds. Elapsed time: 10.95 seconds; current allocated memory: 282.551 MB.
INFO: [HLS 200-777] Using interface defaults for 'Vivado' flow target.
INFO: [HLS 200-1995] There were 5,018 instructions in the design after the 'Compile/Link' phase of compilation. See the Design Size Report for more details: /home/brett/Documents/FX_Correlator/hls/hls_pfb/hls_pfb/hls/syn/report/csynth_design_size.rpt
INFO: [HLS 200-1995] There were 28,389 instructions in the design after the 'Unroll/Inline (step 1)' phase of compilation. See the Design Size Report for more details: /home/brett/Documents/FX_Correlator/hls/hls_pfb/hls_pfb/hls/syn/report/csynth_design_size.rpt
INFO: [HLS 200-1995] There were 12,899 instructions in the design after the 'Unroll/Inline (step 2)' phase of compilation. See the Design Size Report for more details: /home/brett/Documents/FX_Correlator/hls/hls_pfb/hls_pfb/hls/syn/report/csynth_design_size.rpt
INFO: [HLS 200-1995] There were 12,899 instructions in the design after the 'Unroll/Inline (step 3)' phase of compilation. See the Design Size Report for more details: /home/brett/Documents/FX_Correlator/hls/hls_pfb/hls_pfb/hls/syn/report/csynth_design_size.rpt
INFO: [HLS 200-1995] There were 12,899 instructions in the design after the 'Unroll/Inline (step 4)' phase of compilation. See the Design Size Report for more details: /home/brett/Documents/FX_Correlator/hls/hls_pfb/hls_pfb/hls/syn/report/csynth_design_size.rpt
INFO: [HLS 200-1995] There were 13,654 instructions in the design after the 'Array/Struct (step 1)' phase of compilation. See the Design Size Report for more details: /home/brett/Documents/FX_Correlator/hls/hls_pfb/hls_pfb/hls/syn/report/csynth_design_size.rpt
INFO: [HLS 200-1995] There were 13,062 instructions in the design after the 'Array/Struct (step 2)' phase of compilation. See the Design Size Report for more details: /home/brett/Documents/FX_Correlator/hls/hls_pfb/hls_pfb/hls/syn/report/csynth_design_size.rpt
INFO: [HLS 200-1995] There were 13,066 instructions in the design after the 'Array/Struct (step 3)' phase of compilation. See the Design Size Report for more details: /home/brett/Documents/FX_Correlator/hls/hls_pfb/hls_pfb/hls/syn/report/csynth_design_size.rpt
INFO: [HLS 200-1995] There were 13,302 instructions in the design after the 'Array/Struct (step 4)' phase of compilation. See the Design Size Report for more details: /home/brett/Documents/FX_Correlator/hls/hls_pfb/hls_pfb/hls/syn/report/csynth_design_size.rpt
INFO: [HLS 200-1995] There were 9,208 instructions in the design after the 'Array/Struct (step 5)' phase of compilation. See the Design Size Report for more details: /home/brett/Documents/FX_Correlator/hls/hls_pfb/hls_pfb/hls/syn/report/csynth_design_size.rpt
INFO: [HLS 200-1995] There were 9,207 instructions in the design after the 'Performance (step 1)' phase of compilation. See the Design Size Report for more details: /home/brett/Documents/FX_Correlator/hls/hls_pfb/hls_pfb/hls/syn/report/csynth_design_size.rpt
INFO: [HLS 200-1995] There were 9,207 instructions in the design after the 'Performance (step 2)' phase of compilation. See the Design Size Report for more details: /home/brett/Documents/FX_Correlator/hls/hls_pfb/hls_pfb/hls/syn/report/csynth_design_size.rpt
INFO: [HLS 200-1995] There were 9,207 instructions in the design after the 'Performance (step 3)' phase of compilation. See the Design Size Report for more details: /home/brett/Documents/FX_Correlator/hls/hls_pfb/hls_pfb/hls/syn/report/csynth_design_size.rpt
INFO: [HLS 200-1995] There were 9,207 instructions in the design after the 'Performance (step 4)' phase of compilation. See the Design Size Report for more details: /home/brett/Documents/FX_Correlator/hls/hls_pfb/hls_pfb/hls/syn/report/csynth_design_size.rpt
INFO: [HLS 200-1995] There were 9,178 instructions in the design after the 'HW Transforms (step 1)' phase of compilation. See the Design Size Report for more details: /home/brett/Documents/FX_Correlator/hls/hls_pfb/hls_pfb/hls/syn/report/csynth_design_size.rpt
INFO: [HLS 200-1995] There were 9,215 instructions in the design after the 'HW Transforms (step 2)' phase of compilation. See the Design Size Report for more details: /home/brett/Documents/FX_Correlator/hls/hls_pfb/hls_pfb/hls/syn/report/csynth_design_size.rpt
INFO: [HLS 214-131] Inlining function 'compute_pfb(hls::stream<parallel_sample_t, 0>&, hls::stream<parallel_sample_t, 0>&, ap_fixed<16, 1, (ap_q_mode)5, (ap_o_mode)3, 0> const*, bool&)' into 'pfb_multichannel(hls::stream<ap_fixed<16, 1, (ap_q_mode)5, (ap_o_mode)2, 0>, 0>&, hls::stream<ap_fixed<16, 1, (ap_q_mode)5, (ap_o_mode)2, 0>, 0>&, hls::stream<ap_fixed<16, 1, (ap_q_mode)5, (ap_o_mode)2, 0>, 0>&, hls::stream<ap_fixed<16, 1, (ap_q_mode)5, (ap_o_mode)2, 0>, 0>&, hls::stream<ap_fixed<16, 1, (ap_q_mode)5, (ap_o_mode)2, 0>, 0>&, hls::stream<ap_fixed<16, 1, (ap_q_mode)5, (ap_o_mode)2, 0>, 0>&, hls::stream<ap_fixed<16, 1, (ap_q_mode)5, (ap_o_mode)2, 0>, 0>&, hls::stream<ap_fixed<16, 1, (ap_q_mode)5, (ap_o_mode)2, 0>, 0>&, hls::stream<ap_fixed<32, 1, (ap_q_mode)5, (ap_o_mode)3, 0>, 0>&, hls::stream<ap_fixed<32, 1, (ap_q_mode)5, (ap_o_mode)3, 0>, 0>&, hls::stream<ap_fixed<32, 1, (ap_q_mode)5, (ap_o_mode)3, 0>, 0>&, hls::stream<ap_fixed<32, 1, (ap_q_mode)5, (ap_o_mode)3, 0>, 0>&, ap_fixed<16, 1, (ap_q_mode)5, (ap_o_mode)3, 0> const*)' (/home/brett/Documents/FX_Correlator/hls/hls_pfb/pfb_top.cpp:48:9)
INFO: [HLS 214-131] Inlining function 'write_outputs(hls::stream<parallel_sample_t, 0>&, hls::stream<ap_fixed<32, 1, (ap_q_mode)5, (ap_o_mode)3, 0>, 0>&, hls::stream<ap_fixed<32, 1, (ap_q_mode)5, (ap_o_mode)3, 0>, 0>&, hls::stream<ap_fixed<32, 1, (ap_q_mode)5, (ap_o_mode)3, 0>, 0>&, hls::stream<ap_fixed<32, 1, (ap_q_mode)5, (ap_o_mode)3, 0>, 0>&)' into 'pfb_multichannel(hls::stream<ap_fixed<16, 1, (ap_q_mode)5, (ap_o_mode)2, 0>, 0>&, hls::stream<ap_fixed<16, 1, (ap_q_mode)5, (ap_o_mode)2, 0>, 0>&, hls::stream<ap_fixed<16, 1, (ap_q_mode)5, (ap_o_mode)2, 0>, 0>&, hls::stream<ap_fixed<16, 1, (ap_q_mode)5, (ap_o_mode)2, 0>, 0>&, hls::stream<ap_fixed<16, 1, (ap_q_mode)5, (ap_o_mode)2, 0>, 0>&, hls::stream<ap_fixed<16, 1, (ap_q_mode)5, (ap_o_mode)2, 0>, 0>&, hls::stream<ap_fixed<16, 1, (ap_q_mode)5, (ap_o_mode)2, 0>, 0>&, hls::stream<ap_fixed<16, 1, (ap_q_mode)5, (ap_o_mode)2, 0>, 0>&, hls::stream<ap_fixed<32, 1, (ap_q_mode)5, (ap_o_mode)3, 0>, 0>&, hls::stream<ap_fixed<32, 1, (ap_q_mode)5, (ap_o_mode)3, 0>, 0>&, hls::stream<ap_fixed<32, 1, (ap_q_mode)5, (ap_o_mode)3, 0>, 0>&, hls::stream<ap_fixed<32, 1, (ap_q_mode)5, (ap_o_mode)3, 0>, 0>&, ap_fixed<16, 1, (ap_q_mode)5, (ap_o_mode)3, 0> const*)' (/home/brett/Documents/FX_Correlator/hls/hls_pfb/pfb_top.cpp:64:9)
INFO: [HLS 214-131] Inlining function 'compute_pfb(hls::stream<parallel_sample_t, 0>&, hls::stream<parallel_sample_t, 0>&, ap_fixed<16, 1, (ap_q_mode)5, (ap_o_mode)3, 0> const*, bool&)' into 'pfb_multichannel(hls::stream<ap_fixed<16, 1, (ap_q_mode)5, (ap_o_mode)2, 0>, 0>&, hls::stream<ap_fixed<16, 1, (ap_q_mode)5, (ap_o_mode)2, 0>, 0>&, hls::stream<ap_fixed<16, 1, (ap_q_mode)5, (ap_o_mode)2, 0>, 0>&, hls::stream<ap_fixed<16, 1, (ap_q_mode)5, (ap_o_mode)2, 0>, 0>&, hls::stream<ap_fixed<16, 1, (ap_q_mode)5, (ap_o_mode)2, 0>, 0>&, hls::stream<ap_fixed<16, 1, (ap_q_mode)5, (ap_o_mode)2, 0>, 0>&, hls::stream<ap_fixed<16, 1, (ap_q_mode)5, (ap_o_mode)2, 0>, 0>&, hls::stream<ap_fixed<16, 1, (ap_q_mode)5, (ap_o_mode)2, 0>, 0>&, hls::stream<ap_fixed<32, 1, (ap_q_mode)5, (ap_o_mode)3, 0>, 0>&, hls::stream<ap_fixed<32, 1, (ap_q_mode)5, (ap_o_mode)3, 0>, 0>&, hls::stream<ap_fixed<32, 1, (ap_q_mode)5, (ap_o_mode)3, 0>, 0>&, hls::stream<ap_fixed<32, 1, (ap_q_mode)5, (ap_o_mode)3, 0>, 0>&, ap_fixed<16, 1, (ap_q_mode)5, (ap_o_mode)3, 0> const*)' (/home/brett/Documents/FX_Correlator/hls/hls_pfb/pfb_top.cpp:57:9)
INFO: [HLS 214-131] Inlining function 'read_inputs(hls::stream<ap_fixed<16, 1, (ap_q_mode)5, (ap_o_mode)2, 0>, 0>&, hls::stream<ap_fixed<16, 1, (ap_q_mode)5, (ap_o_mode)2, 0>, 0>&, hls::stream<ap_fixed<16, 1, (ap_q_mode)5, (ap_o_mode)2, 0>, 0>&, hls::stream<ap_fixed<16, 1, (ap_q_mode)5, (ap_o_mode)2, 0>, 0>&, hls::stream<ap_fixed<16, 1, (ap_q_mode)5, (ap_o_mode)2, 0>, 0>&, hls::stream<ap_fixed<16, 1, (ap_q_mode)5, (ap_o_mode)2, 0>, 0>&, hls::stream<ap_fixed<16, 1, (ap_q_mode)5, (ap_o_mode)2, 0>, 0>&, hls::stream<ap_fixed<16, 1, (ap_q_mode)5, (ap_o_mode)2, 0>, 0>&, hls::stream<parallel_sample_t, 0>&)' into 'pfb_multichannel(hls::stream<ap_fixed<16, 1, (ap_q_mode)5, (ap_o_mode)2, 0>, 0>&, hls::stream<ap_fixed<16, 1, (ap_q_mode)5, (ap_o_mode)2, 0>, 0>&, hls::stream<ap_fixed<16, 1, (ap_q_mode)5, (ap_o_mode)2, 0>, 0>&, hls::stream<ap_fixed<16, 1, (ap_q_mode)5, (ap_o_mode)2, 0>, 0>&, hls::stream<ap_fixed<16, 1, (ap_q_mode)5, (ap_o_mode)2, 0>, 0>&, hls::stream<ap_fixed<16, 1, (ap_q_mode)5, (ap_o_mode)2, 0>, 0>&, hls::stream<ap_fixed<16, 1, (ap_q_mode)5, (ap_o_mode)2, 0>, 0>&, hls::stream<ap_fixed<16, 1, (ap_q_mode)5, (ap_o_mode)2, 0>, 0>&, hls::stream<ap_fixed<32, 1, (ap_q_mode)5, (ap_o_mode)3, 0>, 0>&, hls::stream<ap_fixed<32, 1, (ap_q_mode)5, (ap_o_mode)3, 0>, 0>&, hls::stream<ap_fixed<32, 1, (ap_q_mode)5, (ap_o_mode)3, 0>, 0>&, hls::stream<ap_fixed<32, 1, (ap_q_mode)5, (ap_o_mode)3, 0>, 0>&, ap_fixed<16, 1, (ap_q_mode)5, (ap_o_mode)3, 0> const*)' (/home/brett/Documents/FX_Correlator/hls/hls_pfb/pfb_top.cpp:51:9)
INFO: [HLS 214-291] Loop 'channel_loop' is marked as complete unroll implied by the pipeline pragma (/home/brett/Documents/FX_Correlator/hls/hls_pfb/pfb_compute.cpp:42:19)
INFO: [HLS 214-291] Loop 'tap_loop' is marked as complete unroll implied by the pipeline pragma (/home/brett/Documents/FX_Correlator/hls/hls_pfb/pfb_compute.cpp:53:19)
INFO: [HLS 214-291] Loop 'load_coeffs_t' is marked as complete unroll implied by the pipeline pragma (/home/brett/Documents/FX_Correlator/hls/hls_pfb/pfb_compute.cpp:26:24)
INFO: [HLS 214-291] Loop 'load_coeffs_k' is marked as complete unroll implied by the pipeline pragma (/home/brett/Documents/FX_Correlator/hls/hls_pfb/pfb_compute.cpp:27:28)
INFO: [HLS 214-186] Unrolling loop 'channel_loop' (/home/brett/Documents/FX_Correlator/hls/hls_pfb/pfb_compute.cpp:42:19) in function 'pfb_multichannel' completely with a factor of 4 (/home/brett/Documents/FX_Correlator/hls/hls_pfb/pfb_top.cpp:15:0)
INFO: [HLS 214-186] Unrolling loop 'tap_loop' (/home/brett/Documents/FX_Correlator/hls/hls_pfb/pfb_compute.cpp:53:19) in function 'pfb_multichannel' completely with a factor of 4 (/home/brett/Documents/FX_Correlator/hls/hls_pfb/pfb_top.cpp:15:0)
INFO: [HLS 214-186] Unrolling loop 'load_coeffs_t' (/home/brett/Documents/FX_Correlator/hls/hls_pfb/pfb_compute.cpp:26:24) in function 'pfb_multichannel' completely with a factor of 4 (/home/brett/Documents/FX_Correlator/hls/hls_pfb/pfb_top.cpp:15:0)
INFO: [HLS 214-186] Unrolling loop 'load_coeffs_k' (/home/brett/Documents/FX_Correlator/hls/hls_pfb/pfb_compute.cpp:27:28) in function 'pfb_multichannel' completely with a factor of 1024 (/home/brett/Documents/FX_Correlator/hls/hls_pfb/pfb_top.cpp:15:0)
INFO: [HLS 214-248] Applying array_partition to '_ZZ11compute_pfbRN3hls6streamI17parallel_sample_tLi0EEES3_PK8ap_fixedILi16ELi1EL9ap_q_mode5EL9ap_o_mode3ELi0EERbE12local_coeffs': Complete partitioning on dimension 1. (/home/brett/Documents/FX_Correlator/hls/hls_pfb/pfb_compute.cpp:21:0)
INFO: [HLS 214-248] Applying array_partition to '_ZZ11compute_pfbRN3hls6streamI17parallel_sample_tLi0EEES3_PK8ap_fixedILi16ELi1EL9ap_q_mode5EL9ap_o_mode3ELi0EERbE13branch_memory.q': Complete partitioning on dimension 1. Complete partitioning on dimension 2. (/home/brett/Documents/FX_Correlator/hls/hls_pfb/pfb_compute.cpp:12:0)
INFO: [HLS 214-248] Applying array_partition to '_ZZ11compute_pfbRN3hls6streamI17parallel_sample_tLi0EEES3_PK8ap_fixedILi16ELi1EL9ap_q_mode5EL9ap_o_mode3ELi0EERbE13branch_memory.i': Complete partitioning on dimension 1. Complete partitioning on dimension 2. (/home/brett/Documents/FX_Correlator/hls/hls_pfb/pfb_compute.cpp:12:0)
INFO: [HLS 214-241] Aggregating fifo (hls::stream) variable 'stream_read_to_compute' with compact=bit mode in 128-bits (/home/brett/Documents/FX_Correlator/hls/hls_pfb/pfb_top.cpp:40:36)
INFO: [HLS 214-241] Aggregating fifo (hls::stream) variable 'stream_compute_to_fft' with compact=bit mode in 128-bits (/home/brett/Documents/FX_Correlator/hls/hls_pfb/pfb_top.cpp:41:36)
INFO: [HLS 214-115] Multiple burst reads of length 4096 and bit width 16 has been inferred on bundle 'gmem'. These burst requests might be further partitioned into multiple requests during RTL generation, based on max_read_burst_length or max_write_burst_length settings. (/home/brett/Documents/FX_Correlator/hls/hls_pfb/pfb_compute.cpp:30:36)
INFO: [HLS 200-111] Finished Compiling Optimization and Transform: CPU user time: 58.26 seconds. CPU system time: 0.18 seconds. Elapsed time: 60.9 seconds; current allocated memory: 341.754 MB.
INFO: [HLS 200-111] Finished Checking Pragmas: CPU user time: 0 seconds. CPU system time: 0 seconds. Elapsed time: 0 seconds; current allocated memory: 341.754 MB.
INFO: [HLS 200-10] Starting code transformations ...
INFO: [HLS 200-111] Finished Standard Transforms: CPU user time: 0.59 seconds. CPU system time: 0 seconds. Elapsed time: 0.59 seconds; current allocated memory: 341.754 MB.
INFO: [HLS 200-10] Checking synthesizability ...
INFO: [HLS 200-111] Finished Checking Synthesizability: CPU user time: 1.39 seconds. CPU system time: 0.01 seconds. Elapsed time: 1.4 seconds; current allocated memory: 343.039 MB.
WARNING: [HLS 200-805] An internal stream 'stream_read_to_compute' with default size can result in deadlock. Please consider resizing the stream using the directive 'set_directive_stream' or the 'HLS stream' pragma.
WARNING: [HLS 200-805] An internal stream 'stream_compute_to_fft' with default size can result in deadlock. Please consider resizing the stream using the directive 'set_directive_stream' or the 'HLS stream' pragma.
INFO: [XFORM 203-401] Performing if-conversion on hyperblock from (/home/brett/Documents/FX_Correlator/hls/hls_pfb/pfb_compute.cpp:65:24) to (/home/brett/Documents/FX_Correlator/hls/hls_pfb/pfb_compute.cpp:46:47) in function 'pfb_multichannel'... converting 5 basic blocks.
INFO: [XFORM 203-401] Performing if-conversion on hyperblock from (/home/brett/Documents/FX_Correlator/hls/hls_pfb/pfb_compute.cpp:65:24) to (/home/brett/Documents/FX_Correlator/hls/hls_pfb/pfb_compute.cpp:46:47) in function 'pfb_multichannel'... converting 5 basic blocks.
INFO: [XFORM 203-401] Performing if-conversion on hyperblock from (/home/brett/Documents/FX_Correlator/hls/hls_pfb/pfb_compute.cpp:65:24) to (/home/brett/Documents/FX_Correlator/hls/hls_pfb/pfb_compute.cpp:46:47) in function 'pfb_multichannel'... converting 5 basic blocks.
INFO: [XFORM 203-401] Performing if-conversion on hyperblock from (/home/brett/Documents/FX_Correlator/hls/hls_pfb/pfb_compute.cpp:65:24) to (/home/brett/Documents/FX_Correlator/hls/hls_pfb/pfb_compute.cpp:81:9) in function 'pfb_multichannel'... converting 5 basic blocks.
INFO: [HLS 200-111] Finished Loop, function and other optimizations: CPU user time: 3.29 seconds. CPU system time: 0 seconds. Elapsed time: 3.33 seconds; current allocated memory: 392.039 MB.
INFO: [HLS 200-111] Finished Architecture Synthesis: CPU user time: 7.59 seconds. CPU system time: 0.23 seconds. Elapsed time: 7.82 seconds; current allocated memory: 1.355 GB.
INFO: [HLS 200-10] Starting hardware synthesis ...
INFO: [HLS 200-10] Synthesizing 'pfb_multichannel' ...
INFO: [HLS 200-10] ----------------------------------------------------------------
INFO: [HLS 200-42] -- Implementing module 'pfb_multichannel' 
INFO: [HLS 200-10] ----------------------------------------------------------------
INFO: [SCHED 204-11] Starting scheduling ...
INFO: [HLS 200-486] Changing DSP latency (root=add_ln71) to 3 in order to utilize available DSP registers.
INFO: [HLS 200-486] Changing DSP latency (root=add_ln71_1) to 3 in order to utilize available DSP registers.
INFO: [HLS 200-486] Changing DSP latency (root=add_ln70) to 3 in order to utilize available DSP registers.
INFO: [HLS 200-486] Changing DSP latency (root=add_ln70_1) to 3 in order to utilize available DSP registers.
INFO: [HLS 200-486] Changing DSP latency (root=add_ln71_2) to 3 in order to utilize available DSP registers.
INFO: [HLS 200-486] Changing DSP latency (root=add_ln71_5) to 3 in order to utilize available DSP registers.
INFO: [HLS 200-486] Changing DSP latency (root=add_ln70_2) to 3 in order to utilize available DSP registers.
INFO: [HLS 200-486] Changing DSP latency (root=add_ln70_5) to 3 in order to utilize available DSP registers.
INFO: [HLS 200-486] Changing DSP latency (root=add_ln71_4) to 3 in order to utilize available DSP registers.
INFO: [HLS 200-486] Changing DSP latency (root=add_ln71_8) to 3 in order to utilize available DSP registers.
INFO: [HLS 200-486] Changing DSP latency (root=add_ln70_4) to 3 in order to utilize available DSP registers.
INFO: [HLS 200-486] Changing DSP latency (root=add_ln70_8) to 3 in order to utilize available DSP registers.
INFO: [HLS 200-486] Changing DSP latency (root=add_ln71_6) to 3 in order to utilize available DSP registers.
INFO: [HLS 200-486] Changing DSP latency (root=add_ln71_10) to 3 in order to utilize available DSP registers.
INFO: [HLS 200-486] Changing DSP latency (root=add_ln70_6) to 3 in order to utilize available DSP registers.
INFO: [HLS 200-486] Changing DSP latency (root=add_ln70_10) to 3 in order to utilize available DSP registers.
INFO: [SCHED 204-61] Pipelining function 'pfb_multichannel'.
WARNING: [HLS 200-880] The II Violation in module 'pfb_multichannel' (function 'pfb_multichannel'): Unable to enforce a carried dependence constraint (II = 1, distance = 1, offset = 1) between bus read operation ('gmem_addr_read_4095', /home/brett/Documents/FX_Correlator/hls/hls_pfb/pfb_compute.cpp:30->/home/brett/Documents/FX_Correlator/hls/hls_pfb/pfb_top.cpp:48) on port 'gmem' (/home/brett/Documents/FX_Correlator/hls/hls_pfb/pfb_compute.cpp:30->/home/brett/Documents/FX_Correlator/hls/hls_pfb/pfb_top.cpp:48) and bus read operation ('gmem_addr_read', /home/brett/Documents/FX_Correlator/hls/hls_pfb/pfb_compute.cpp:30->/home/brett/Documents/FX_Correlator/hls/hls_pfb/pfb_top.cpp:48) on port 'gmem' (/home/brett/Documents/FX_Correlator/hls/hls_pfb/pfb_compute.cpp:30->/home/brett/Documents/FX_Correlator/hls/hls_pfb/pfb_top.cpp:48).
Resolution: For help on HLS 200-880 see docs.xilinx.com/access/sources/dita/topic?Doc_Version=2023.2%20English&url=ug1448-hls-guidance&resourceid=200-880.html
WARNING: [HLS 200-880] The II Violation in module 'pfb_multichannel' (function 'pfb_multichannel'): Unable to enforce a carried dependence constraint (II = 2, distance = 1, offset = 1) between bus read operation ('gmem_addr_read_4095', /home/brett/Documents/FX_Correlator/hls/hls_pfb/pfb_compute.cpp:30->/home/brett/Documents/FX_Correlator/hls/hls_pfb/pfb_top.cpp:48) on port 'gmem' (/home/brett/Documents/FX_Correlator/hls/hls_pfb/pfb_compute.cpp:30->/home/brett/Documents/FX_Correlator/hls/hls_pfb/pfb_top.cpp:48) and bus read operation ('gmem_addr_read', /home/brett/Documents/FX_Correlator/hls/hls_pfb/pfb_compute.cpp:30->/home/brett/Documents/FX_Correlator/hls/hls_pfb/pfb_top.cpp:48) on port 'gmem' (/home/brett/Documents/FX_Correlator/hls/hls_pfb/pfb_compute.cpp:30->/home/brett/Documents/FX_Correlator/hls/hls_pfb/pfb_top.cpp:48).
Resolution: For help on HLS 200-880 see docs.xilinx.com/access/sources/dita/topic?Doc_Version=2023.2%20English&url=ug1448-hls-guidance&resourceid=200-880.html
WARNING: [HLS 200-880] The II Violation in module 'pfb_multichannel' (function 'pfb_multichannel'): Unable to enforce a carried dependence constraint (II = 3, distance = 1, offset = 1) between bus read operation ('gmem_addr_read_4095', /home/brett/Documents/FX_Correlator/hls/hls_pfb/pfb_compute.cpp:30->/home/brett/Documents/FX_Correlator/hls/hls_pfb/pfb_top.cpp:48) on port 'gmem' (/home/brett/Documents/FX_Correlator/hls/hls_pfb/pfb_compute.cpp:30->/home/brett/Documents/FX_Correlator/hls/hls_pfb/pfb_top.cpp:48) and bus read operation ('gmem_addr_read', /home/brett/Documents/FX_Correlator/hls/hls_pfb/pfb_compute.cpp:30->/home/brett/Documents/FX_Correlator/hls/hls_pfb/pfb_top.cpp:48) on port 'gmem' (/home/brett/Documents/FX_Correlator/hls/hls_pfb/pfb_compute.cpp:30->/home/brett/Documents/FX_Correlator/hls/hls_pfb/pfb_top.cpp:48).
Resolution: For help on HLS 200-880 see docs.xilinx.com/access/sources/dita/topic?Doc_Version=2023.2%20English&url=ug1448-hls-guidance&resourceid=200-880.html
WARNING: [HLS 200-880] The II Violation in module 'pfb_multichannel' (function 'pfb_multichannel'): Unable to enforce a carried dependence constraint (II = 4, distance = 1, offset = 1) between bus read operation ('gmem_addr_read_4095', /home/brett/Documents/FX_Correlator/hls/hls_pfb/pfb_compute.cpp:30->/home/brett/Documents/FX_Correlator/hls/hls_pfb/pfb_top.cpp:48) on port 'gmem' (/home/brett/Documents/FX_Correlator/hls/hls_pfb/pfb_compute.cpp:30->/home/brett/Documents/FX_Correlator/hls/hls_pfb/pfb_top.cpp:48) and bus read operation ('gmem_addr_read', /home/brett/Documents/FX_Correlator/hls/hls_pfb/pfb_compute.cpp:30->/home/brett/Documents/FX_Correlator/hls/hls_pfb/pfb_top.cpp:48) on port 'gmem' (/home/brett/Documents/FX_Correlator/hls/hls_pfb/pfb_compute.cpp:30->/home/brett/Documents/FX_Correlator/hls/hls_pfb/pfb_top.cpp:48).
Resolution: For help on HLS 200-880 see docs.xilinx.com/access/sources/dita/topic?Doc_Version=2023.2%20English&url=ug1448-hls-guidance&resourceid=200-880.html
WARNING: [HLS 200-880] The II Violation in module 'pfb_multichannel' (function 'pfb_multichannel'): Unable to enforce a carried dependence constraint (II = 130, distance = 1, offset = 1) between bus read operation ('gmem_addr_read_4095', /home/brett/Documents/FX_Correlator/hls/hls_pfb/pfb_compute.cpp:30->/home/brett/Documents/FX_Correlator/hls/hls_pfb/pfb_top.cpp:48) on port 'gmem' (/home/brett/Documents/FX_Correlator/hls/hls_pfb/pfb_compute.cpp:30->/home/brett/Documents/FX_Correlator/hls/hls_pfb/pfb_top.cpp:48) and bus read operation ('gmem_addr_read', /home/brett/Documents/FX_Correlator/hls/hls_pfb/pfb_compute.cpp:30->/home/brett/Documents/FX_Correlator/hls/hls_pfb/pfb_top.cpp:48) on port 'gmem' (/home/brett/Documents/FX_Correlator/hls/hls_pfb/pfb_compute.cpp:30->/home/brett/Documents/FX_Correlator/hls/hls_pfb/pfb_top.cpp:48).
Resolution: For help on HLS 200-880 see docs.xilinx.com/access/sources/dita/topic?Doc_Version=2023.2%20English&url=ug1448-hls-guidance&resourceid=200-880.html
WARNING: [HLS 200-880] The II Violation in module 'pfb_multichannel' (function 'pfb_multichannel'): Unable to enforce a carried dependence constraint (II = 193, distance = 1, offset = 1) between bus read operation ('gmem_addr_read_4095', /home/brett/Documents/FX_Correlator/hls/hls_pfb/pfb_compute.cpp:30->/home/brett/Documents/FX_Correlator/hls/hls_pfb/pfb_top.cpp:48) on port 'gmem' (/home/brett/Documents/FX_Correlator/hls/hls_pfb/pfb_compute.cpp:30->/home/brett/Documents/FX_Correlator/hls/hls_pfb/pfb_top.cpp:48) and bus read operation ('gmem_addr_read', /home/brett/Documents/FX_Correlator/hls/hls_pfb/pfb_compute.cpp:30->/home/brett/Documents/FX_Correlator/hls/hls_pfb/pfb_top.cpp:48) on port 'gmem' (/home/brett/Documents/FX_Correlator/hls/hls_pfb/pfb_compute.cpp:30->/home/brett/Documents/FX_Correlator/hls/hls_pfb/pfb_top.cpp:48).
Resolution: For help on HLS 200-880 see docs.xilinx.com/access/sources/dita/topic?Doc_Version=2023.2%20English&url=ug1448-hls-guidance&resourceid=200-880.html
WARNING: [HLS 200-880] The II Violation in module 'pfb_multichannel' (function 'pfb_multichannel'): Unable to enforce a carried dependence constraint (II = 225, distance = 1, offset = 1) between bus read operation ('gmem_addr_read_4095', /home/brett/Documents/FX_Correlator/hls/hls_pfb/pfb_compute.cpp:30->/home/brett/Documents/FX_Correlator/hls/hls_pfb/pfb_top.cpp:48) on port 'gmem' (/home/brett/Documents/FX_Correlator/hls/hls_pfb/pfb_compute.cpp:30->/home/brett/Documents/FX_Correlator/hls/hls_pfb/pfb_top.cpp:48) and bus read operation ('gmem_addr_read', /home/brett/Documents/FX_Correlator/hls/hls_pfb/pfb_compute.cpp:30->/home/brett/Documents/FX_Correlator/hls/hls_pfb/pfb_top.cpp:48) on port 'gmem' (/home/brett/Documents/FX_Correlator/hls/hls_pfb/pfb_compute.cpp:30->/home/brett/Documents/FX_Correlator/hls/hls_pfb/pfb_top.cpp:48).
Resolution: For help on HLS 200-880 see docs.xilinx.com/access/sources/dita/topic?Doc_Version=2023.2%20English&url=ug1448-hls-guidance&resourceid=200-880.html
WARNING: [HLS 200-880] The II Violation in module 'pfb_multichannel' (function 'pfb_multichannel'): Unable to enforce a carried dependence constraint (II = 241, distance = 1, offset = 1) between bus read operation ('gmem_addr_read_4095', /home/brett/Documents/FX_Correlator/hls/hls_pfb/pfb_compute.cpp:30->/home/brett/Documents/FX_Correlator/hls/hls_pfb/pfb_top.cpp:48) on port 'gmem' (/home/brett/Documents/FX_Correlator/hls/hls_pfb/pfb_compute.cpp:30->/home/brett/Documents/FX_Correlator/hls/hls_pfb/pfb_top.cpp:48) and bus read operation ('gmem_addr_read', /home/brett/Documents/FX_Correlator/hls/hls_pfb/pfb_compute.cpp:30->/home/brett/Documents/FX_Correlator/hls/hls_pfb/pfb_top.cpp:48) on port 'gmem' (/home/brett/Documents/FX_Correlator/hls/hls_pfb/pfb_compute.cpp:30->/home/brett/Documents/FX_Correlator/hls/hls_pfb/pfb_top.cpp:48).
Resolution: For help on HLS 200-880 see docs.xilinx.com/access/sources/dita/topic?Doc_Version=2023.2%20English&url=ug1448-hls-guidance&resourceid=200-880.html
WARNING: [HLS 200-880] The II Violation in module 'pfb_multichannel' (function 'pfb_multichannel'): Unable to enforce a carried dependence constraint (II = 249, distance = 1, offset = 1) between bus read operation ('gmem_addr_read_4095', /home/brett/Documents/FX_Correlator/hls/hls_pfb/pfb_compute.cpp:30->/home/brett/Documents/FX_Correlator/hls/hls_pfb/pfb_top.cpp:48) on port 'gmem' (/home/brett/Documents/FX_Correlator/hls/hls_pfb/pfb_compute.cpp:30->/home/brett/Documents/FX_Correlator/hls/hls_pfb/pfb_top.cpp:48) and bus read operation ('gmem_addr_read', /home/brett/Documents/FX_Correlator/hls/hls_pfb/pfb_compute.cpp:30->/home/brett/Documents/FX_Correlator/hls/hls_pfb/pfb_top.cpp:48) on port 'gmem' (/home/brett/Documents/FX_Correlator/hls/hls_pfb/pfb_compute.cpp:30->/home/brett/Documents/FX_Correlator/hls/hls_pfb/pfb_top.cpp:48).
Resolution: For help on HLS 200-880 see docs.xilinx.com/access/sources/dita/topic?Doc_Version=2023.2%20English&url=ug1448-hls-guidance&resourceid=200-880.html
WARNING: [HLS 200-880] The II Violation in module 'pfb_multichannel' (function 'pfb_multichannel'): Unable to enforce a carried dependence constraint (II = 253, distance = 1, offset = 1) between bus read operation ('gmem_addr_read_4095', /home/brett/Documents/FX_Correlator/hls/hls_pfb/pfb_compute.cpp:30->/home/brett/Documents/FX_Correlator/hls/hls_pfb/pfb_top.cpp:48) on port 'gmem' (/home/brett/Documents/FX_Correlator/hls/hls_pfb/pfb_compute.cpp:30->/home/brett/Documents/FX_Correlator/hls/hls_pfb/pfb_top.cpp:48) and bus read operation ('gmem_addr_read', /home/brett/Documents/FX_Correlator/hls/hls_pfb/pfb_compute.cpp:30->/home/brett/Documents/FX_Correlator/hls/hls_pfb/pfb_top.cpp:48) on port 'gmem' (/home/brett/Documents/FX_Correlator/hls/hls_pfb/pfb_compute.cpp:30->/home/brett/Documents/FX_Correlator/hls/hls_pfb/pfb_top.cpp:48).
Resolution: For help on HLS 200-880 see docs.xilinx.com/access/sources/dita/topic?Doc_Version=2023.2%20English&url=ug1448-hls-guidance&resourceid=200-880.html
WARNING: [HLS 200-880] The II Violation in module 'pfb_multichannel' (function 'pfb_multichannel'): Unable to enforce a carried dependence constraint (II = 255, distance = 1, offset = 1) between bus read operation ('gmem_addr_read_4095', /home/brett/Documents/FX_Correlator/hls/hls_pfb/pfb_compute.cpp:30->/home/brett/Documents/FX_Correlator/hls/hls_pfb/pfb_top.cpp:48) on port 'gmem' (/home/brett/Documents/FX_Correlator/hls/hls_pfb/pfb_compute.cpp:30->/home/brett/Documents/FX_Correlator/hls/hls_pfb/pfb_top.cpp:48) and bus read operation ('gmem_addr_read', /home/brett/Documents/FX_Correlator/hls/hls_pfb/pfb_compute.cpp:30->/home/brett/Documents/FX_Correlator/hls/hls_pfb/pfb_top.cpp:48) on port 'gmem' (/home/brett/Documents/FX_Correlator/hls/hls_pfb/pfb_compute.cpp:30->/home/brett/Documents/FX_Correlator/hls/hls_pfb/pfb_top.cpp:48).
Resolution: For help on HLS 200-880 see docs.xilinx.com/access/sources/dita/topic?Doc_Version=2023.2%20English&url=ug1448-hls-guidance&resourceid=200-880.html
WARNING: [HLS 200-880] The II Violation in module 'pfb_multichannel' (function 'pfb_multichannel'): Unable to enforce a carried dependence constraint (II = 256, distance = 1, offset = 1) between bus read operation ('gmem_addr_read_4095', /home/brett/Documents/FX_Correlator/hls/hls_pfb/pfb_compute.cpp:30->/home/brett/Documents/FX_Correlator/hls/hls_pfb/pfb_top.cpp:48) on port 'gmem' (/home/brett/Documents/FX_Correlator/hls/hls_pfb/pfb_compute.cpp:30->/home/brett/Documents/FX_Correlator/hls/hls_pfb/pfb_top.cpp:48) and bus read operation ('gmem_addr_read', /home/brett/Documents/FX_Correlator/hls/hls_pfb/pfb_compute.cpp:30->/home/brett/Documents/FX_Correlator/hls/hls_pfb/pfb_top.cpp:48) on port 'gmem' (/home/brett/Documents/FX_Correlator/hls/hls_pfb/pfb_compute.cpp:30->/home/brett/Documents/FX_Correlator/hls/hls_pfb/pfb_top.cpp:48).
Resolution: For help on HLS 200-880 see docs.xilinx.com/access/sources/dita/topic?Doc_Version=2023.2%20English&url=ug1448-hls-guidance&resourceid=200-880.html
INFO: [SCHED 204-61] Unable to satisfy pipeline directive for function 'pfb_multichannel': unable to pipeline.
INFO: [SCHED 204-61] Pipelining function 'pfb_multichannel'.
WARNING: [HLS 200-880] The II Violation in module 'pfb_multichannel' (function 'pfb_multichannel'): Unable to enforce a carried dependence constraint (II = 1, distance = 1, offset = 1) between bus read operation ('gmem_addr_read_4095', /home/brett/Documents/FX_Correlator/hls/hls_pfb/pfb_compute.cpp:30->/home/brett/Documents/FX_Correlator/hls/hls_pfb/pfb_top.cpp:48) on port 'gmem' (/home/brett/Documents/FX_Correlator/hls/hls_pfb/pfb_compute.cpp:30->/home/brett/Documents/FX_Correlator/hls/hls_pfb/pfb_top.cpp:48) and bus read operation ('gmem_addr_read', /home/brett/Documents/FX_Correlator/hls/hls_pfb/pfb_compute.cpp:30->/home/brett/Documents/FX_Correlator/hls/hls_pfb/pfb_top.cpp:48) on port 'gmem' (/home/brett/Documents/FX_Correlator/hls/hls_pfb/pfb_compute.cpp:30->/home/brett/Documents/FX_Correlator/hls/hls_pfb/pfb_top.cpp:48).
Resolution: For help on HLS 200-880 see docs.xilinx.com/access/sources/dita/topic?Doc_Version=2023.2%20English&url=ug1448-hls-guidance&resourceid=200-880.html
WARNING: [HLS 200-880] The II Violation in module 'pfb_multichannel' (function 'pfb_multichannel'): Unable to enforce a carried dependence constraint (II = 2, distance = 1, offset = 1) between bus read operation ('gmem_addr_read_4095', /home/brett/Documents/FX_Correlator/hls/hls_pfb/pfb_compute.cpp:30->/home/brett/Documents/FX_Correlator/hls/hls_pfb/pfb_top.cpp:48) on port 'gmem' (/home/brett/Documents/FX_Correlator/hls/hls_pfb/pfb_compute.cpp:30->/home/brett/Documents/FX_Correlator/hls/hls_pfb/pfb_top.cpp:48) and bus read operation ('gmem_addr_read', /home/brett/Documents/FX_Correlator/hls/hls_pfb/pfb_compute.cpp:30->/home/brett/Documents/FX_Correlator/hls/hls_pfb/pfb_top.cpp:48) on port 'gmem' (/home/brett/Documents/FX_Correlator/hls/hls_pfb/pfb_compute.cpp:30->/home/brett/Documents/FX_Correlator/hls/hls_pfb/pfb_top.cpp:48).
Resolution: For help on HLS 200-880 see docs.xilinx.com/access/sources/dita/topic?Doc_Version=2023.2%20English&url=ug1448-hls-guidance&resourceid=200-880.html
WARNING: [HLS 200-880] The II Violation in module 'pfb_multichannel' (function 'pfb_multichannel'): Unable to enforce a carried dependence constraint (II = 3, distance = 1, offset = 1) between bus read operation ('gmem_addr_read_4095', /home/brett/Documents/FX_Correlator/hls/hls_pfb/pfb_compute.cpp:30->/home/brett/Documents/FX_Correlator/hls/hls_pfb/pfb_top.cpp:48) on port 'gmem' (/home/brett/Documents/FX_Correlator/hls/hls_pfb/pfb_compute.cpp:30->/home/brett/Documents/FX_Correlator/hls/hls_pfb/pfb_top.cpp:48) and bus read operation ('gmem_addr_read', /home/brett/Documents/FX_Correlator/hls/hls_pfb/pfb_compute.cpp:30->/home/brett/Documents/FX_Correlator/hls/hls_pfb/pfb_top.cpp:48) on port 'gmem' (/home/brett/Documents/FX_Correlator/hls/hls_pfb/pfb_compute.cpp:30->/home/brett/Documents/FX_Correlator/hls/hls_pfb/pfb_top.cpp:48).
Resolution: For help on HLS 200-880 see docs.xilinx.com/access/sources/dita/topic?Doc_Version=2023.2%20English&url=ug1448-hls-guidance&resourceid=200-880.html
WARNING: [HLS 200-880] The II Violation in module 'pfb_multichannel' (function 'pfb_multichannel'): Unable to enforce a carried dependence constraint (II = 4, distance = 1, offset = 1) between bus read operation ('gmem_addr_read_4095', /home/brett/Documents/FX_Correlator/hls/hls_pfb/pfb_compute.cpp:30->/home/brett/Documents/FX_Correlator/hls/hls_pfb/pfb_top.cpp:48) on port 'gmem' (/home/brett/Documents/FX_Correlator/hls/hls_pfb/pfb_compute.cpp:30->/home/brett/Documents/FX_Correlator/hls/hls_pfb/pfb_top.cpp:48) and bus read operation ('gmem_addr_read', /home/brett/Documents/FX_Correlator/hls/hls_pfb/pfb_compute.cpp:30->/home/brett/Documents/FX_Correlator/hls/hls_pfb/pfb_top.cpp:48) on port 'gmem' (/home/brett/Documents/FX_Correlator/hls/hls_pfb/pfb_compute.cpp:30->/home/brett/Documents/FX_Correlator/hls/hls_pfb/pfb_top.cpp:48).
Resolution: For help on HLS 200-880 see docs.xilinx.com/access/sources/dita/topic?Doc_Version=2023.2%20English&url=ug1448-hls-guidance&resourceid=200-880.html
WARNING: [HLS 200-880] The II Violation in module 'pfb_multichannel' (function 'pfb_multichannel'): Unable to enforce a carried dependence constraint (II = 130, distance = 1, offset = 1) between bus read operation ('gmem_addr_read_4095', /home/brett/Documents/FX_Correlator/hls/hls_pfb/pfb_compute.cpp:30->/home/brett/Documents/FX_Correlator/hls/hls_pfb/pfb_top.cpp:48) on port 'gmem' (/home/brett/Documents/FX_Correlator/hls/hls_pfb/pfb_compute.cpp:30->/home/brett/Documents/FX_Correlator/hls/hls_pfb/pfb_top.cpp:48) and bus read operation ('gmem_addr_read', /home/brett/Documents/FX_Correlator/hls/hls_pfb/pfb_compute.cpp:30->/home/brett/Documents/FX_Correlator/hls/hls_pfb/pfb_top.cpp:48) on port 'gmem' (/home/brett/Documents/FX_Correlator/hls/hls_pfb/pfb_compute.cpp:30->/home/brett/Documents/FX_Correlator/hls/hls_pfb/pfb_top.cpp:48).
Resolution: For help on HLS 200-880 see docs.xilinx.com/access/sources/dita/topic?Doc_Version=2023.2%20English&url=ug1448-hls-guidance&resourceid=200-880.html
WARNING: [HLS 200-880] The II Violation in module 'pfb_multichannel' (function 'pfb_multichannel'): Unable to enforce a carried dependence constraint (II = 193, distance = 1, offset = 1) between bus read operation ('gmem_addr_read_4095', /home/brett/Documents/FX_Correlator/hls/hls_pfb/pfb_compute.cpp:30->/home/brett/Documents/FX_Correlator/hls/hls_pfb/pfb_top.cpp:48) on port 'gmem' (/home/brett/Documents/FX_Correlator/hls/hls_pfb/pfb_compute.cpp:30->/home/brett/Documents/FX_Correlator/hls/hls_pfb/pfb_top.cpp:48) and bus read operation ('gmem_addr_read', /home/brett/Documents/FX_Correlator/hls/hls_pfb/pfb_compute.cpp:30->/home/brett/Documents/FX_Correlator/hls/hls_pfb/pfb_top.cpp:48) on port 'gmem' (/home/brett/Documents/FX_Correlator/hls/hls_pfb/pfb_compute.cpp:30->/home/brett/Documents/FX_Correlator/hls/hls_pfb/pfb_top.cpp:48).
Resolution: For help on HLS 200-880 see docs.xilinx.com/access/sources/dita/topic?Doc_Version=2023.2%20English&url=ug1448-hls-guidance&resourceid=200-880.html
WARNING: [HLS 200-880] The II Violation in module 'pfb_multichannel' (function 'pfb_multichannel'): Unable to enforce a carried dependence constraint (II = 225, distance = 1, offset = 1) between bus read operation ('gmem_addr_read_4095', /home/brett/Documents/FX_Correlator/hls/hls_pfb/pfb_compute.cpp:30->/home/brett/Documents/FX_Correlator/hls/hls_pfb/pfb_top.cpp:48) on port 'gmem' (/home/brett/Documents/FX_Correlator/hls/hls_pfb/pfb_compute.cpp:30->/home/brett/Documents/FX_Correlator/hls/hls_pfb/pfb_top.cpp:48) and bus read operation ('gmem_addr_read', /home/brett/Documents/FX_Correlator/hls/hls_pfb/pfb_compute.cpp:30->/home/brett/Documents/FX_Correlator/hls/hls_pfb/pfb_top.cpp:48) on port 'gmem' (/home/brett/Documents/FX_Correlator/hls/hls_pfb/pfb_compute.cpp:30->/home/brett/Documents/FX_Correlator/hls/hls_pfb/pfb_top.cpp:48).
Resolution: For help on HLS 200-880 see docs.xilinx.com/access/sources/dita/topic?Doc_Version=2023.2%20English&url=ug1448-hls-guidance&resourceid=200-880.html
WARNING: [HLS 200-880] The II Violation in module 'pfb_multichannel' (function 'pfb_multichannel'): Unable to enforce a carried dependence constraint (II = 241, distance = 1, offset = 1) between bus read operation ('gmem_addr_read_4095', /home/brett/Documents/FX_Correlator/hls/hls_pfb/pfb_compute.cpp:30->/home/brett/Documents/FX_Correlator/hls/hls_pfb/pfb_top.cpp:48) on port 'gmem' (/home/brett/Documents/FX_Correlator/hls/hls_pfb/pfb_compute.cpp:30->/home/brett/Documents/FX_Correlator/hls/hls_pfb/pfb_top.cpp:48) and bus read operation ('gmem_addr_read', /home/brett/Documents/FX_Correlator/hls/hls_pfb/pfb_compute.cpp:30->/home/brett/Documents/FX_Correlator/hls/hls_pfb/pfb_top.cpp:48) on port 'gmem' (/home/brett/Documents/FX_Correlator/hls/hls_pfb/pfb_compute.cpp:30->/home/brett/Documents/FX_Correlator/hls/hls_pfb/pfb_top.cpp:48).
Resolution: For help on HLS 200-880 see docs.xilinx.com/access/sources/dita/topic?Doc_Version=2023.2%20English&url=ug1448-hls-guidance&resourceid=200-880.html
WARNING: [HLS 200-880] The II Violation in module 'pfb_multichannel' (function 'pfb_multichannel'): Unable to enforce a carried dependence constraint (II = 249, distance = 1, offset = 1) between bus read operation ('gmem_addr_read_4095', /home/brett/Documents/FX_Correlator/hls/hls_pfb/pfb_compute.cpp:30->/home/brett/Documents/FX_Correlator/hls/hls_pfb/pfb_top.cpp:48) on port 'gmem' (/home/brett/Documents/FX_Correlator/hls/hls_pfb/pfb_compute.cpp:30->/home/brett/Documents/FX_Correlator/hls/hls_pfb/pfb_top.cpp:48) and bus read operation ('gmem_addr_read', /home/brett/Documents/FX_Correlator/hls/hls_pfb/pfb_compute.cpp:30->/home/brett/Documents/FX_Correlator/hls/hls_pfb/pfb_top.cpp:48) on port 'gmem' (/home/brett/Documents/FX_Correlator/hls/hls_pfb/pfb_compute.cpp:30->/home/brett/Documents/FX_Correlator/hls/hls_pfb/pfb_top.cpp:48).
Resolution: For help on HLS 200-880 see docs.xilinx.com/access/sources/dita/topic?Doc_Version=2023.2%20English&url=ug1448-hls-guidance&resourceid=200-880.html
WARNING: [HLS 200-880] The II Violation in module 'pfb_multichannel' (function 'pfb_multichannel'): Unable to enforce a carried dependence constraint (II = 253, distance = 1, offset = 1) between bus read operation ('gmem_addr_read_4095', /home/brett/Documents/FX_Correlator/hls/hls_pfb/pfb_compute.cpp:30->/home/brett/Documents/FX_Correlator/hls/hls_pfb/pfb_top.cpp:48) on port 'gmem' (/home/brett/Documents/FX_Correlator/hls/hls_pfb/pfb_compute.cpp:30->/home/brett/Documents/FX_Correlator/hls/hls_pfb/pfb_top.cpp:48) and bus read operation ('gmem_addr_read', /home/brett/Documents/FX_Correlator/hls/hls_pfb/pfb_compute.cpp:30->/home/brett/Documents/FX_Correlator/hls/hls_pfb/pfb_top.cpp:48) on port 'gmem' (/home/brett/Documents/FX_Correlator/hls/hls_pfb/pfb_compute.cpp:30->/home/brett/Documents/FX_Correlator/hls/hls_pfb/pfb_top.cpp:48).
Resolution: For help on HLS 200-880 see docs.xilinx.com/access/sources/dita/topic?Doc_Version=2023.2%20English&url=ug1448-hls-guidance&resourceid=200-880.html
WARNING: [HLS 200-880] The II Violation in module 'pfb_multichannel' (function 'pfb_multichannel'): Unable to enforce a carried dependence constraint (II = 255, distance = 1, offset = 1) between bus read operation ('gmem_addr_read_4095', /home/brett/Documents/FX_Correlator/hls/hls_pfb/pfb_compute.cpp:30->/home/brett/Documents/FX_Correlator/hls/hls_pfb/pfb_top.cpp:48) on port 'gmem' (/home/brett/Documents/FX_Correlator/hls/hls_pfb/pfb_compute.cpp:30->/home/brett/Documents/FX_Correlator/hls/hls_pfb/pfb_top.cpp:48) and bus read operation ('gmem_addr_read', /home/brett/Documents/FX_Correlator/hls/hls_pfb/pfb_compute.cpp:30->/home/brett/Documents/FX_Correlator/hls/hls_pfb/pfb_top.cpp:48) on port 'gmem' (/home/brett/Documents/FX_Correlator/hls/hls_pfb/pfb_compute.cpp:30->/home/brett/Documents/FX_Correlator/hls/hls_pfb/pfb_top.cpp:48).
Resolution: For help on HLS 200-880 see docs.xilinx.com/access/sources/dita/topic?Doc_Version=2023.2%20English&url=ug1448-hls-guidance&resourceid=200-880.html
WARNING: [HLS 200-880] The II Violation in module 'pfb_multichannel' (function 'pfb_multichannel'): Unable to enforce a carried dependence constraint (II = 256, distance = 1, offset = 1) between bus read operation ('gmem_addr_read_4095', /home/brett/Documents/FX_Correlator/hls/hls_pfb/pfb_compute.cpp:30->/home/brett/Documents/FX_Correlator/hls/hls_pfb/pfb_top.cpp:48) on port 'gmem' (/home/brett/Documents/FX_Correlator/hls/hls_pfb/pfb_compute.cpp:30->/home/brett/Documents/FX_Correlator/hls/hls_pfb/pfb_top.cpp:48) and bus read operation ('gmem_addr_read', /home/brett/Documents/FX_Correlator/hls/hls_pfb/pfb_compute.cpp:30->/home/brett/Documents/FX_Correlator/hls/hls_pfb/pfb_top.cpp:48) on port 'gmem' (/home/brett/Documents/FX_Correlator/hls/hls_pfb/pfb_compute.cpp:30->/home/brett/Documents/FX_Correlator/hls/hls_pfb/pfb_top.cpp:48).
Resolution: For help on HLS 200-880 see docs.xilinx.com/access/sources/dita/topic?Doc_Version=2023.2%20English&url=ug1448-hls-guidance&resourceid=200-880.html
INFO: [SCHED 204-61] Unable to satisfy pipeline directive for function 'pfb_multichannel': unable to pipeline.
INFO: [SCHED 204-11] Finished scheduling.
INFO: [HLS 200-111] Finished Scheduling: CPU user time: 279.44 seconds. CPU system time: 0.02 seconds. Elapsed time: 279.58 seconds; current allocated memory: 1.355 GB.
INFO: [BIND 205-100] Starting micro-architecture generation ...
INFO: [BIND 205-101] Performing variable lifetime analysis.
INFO: [BIND 205-101] Exploring resource sharing.
INFO: [BIND 205-101] Binding ...
INFO: [BIND 205-100] Finished micro-architecture generation.
INFO: [HLS 200-111] Finished Binding: CPU user time: 21.72 seconds. CPU system time: 0.02 seconds. Elapsed time: 21.75 seconds; current allocated memory: 1.421 GB.
INFO: [HLS 200-10] ----------------------------------------------------------------
INFO: [HLS 200-10] -- Generating RTL for module 'pfb_multichannel' 
INFO: [HLS 200-10] ----------------------------------------------------------------
WARNING: [RTGEN 206-101] Design contains AXI ports. Reset is fixed to synchronous and active low.
INFO: [RTGEN 206-500] Setting interface mode on port 'pfb_multichannel/gmem' to 'm_axi'.
INFO: [RTGEN 206-500] Setting interface mode on port 'pfb_multichannel/din_data_i0' to 'axis' (register, both mode).
INFO: [RTGEN 206-500] Setting interface mode on port 'pfb_multichannel/din_data_q0' to 'axis' (register, both mode).
INFO: [RTGEN 206-500] Setting interface mode on port 'pfb_multichannel/din_data_i1' to 'axis' (register, both mode).
INFO: [RTGEN 206-500] Setting interface mode on port 'pfb_multichannel/din_data_q1' to 'axis' (register, both mode).
INFO: [RTGEN 206-500] Setting interface mode on port 'pfb_multichannel/din_data_i2' to 'axis' (register, both mode).
INFO: [RTGEN 206-500] Setting interface mode on port 'pfb_multichannel/din_data_q2' to 'axis' (register, both mode).
INFO: [RTGEN 206-500] Setting interface mode on port 'pfb_multichannel/din_data_i3' to 'axis' (register, both mode).
INFO: [RTGEN 206-500] Setting interface mode on port 'pfb_multichannel/din_data_q3' to 'axis' (register, both mode).
INFO: [RTGEN 206-500] Setting interface mode on port 'pfb_multichannel/dout_data_0' to 'axis' (register, both mode).
INFO: [RTGEN 206-500] Setting interface mode on port 'pfb_multichannel/dout_data_1' to 'axis' (register, both mode).
INFO: [RTGEN 206-500] Setting interface mode on port 'pfb_multichannel/dout_data_2' to 'axis' (register, both mode).
INFO: [RTGEN 206-500] Setting interface mode on port 'pfb_multichannel/dout_data_3' to 'axis' (register, both mode).
INFO: [RTGEN 206-500] Setting interface mode on port 'pfb_multichannel/coeff' to 's_axilite & ap_none'.
INFO: [RTGEN 206-500] Setting interface mode on function 'pfb_multichannel' to 's_axilite & ap_ctrl_hs'.
WARNING: [RTGEN 206-101] Register 'coeff_loaded' is power-on initialization.
WARNING: [RTGEN 206-101] Register 'write_bank_idx' is power-on initialization.
WARNING: [RTGEN 206-101] Register 'sample_idx' is power-on initialization.
INFO: [RTGEN 206-100] Bundling port 'return' to AXI-Lite port control.
INFO: [RTGEN 206-100] Bundling port 'coeff' to AXI-Lite port control_r.
INFO: [RTGEN 206-100] Generating core module 'mac_muladd_16s_16s_32s_33_4_1': 8 instance(s).
INFO: [RTGEN 206-100] Generating core module 'mac_muladd_16s_16s_33s_33_4_1': 8 instance(s).
INFO: [RTGEN 206-100] Generating core module 'mul_16s_16s_32_1_1': 16 instance(s).
INFO: [RTGEN 206-100] Generating core module 'sparsemux_9_2_16_1_1': 24 instance(s).
INFO: [RTGEN 206-100] Finished creating RTL model for 'pfb_multichannel'.
INFO: [RTMG 210-278] Implementing memory 'pfb_multichannel_compute_pfb_stream_stream_ap_fixed_const_bool_local_coeffs_3_RAM_AUTO_1R1W' using auto RAMs.
INFO: [RTMG 210-278] Implementing memory 'pfb_multichannel_compute_pfb_stream_stream_ap_fixed_const_bool_branch_memory_31_RAM_1P_BRAM_1R1W' using block RAMs.
INFO: [RTMG 210-285] Implementing FIFO 'stream_read_to_compute_U(pfb_multichannel_fifo_w128_d2_S)' using Shift Registers.
INFO: [RTMG 210-285] Implementing FIFO 'stream_compute_to_fft_U(pfb_multichannel_fifo_w128_d2_S)' using Shift Registers.
INFO: [HLS 200-111] Finished Creating RTL model: CPU user time: 33.43 seconds. CPU system time: 0.15 seconds. Elapsed time: 33.6 seconds; current allocated memory: 1.711 GB.
INFO: [HLS 200-111] Finished Generating all RTL models: CPU user time: 3.15 seconds. CPU system time: 0.12 seconds. Elapsed time: 3.28 seconds; current allocated memory: 1.835 GB.
INFO: [HLS 200-1603] Design has inferred MAXI bursts and missed bursts, see Vitis HLS GUI synthesis summary report for detailed information.
INFO: [HLS 200-111] Finished Updating report files: CPU user time: 2.14 seconds. CPU system time: 0.02 seconds. Elapsed time: 2.17 seconds; current allocated memory: 1.861 GB.
INFO: [VHDL 208-304] Generating VHDL RTL for pfb_multichannel.
INFO: [VLOG 209-307] Generating Verilog RTL for pfb_multichannel.
INFO: [HLS 200-789] **** Estimated Fmax: 136.99 MHz
INFO: [HLS 200-111] Finished Command csynth_design CPU user time: 420.91 seconds. CPU system time: 1.77 seconds. Elapsed time: 425.41 seconds; current allocated memory: 1.593 GB.
INFO: [HLS 200-1510] Running: close_project 
INFO: [HLS 200-112] Total CPU user time: 421.77 seconds. Total CPU system time: 1.85 seconds. Total elapsed time: 426.29 seconds; peak allocated memory: 1.861 GB.
INFO: [Common 17-206] Exiting vitis_hls at Tue Jan 13 14:19:48 2026...
INFO: [v++ 60-791] Total elapsed time: 0h 7m 9s
